000 (878357.000.000) 10/30 10:29:09 Job submitted from host: <128.120.80.20:33339>
...
001 (878357.000.000) 10/30 10:29:28 Job executing on host: <10.8.255.25:34903>
...
006 (878357.000.000) 10/30 10:29:37 Image size of job updated: 11332
	2  -  MemoryUsage of job (MB)
	1144  -  ResidentSetSize of job (KB)
...
006 (878357.000.000) 10/30 10:34:38 Image size of job updated: 749660
	512  -  MemoryUsage of job (MB)
	523920  -  ResidentSetSize of job (KB)
...
006 (878357.000.000) 10/30 10:39:39 Image size of job updated: 783196
	533  -  MemoryUsage of job (MB)
	544992  -  ResidentSetSize of job (KB)
...
006 (878357.000.000) 10/30 10:44:39 Image size of job updated: 783196
	542  -  MemoryUsage of job (MB)
	554880  -  ResidentSetSize of job (KB)
...
006 (878357.000.000) 10/30 10:49:39 Image size of job updated: 795996
	542  -  MemoryUsage of job (MB)
	554880  -  ResidentSetSize of job (KB)
...
006 (878357.000.000) 10/30 10:59:41 Image size of job updated: 796000
	551  -  MemoryUsage of job (MB)
	564020  -  ResidentSetSize of job (KB)
...
005 (878357.000.000) 10/30 11:01:01 Job terminated.
	(1) Normal termination (return value 0)
		Usr 0 00:13:44, Sys 0 00:01:04  -  Run Remote Usage
		Usr 0 00:00:00, Sys 0 00:00:00  -  Run Local Usage
		Usr 0 00:13:44, Sys 0 00:01:04  -  Total Remote Usage
		Usr 0 00:00:00, Sys 0 00:00:00  -  Total Local Usage
	0  -  Run Bytes Sent By Job
	0  -  Run Bytes Received By Job
	0  -  Total Bytes Sent By Job
	0  -  Total Bytes Received By Job
	Partitionable Resources :    Usage  Request          
	   Cpus                 :                 1          
	   Disk (KB)            :        1        1          
	   Memory (MB)          :      551      551          
...
