000 (878394.000.000) 10/30 10:29:17 Job submitted from host: <128.120.80.20:33339>
...
001 (878394.000.000) 10/30 10:29:31 Job executing on host: <10.8.254.1:36435>
...
006 (878394.000.000) 10/30 10:29:40 Image size of job updated: 11332
	2  -  MemoryUsage of job (MB)
	1140  -  ResidentSetSize of job (KB)
...
006 (878394.000.000) 10/30 10:34:41 Image size of job updated: 767324
	564  -  MemoryUsage of job (MB)
	577252  -  ResidentSetSize of job (KB)
...
006 (878394.000.000) 10/30 10:37:29 Image size of job updated: 768860
	564  -  MemoryUsage of job (MB)
	577252  -  ResidentSetSize of job (KB)
...
005 (878394.000.000) 10/30 10:37:29 Job terminated.
	(1) Normal termination (return value 0)
		Usr 0 00:03:21, Sys 0 00:00:07  -  Run Remote Usage
		Usr 0 00:00:00, Sys 0 00:00:00  -  Run Local Usage
		Usr 0 00:03:21, Sys 0 00:00:07  -  Total Remote Usage
		Usr 0 00:00:00, Sys 0 00:00:00  -  Total Local Usage
	0  -  Run Bytes Sent By Job
	0  -  Run Bytes Received By Job
	0  -  Total Bytes Sent By Job
	0  -  Total Bytes Received By Job
	Partitionable Resources :    Usage  Request          
	   Cpus                 :                 1          
	   Disk (KB)            :        1        1          
	   Memory (MB)          :      564      564          
...
