000 (878348.000.000) 10/30 10:29:07 Job submitted from host: <128.120.80.20:33339>
...
001 (878348.000.000) 10/30 10:29:27 Job executing on host: <10.8.255.1:43794>
...
006 (878348.000.000) 10/30 10:29:36 Image size of job updated: 139160
	52  -  MemoryUsage of job (MB)
	53244  -  ResidentSetSize of job (KB)
...
006 (878348.000.000) 10/30 10:34:37 Image size of job updated: 777852
	578  -  MemoryUsage of job (MB)
	591188  -  ResidentSetSize of job (KB)
...
006 (878348.000.000) 10/30 10:39:38 Image size of job updated: 819836
	583  -  MemoryUsage of job (MB)
	596632  -  ResidentSetSize of job (KB)
...
005 (878348.000.000) 10/30 10:40:29 Job terminated.
	(1) Normal termination (return value 0)
		Usr 0 00:04:27, Sys 0 00:00:10  -  Run Remote Usage
		Usr 0 00:00:00, Sys 0 00:00:00  -  Run Local Usage
		Usr 0 00:04:27, Sys 0 00:00:10  -  Total Remote Usage
		Usr 0 00:00:00, Sys 0 00:00:00  -  Total Local Usage
	0  -  Run Bytes Sent By Job
	0  -  Run Bytes Received By Job
	0  -  Total Bytes Sent By Job
	0  -  Total Bytes Received By Job
	Partitionable Resources :    Usage  Request          
	   Cpus                 :                 1          
	   Disk (KB)            :        1        1          
	   Memory (MB)          :      583      583          
...
