000 (878364.000.000) 10/30 10:29:10 Job submitted from host: <128.120.80.20:33339>
...
001 (878364.000.000) 10/30 10:29:29 Job executing on host: <10.8.255.26:44412>
...
006 (878364.000.000) 10/30 10:29:38 Image size of job updated: 11332
	2  -  MemoryUsage of job (MB)
	1140  -  ResidentSetSize of job (KB)
...
006 (878364.000.000) 10/30 10:34:37 Image size of job updated: 772960
	511  -  MemoryUsage of job (MB)
	523216  -  ResidentSetSize of job (KB)
...
006 (878364.000.000) 10/30 10:39:37 Image size of job updated: 772960
	530  -  MemoryUsage of job (MB)
	542184  -  ResidentSetSize of job (KB)
...
006 (878364.000.000) 10/30 10:44:38 Image size of job updated: 776288
	533  -  MemoryUsage of job (MB)
	544992  -  ResidentSetSize of job (KB)
...
006 (878364.000.000) 10/30 10:49:39 Image size of job updated: 777312
	546  -  MemoryUsage of job (MB)
	558544  -  ResidentSetSize of job (KB)
...
006 (878364.000.000) 10/30 10:54:39 Image size of job updated: 783200
	546  -  MemoryUsage of job (MB)
	558544  -  ResidentSetSize of job (KB)
...
006 (878364.000.000) 10/30 11:13:22 Image size of job updated: 784224
	546  -  MemoryUsage of job (MB)
	558544  -  ResidentSetSize of job (KB)
...
005 (878364.000.000) 10/30 11:13:22 Job terminated.
	(1) Normal termination (return value 0)
		Usr 0 00:21:46, Sys 0 00:01:29  -  Run Remote Usage
		Usr 0 00:00:00, Sys 0 00:00:00  -  Run Local Usage
		Usr 0 00:21:46, Sys 0 00:01:29  -  Total Remote Usage
		Usr 0 00:00:00, Sys 0 00:00:00  -  Total Local Usage
	0  -  Run Bytes Sent By Job
	0  -  Run Bytes Received By Job
	0  -  Total Bytes Sent By Job
	0  -  Total Bytes Received By Job
	Partitionable Resources :    Usage  Request          
	   Cpus                 :                 1          
	   Disk (KB)            :        1        1          
	   Memory (MB)          :      546      546          
...
