000 (878353.000.000) 10/30 10:29:08 Job submitted from host: <128.120.80.20:33339>
...
001 (878353.000.000) 10/30 10:29:27 Job executing on host: <10.8.255.7:35844>
...
006 (878353.000.000) 10/30 10:29:36 Image size of job updated: 61400
	10  -  MemoryUsage of job (MB)
	9348  -  ResidentSetSize of job (KB)
...
006 (878353.000.000) 10/30 10:34:36 Image size of job updated: 833912
	592  -  MemoryUsage of job (MB)
	605328  -  ResidentSetSize of job (KB)
...
006 (878353.000.000) 10/30 10:39:13 Image size of job updated: 840316
	592  -  MemoryUsage of job (MB)
	605328  -  ResidentSetSize of job (KB)
...
005 (878353.000.000) 10/30 10:39:13 Job terminated.
	(1) Normal termination (return value 0)
		Usr 0 00:04:24, Sys 0 00:00:18  -  Run Remote Usage
		Usr 0 00:00:00, Sys 0 00:00:00  -  Run Local Usage
		Usr 0 00:04:24, Sys 0 00:00:18  -  Total Remote Usage
		Usr 0 00:00:00, Sys 0 00:00:00  -  Total Local Usage
	0  -  Run Bytes Sent By Job
	0  -  Run Bytes Received By Job
	0  -  Total Bytes Sent By Job
	0  -  Total Bytes Received By Job
	Partitionable Resources :    Usage  Request          
	   Cpus                 :                 1          
	   Disk (KB)            :        1        1          
	   Memory (MB)          :      592      592          
...
