000 (878355.000.000) 10/30 10:29:09 Job submitted from host: <128.120.80.20:33339>
...
001 (878355.000.000) 10/30 10:29:28 Job executing on host: <10.8.255.7:35844>
...
006 (878355.000.000) 10/30 10:29:36 Image size of job updated: 61532
	10  -  MemoryUsage of job (MB)
	9512  -  ResidentSetSize of job (KB)
...
006 (878355.000.000) 10/30 10:34:36 Image size of job updated: 794236
	45  -  MemoryUsage of job (MB)
	45600  -  ResidentSetSize of job (KB)
...
006 (878355.000.000) 10/30 10:37:17 Image size of job updated: 807800
	45  -  MemoryUsage of job (MB)
	45600  -  ResidentSetSize of job (KB)
...
005 (878355.000.000) 10/30 10:37:17 Job terminated.
	(1) Normal termination (return value 0)
		Usr 0 00:03:09, Sys 0 00:00:13  -  Run Remote Usage
		Usr 0 00:00:00, Sys 0 00:00:00  -  Run Local Usage
		Usr 0 00:03:09, Sys 0 00:00:13  -  Total Remote Usage
		Usr 0 00:00:00, Sys 0 00:00:00  -  Total Local Usage
	0  -  Run Bytes Sent By Job
	0  -  Run Bytes Received By Job
	0  -  Total Bytes Sent By Job
	0  -  Total Bytes Received By Job
	Partitionable Resources :    Usage  Request          
	   Cpus                 :                 1          
	   Disk (KB)            :        1        1          
	   Memory (MB)          :       45       45          
...
