000 (878349.000.000) 10/30 10:29:08 Job submitted from host: <128.120.80.20:33339>
...
001 (878349.000.000) 10/30 10:29:27 Job executing on host: <10.8.255.4:33000>
...
006 (878349.000.000) 10/30 10:29:36 Image size of job updated: 1
	2  -  MemoryUsage of job (MB)
	1652  -  ResidentSetSize of job (KB)
...
006 (878349.000.000) 10/30 10:34:37 Image size of job updated: 779388
	533  -  MemoryUsage of job (MB)
	545072  -  ResidentSetSize of job (KB)
...
006 (878349.000.000) 10/30 10:39:31 Image size of job updated: 790396
	533  -  MemoryUsage of job (MB)
	545072  -  ResidentSetSize of job (KB)
...
005 (878349.000.000) 10/30 10:39:31 Job terminated.
	(1) Normal termination (return value 0)
		Usr 0 00:03:51, Sys 0 00:00:10  -  Run Remote Usage
		Usr 0 00:00:00, Sys 0 00:00:00  -  Run Local Usage
		Usr 0 00:03:51, Sys 0 00:00:10  -  Total Remote Usage
		Usr 0 00:00:00, Sys 0 00:00:00  -  Total Local Usage
	0  -  Run Bytes Sent By Job
	0  -  Run Bytes Received By Job
	0  -  Total Bytes Sent By Job
	0  -  Total Bytes Received By Job
	Partitionable Resources :    Usage  Request          
	   Cpus                 :                 1          
	   Disk (KB)            :        1        1          
	   Memory (MB)          :      533      533          
...
