000 (878390.000.000) 10/30 10:29:16 Job submitted from host: <128.120.80.20:33339>
...
001 (878390.000.000) 10/30 10:29:32 Job executing on host: <10.8.254.0:50598>
...
006 (878390.000.000) 10/30 10:29:41 Image size of job updated: 45328
	4  -  MemoryUsage of job (MB)
	3676  -  ResidentSetSize of job (KB)
...
006 (878390.000.000) 10/30 10:34:42 Image size of job updated: 646584
	406  -  MemoryUsage of job (MB)
	415312  -  ResidentSetSize of job (KB)
...
006 (878390.000.000) 10/30 10:39:43 Image size of job updated: 648888
	406  -  MemoryUsage of job (MB)
	415312  -  ResidentSetSize of job (KB)
...
006 (878390.000.000) 10/30 10:44:43 Image size of job updated: 652472
	410  -  MemoryUsage of job (MB)
	419140  -  ResidentSetSize of job (KB)
...
006 (878390.000.000) 10/30 10:49:44 Image size of job updated: 657080
	412  -  MemoryUsage of job (MB)
	421740  -  ResidentSetSize of job (KB)
...
006 (878390.000.000) 10/30 10:54:45 Image size of job updated: 657080
	414  -  MemoryUsage of job (MB)
	423264  -  ResidentSetSize of job (KB)
...
006 (878390.000.000) 10/30 11:24:47 Image size of job updated: 657592
	414  -  MemoryUsage of job (MB)
	423264  -  ResidentSetSize of job (KB)
...
005 (878390.000.000) 10/30 11:28:06 Job terminated.
	(1) Normal termination (return value 0)
		Usr 0 00:47:34, Sys 0 00:00:53  -  Run Remote Usage
		Usr 0 00:00:00, Sys 0 00:00:00  -  Run Local Usage
		Usr 0 00:47:34, Sys 0 00:00:53  -  Total Remote Usage
		Usr 0 00:00:00, Sys 0 00:00:00  -  Total Local Usage
	0  -  Run Bytes Sent By Job
	0  -  Run Bytes Received By Job
	0  -  Total Bytes Sent By Job
	0  -  Total Bytes Received By Job
	Partitionable Resources :    Usage  Request          
	   Cpus                 :                 1          
	   Disk (KB)            :        1        1          
	   Memory (MB)          :      414      414          
...
