000 (878386.000.000) 10/30 10:29:15 Job submitted from host: <128.120.80.20:33339>
...
001 (878386.000.000) 10/30 10:29:31 Job executing on host: <10.8.254.23:57583>
...
006 (878386.000.000) 10/30 10:29:39 Image size of job updated: 93048
	2  -  MemoryUsage of job (MB)
	1172  -  ResidentSetSize of job (KB)
...
006 (878386.000.000) 10/30 10:34:39 Image size of job updated: 672304
	406  -  MemoryUsage of job (MB)
	415180  -  ResidentSetSize of job (KB)
...
006 (878386.000.000) 10/30 10:39:40 Image size of job updated: 675632
	406  -  MemoryUsage of job (MB)
	415180  -  ResidentSetSize of job (KB)
...
006 (878386.000.000) 10/30 10:44:41 Image size of job updated: 679216
	413  -  MemoryUsage of job (MB)
	421980  -  ResidentSetSize of job (KB)
...
006 (878386.000.000) 10/30 10:49:41 Image size of job updated: 679216
	435  -  MemoryUsage of job (MB)
	444716  -  ResidentSetSize of job (KB)
...
006 (878386.000.000) 10/30 10:54:41 Image size of job updated: 702000
	435  -  MemoryUsage of job (MB)
	444716  -  ResidentSetSize of job (KB)
...
005 (878386.000.000) 10/30 11:16:28 Job terminated.
	(1) Normal termination (return value 0)
		Usr 0 00:30:29, Sys 0 00:02:54  -  Run Remote Usage
		Usr 0 00:00:00, Sys 0 00:00:00  -  Run Local Usage
		Usr 0 00:30:29, Sys 0 00:02:54  -  Total Remote Usage
		Usr 0 00:00:00, Sys 0 00:00:00  -  Total Local Usage
	0  -  Run Bytes Sent By Job
	0  -  Run Bytes Received By Job
	0  -  Total Bytes Sent By Job
	0  -  Total Bytes Received By Job
	Partitionable Resources :    Usage  Request          
	   Cpus                 :                 1          
	   Disk (KB)            :        1        1          
	   Memory (MB)          :      435      435          
...
