000 (878383.000.000) 10/30 10:29:15 Job submitted from host: <128.120.80.20:33339>
...
001 (878383.000.000) 10/30 10:29:30 Job executing on host: <10.8.254.23:57583>
...
006 (878383.000.000) 10/30 10:29:40 Image size of job updated: 93048
	2  -  MemoryUsage of job (MB)
	1168  -  ResidentSetSize of job (KB)
...
006 (878383.000.000) 10/30 10:34:40 Image size of job updated: 672820
	419  -  MemoryUsage of job (MB)
	428252  -  ResidentSetSize of job (KB)
...
006 (878383.000.000) 10/30 10:39:40 Image size of job updated: 688436
	421  -  MemoryUsage of job (MB)
	430644  -  ResidentSetSize of job (KB)
...
006 (878383.000.000) 10/30 10:44:41 Image size of job updated: 697908
	433  -  MemoryUsage of job (MB)
	442900  -  ResidentSetSize of job (KB)
...
006 (878383.000.000) 10/30 10:49:42 Image size of job updated: 705332
	443  -  MemoryUsage of job (MB)
	453148  -  ResidentSetSize of job (KB)
...
006 (878383.000.000) 10/30 10:54:42 Image size of job updated: 707636
	443  -  MemoryUsage of job (MB)
	453148  -  ResidentSetSize of job (KB)
...
006 (878383.000.000) 10/30 10:59:42 Image size of job updated: 713012
	443  -  MemoryUsage of job (MB)
	453148  -  ResidentSetSize of job (KB)
...
006 (878383.000.000) 10/30 11:04:43 Image size of job updated: 713012
	450  -  MemoryUsage of job (MB)
	460472  -  ResidentSetSize of job (KB)
...
006 (878383.000.000) 10/30 11:09:43 Image size of job updated: 748340
	458  -  MemoryUsage of job (MB)
	468660  -  ResidentSetSize of job (KB)
...
006 (878383.000.000) 10/30 11:14:43 Image size of job updated: 748340
	462  -  MemoryUsage of job (MB)
	472604  -  ResidentSetSize of job (KB)
...
006 (878383.000.000) 10/30 11:39:46 Image size of job updated: 748340
	466  -  MemoryUsage of job (MB)
	476900  -  ResidentSetSize of job (KB)
...
006 (878383.000.000) 10/30 11:44:46 Image size of job updated: 748340
	472  -  MemoryUsage of job (MB)
	482928  -  ResidentSetSize of job (KB)
...
005 (878383.000.000) 10/30 11:48:06 Job terminated.
	(1) Normal termination (return value 0)
		Usr 0 00:55:06, Sys 0 00:04:08  -  Run Remote Usage
		Usr 0 00:00:00, Sys 0 00:00:00  -  Run Local Usage
		Usr 0 00:55:06, Sys 0 00:04:08  -  Total Remote Usage
		Usr 0 00:00:00, Sys 0 00:00:00  -  Total Local Usage
	0  -  Run Bytes Sent By Job
	0  -  Run Bytes Received By Job
	0  -  Total Bytes Sent By Job
	0  -  Total Bytes Received By Job
	Partitionable Resources :    Usage  Request          
	   Cpus                 :                 1          
	   Disk (KB)            :        1        1          
	   Memory (MB)          :      472      472          
...
