000 (878360.000.000) 10/30 10:29:10 Job submitted from host: <128.120.80.20:33339>
...
001 (878360.000.000) 10/30 10:29:28 Job executing on host: <10.8.255.24:46931>
...
006 (878360.000.000) 10/30 10:29:37 Image size of job updated: 93044
	2  -  MemoryUsage of job (MB)
	1144  -  ResidentSetSize of job (KB)
...
006 (878360.000.000) 10/30 10:34:38 Image size of job updated: 756324
	523  -  MemoryUsage of job (MB)
	534956  -  ResidentSetSize of job (KB)
...
006 (878360.000.000) 10/30 10:39:39 Image size of job updated: 760676
	523  -  MemoryUsage of job (MB)
	534956  -  ResidentSetSize of job (KB)
...
006 (878360.000.000) 10/30 10:44:39 Image size of job updated: 761700
	524  -  MemoryUsage of job (MB)
	536428  -  ResidentSetSize of job (KB)
...
006 (878360.000.000) 10/30 10:58:56 Image size of job updated: 771424
	524  -  MemoryUsage of job (MB)
	536428  -  ResidentSetSize of job (KB)
...
005 (878360.000.000) 10/30 10:58:56 Job terminated.
	(1) Normal termination (return value 0)
		Usr 0 00:13:27, Sys 0 00:00:50  -  Run Remote Usage
		Usr 0 00:00:00, Sys 0 00:00:00  -  Run Local Usage
		Usr 0 00:13:27, Sys 0 00:00:50  -  Total Remote Usage
		Usr 0 00:00:00, Sys 0 00:00:00  -  Total Local Usage
	0  -  Run Bytes Sent By Job
	0  -  Run Bytes Received By Job
	0  -  Total Bytes Sent By Job
	0  -  Total Bytes Received By Job
	Partitionable Resources :    Usage  Request          
	   Cpus                 :                 1          
	   Disk (KB)            :        1        1          
	   Memory (MB)          :      524      524          
...
