000 (878352.000.000) 10/30 10:29:08 Job submitted from host: <128.120.80.20:33339>
...
001 (878352.000.000) 10/30 10:29:28 Job executing on host: <10.8.255.7:35844>
...
006 (878352.000.000) 10/30 10:29:36 Image size of job updated: 61532
	10  -  MemoryUsage of job (MB)
	9496  -  ResidentSetSize of job (KB)
...
006 (878352.000.000) 10/30 10:34:36 Image size of job updated: 816248
	552  -  MemoryUsage of job (MB)
	565128  -  ResidentSetSize of job (KB)
...
006 (878352.000.000) 10/30 10:39:32 Image size of job updated: 820088
	552  -  MemoryUsage of job (MB)
	565128  -  ResidentSetSize of job (KB)
...
005 (878352.000.000) 10/30 10:39:32 Job terminated.
	(1) Normal termination (return value 0)
		Usr 0 00:04:28, Sys 0 00:00:18  -  Run Remote Usage
		Usr 0 00:00:00, Sys 0 00:00:00  -  Run Local Usage
		Usr 0 00:04:28, Sys 0 00:00:18  -  Total Remote Usage
		Usr 0 00:00:00, Sys 0 00:00:00  -  Total Local Usage
	0  -  Run Bytes Sent By Job
	0  -  Run Bytes Received By Job
	0  -  Total Bytes Sent By Job
	0  -  Total Bytes Received By Job
	Partitionable Resources :    Usage  Request          
	   Cpus                 :                 1          
	   Disk (KB)            :        1        1          
	   Memory (MB)          :      552      552          
...
