000 (878367.000.000) 10/30 10:29:11 Job submitted from host: <128.120.80.20:33339>
...
001 (878367.000.000) 10/30 10:29:29 Job executing on host: <10.8.255.26:44412>
...
006 (878367.000.000) 10/30 10:29:38 Image size of job updated: 1
	2  -  MemoryUsage of job (MB)
	1664  -  ResidentSetSize of job (KB)
...
006 (878367.000.000) 10/30 10:34:37 Image size of job updated: 750176
	500  -  MemoryUsage of job (MB)
	511196  -  ResidentSetSize of job (KB)
...
006 (878367.000.000) 10/30 10:39:37 Image size of job updated: 764512
	524  -  MemoryUsage of job (MB)
	536408  -  ResidentSetSize of job (KB)
...
006 (878367.000.000) 10/30 10:44:38 Image size of job updated: 777056
	532  -  MemoryUsage of job (MB)
	544052  -  ResidentSetSize of job (KB)
...
006 (878367.000.000) 10/30 10:49:38 Image size of job updated: 786272
	545  -  MemoryUsage of job (MB)
	557312  -  ResidentSetSize of job (KB)
...
006 (878367.000.000) 10/30 10:54:38 Image size of job updated: 797792
	545  -  MemoryUsage of job (MB)
	557312  -  ResidentSetSize of job (KB)
...
006 (878367.000.000) 10/30 11:12:07 Image size of job updated: 798304
	545  -  MemoryUsage of job (MB)
	557312  -  ResidentSetSize of job (KB)
...
005 (878367.000.000) 10/30 11:12:07 Job terminated.
	(1) Normal termination (return value 0)
		Usr 0 00:21:19, Sys 0 00:01:25  -  Run Remote Usage
		Usr 0 00:00:00, Sys 0 00:00:00  -  Run Local Usage
		Usr 0 00:21:19, Sys 0 00:01:25  -  Total Remote Usage
		Usr 0 00:00:00, Sys 0 00:00:00  -  Total Local Usage
	0  -  Run Bytes Sent By Job
	0  -  Run Bytes Received By Job
	0  -  Total Bytes Sent By Job
	0  -  Total Bytes Received By Job
	Partitionable Resources :    Usage  Request          
	   Cpus                 :                 1          
	   Disk (KB)            :        1        1          
	   Memory (MB)          :      545      545          
...
