000 (878366.000.000) 10/30 10:29:11 Job submitted from host: <128.120.80.20:33339>
...
001 (878366.000.000) 10/30 10:29:29 Job executing on host: <10.8.255.26:44412>
...
006 (878366.000.000) 10/30 10:29:38 Image size of job updated: 93044
	2  -  MemoryUsage of job (MB)
	1140  -  ResidentSetSize of job (KB)
...
006 (878366.000.000) 10/30 10:34:37 Image size of job updated: 726368
	493  -  MemoryUsage of job (MB)
	504712  -  ResidentSetSize of job (KB)
...
006 (878366.000.000) 10/30 10:39:37 Image size of job updated: 766816
	529  -  MemoryUsage of job (MB)
	540740  -  ResidentSetSize of job (KB)
...
006 (878366.000.000) 10/30 10:44:38 Image size of job updated: 784224
	534  -  MemoryUsage of job (MB)
	546196  -  ResidentSetSize of job (KB)
...
006 (878366.000.000) 10/30 10:49:38 Image size of job updated: 784224
	535  -  MemoryUsage of job (MB)
	547500  -  ResidentSetSize of job (KB)
...
006 (878366.000.000) 10/30 11:04:40 Image size of job updated: 784992
	538  -  MemoryUsage of job (MB)
	550136  -  ResidentSetSize of job (KB)
...
006 (878366.000.000) 10/30 11:09:40 Image size of job updated: 788576
	538  -  MemoryUsage of job (MB)
	550912  -  ResidentSetSize of job (KB)
...
006 (878366.000.000) 10/30 11:14:04 Image size of job updated: 790368
	538  -  MemoryUsage of job (MB)
	550912  -  ResidentSetSize of job (KB)
...
005 (878366.000.000) 10/30 11:14:05 Job terminated.
	(1) Normal termination (return value 0)
		Usr 0 00:21:25, Sys 0 00:01:26  -  Run Remote Usage
		Usr 0 00:00:00, Sys 0 00:00:00  -  Run Local Usage
		Usr 0 00:21:25, Sys 0 00:01:26  -  Total Remote Usage
		Usr 0 00:00:00, Sys 0 00:00:00  -  Total Local Usage
	0  -  Run Bytes Sent By Job
	0  -  Run Bytes Received By Job
	0  -  Total Bytes Sent By Job
	0  -  Total Bytes Received By Job
	Partitionable Resources :    Usage  Request          
	   Cpus                 :                 1          
	   Disk (KB)            :        1        1          
	   Memory (MB)          :      538      538          
...
