000 (878392.000.000) 10/30 10:29:17 Job submitted from host: <128.120.80.20:33339>
...
001 (878392.000.000) 10/30 10:29:32 Job executing on host: <10.8.254.0:50598>
...
006 (878392.000.000) 10/30 10:29:41 Image size of job updated: 1
	2  -  MemoryUsage of job (MB)
	1660  -  ResidentSetSize of job (KB)
...
006 (878392.000.000) 10/30 10:34:42 Image size of job updated: 780764
	536  -  MemoryUsage of job (MB)
	547872  -  ResidentSetSize of job (KB)
...
006 (878392.000.000) 10/30 10:38:10 Image size of job updated: 794492
	536  -  MemoryUsage of job (MB)
	547872  -  ResidentSetSize of job (KB)
...
005 (878392.000.000) 10/30 10:38:10 Job terminated.
	(1) Normal termination (return value 0)
		Usr 0 00:03:27, Sys 0 00:00:09  -  Run Remote Usage
		Usr 0 00:00:00, Sys 0 00:00:00  -  Run Local Usage
		Usr 0 00:03:27, Sys 0 00:00:09  -  Total Remote Usage
		Usr 0 00:00:00, Sys 0 00:00:00  -  Total Local Usage
	0  -  Run Bytes Sent By Job
	0  -  Run Bytes Received By Job
	0  -  Total Bytes Sent By Job
	0  -  Total Bytes Received By Job
	Partitionable Resources :    Usage  Request          
	   Cpus                 :                 1          
	   Disk (KB)            :        1        1          
	   Memory (MB)          :      536      536          
...
