000 (878376.000.000) 10/30 10:29:13 Job submitted from host: <128.120.80.20:33339>
...
001 (878376.000.000) 10/30 10:29:30 Job executing on host: <10.8.254.23:57583>
...
006 (878376.000.000) 10/30 10:29:38 Image size of job updated: 11332
	2  -  MemoryUsage of job (MB)
	1168  -  ResidentSetSize of job (KB)
...
006 (878376.000.000) 10/30 10:34:38 Image size of job updated: 733304
	501  -  MemoryUsage of job (MB)
	512396  -  ResidentSetSize of job (KB)
...
006 (878376.000.000) 10/30 10:39:39 Image size of job updated: 781688
	531  -  MemoryUsage of job (MB)
	542940  -  ResidentSetSize of job (KB)
...
006 (878376.000.000) 10/30 10:44:40 Image size of job updated: 790392
	541  -  MemoryUsage of job (MB)
	553148  -  ResidentSetSize of job (KB)
...
006 (878376.000.000) 10/30 10:49:40 Image size of job updated: 796024
	541  -  MemoryUsage of job (MB)
	553148  -  ResidentSetSize of job (KB)
...
006 (878376.000.000) 10/30 10:59:41 Image size of job updated: 796024
	567  -  MemoryUsage of job (MB)
	579980  -  ResidentSetSize of job (KB)
...
006 (878376.000.000) 10/30 11:04:41 Image size of job updated: 796540
	567  -  MemoryUsage of job (MB)
	579980  -  ResidentSetSize of job (KB)
...
006 (878376.000.000) 10/30 11:08:30 Image size of job updated: 801148
	567  -  MemoryUsage of job (MB)
	579980  -  ResidentSetSize of job (KB)
...
005 (878376.000.000) 10/30 11:08:30 Job terminated.
	(1) Normal termination (return value 0)
		Usr 0 00:10:29, Sys 0 00:03:48  -  Run Remote Usage
		Usr 0 00:00:00, Sys 0 00:00:00  -  Run Local Usage
		Usr 0 00:10:29, Sys 0 00:03:48  -  Total Remote Usage
		Usr 0 00:00:00, Sys 0 00:00:00  -  Total Local Usage
	0  -  Run Bytes Sent By Job
	0  -  Run Bytes Received By Job
	0  -  Total Bytes Sent By Job
	0  -  Total Bytes Received By Job
	Partitionable Resources :    Usage  Request          
	   Cpus                 :                 1          
	   Disk (KB)            :        1        1          
	   Memory (MB)          :      567      567          
...
