000 (878361.000.000) 10/30 10:29:10 Job submitted from host: <128.120.80.20:33339>
...
001 (878361.000.000) 10/30 10:29:28 Job executing on host: <10.8.255.24:46931>
...
006 (878361.000.000) 10/30 10:29:37 Image size of job updated: 11332
	2  -  MemoryUsage of job (MB)
	1144  -  ResidentSetSize of job (KB)
...
006 (878361.000.000) 10/30 10:34:38 Image size of job updated: 731228
	496  -  MemoryUsage of job (MB)
	507056  -  ResidentSetSize of job (KB)
...
006 (878361.000.000) 10/30 10:39:38 Image size of job updated: 769884
	519  -  MemoryUsage of job (MB)
	531268  -  ResidentSetSize of job (KB)
...
006 (878361.000.000) 10/30 10:44:38 Image size of job updated: 771676
	533  -  MemoryUsage of job (MB)
	545364  -  ResidentSetSize of job (KB)
...
006 (878361.000.000) 10/30 10:49:39 Image size of job updated: 775004
	533  -  MemoryUsage of job (MB)
	545364  -  ResidentSetSize of job (KB)
...
005 (878361.000.000) 10/30 10:58:04 Job terminated.
	(1) Normal termination (return value 0)
		Usr 0 00:13:46, Sys 0 00:00:54  -  Run Remote Usage
		Usr 0 00:00:00, Sys 0 00:00:00  -  Run Local Usage
		Usr 0 00:13:46, Sys 0 00:00:54  -  Total Remote Usage
		Usr 0 00:00:00, Sys 0 00:00:00  -  Total Local Usage
	0  -  Run Bytes Sent By Job
	0  -  Run Bytes Received By Job
	0  -  Total Bytes Sent By Job
	0  -  Total Bytes Received By Job
	Partitionable Resources :    Usage  Request          
	   Cpus                 :                 1          
	   Disk (KB)            :        1        1          
	   Memory (MB)          :      533      533          
...
