000 (878391.000.000) 10/30 10:29:17 Job submitted from host: <128.120.80.20:33339>
...
001 (878391.000.000) 10/30 10:29:32 Job executing on host: <10.8.255.0:33999>
...
006 (878391.000.000) 10/30 10:29:40 Image size of job updated: 93044
	2  -  MemoryUsage of job (MB)
	1144  -  ResidentSetSize of job (KB)
...
006 (878391.000.000) 10/30 10:34:40 Image size of job updated: 644512
	405  -  MemoryUsage of job (MB)
	414400  -  ResidentSetSize of job (KB)
...
006 (878391.000.000) 10/30 10:39:40 Image size of job updated: 677280
	405  -  MemoryUsage of job (MB)
	414460  -  ResidentSetSize of job (KB)
...
006 (878391.000.000) 10/30 10:44:41 Image size of job updated: 677280
	407  -  MemoryUsage of job (MB)
	416688  -  ResidentSetSize of job (KB)
...
006 (878391.000.000) 10/30 10:49:41 Image size of job updated: 679840
	412  -  MemoryUsage of job (MB)
	420904  -  ResidentSetSize of job (KB)
...
006 (878391.000.000) 10/30 10:54:41 Image size of job updated: 684192
	412  -  MemoryUsage of job (MB)
	420904  -  ResidentSetSize of job (KB)
...
006 (878391.000.000) 10/30 11:04:43 Image size of job updated: 684192
	424  -  MemoryUsage of job (MB)
	433412  -  ResidentSetSize of job (KB)
...
006 (878391.000.000) 10/30 11:09:43 Image size of job updated: 685472
	424  -  MemoryUsage of job (MB)
	433412  -  ResidentSetSize of job (KB)
...
006 (878391.000.000) 10/30 11:44:46 Image size of job updated: 685472
	429  -  MemoryUsage of job (MB)
	438452  -  ResidentSetSize of job (KB)
...
006 (878391.000.000) 10/30 12:02:22 Image size of job updated: 686240
	429  -  MemoryUsage of job (MB)
	438452  -  ResidentSetSize of job (KB)
...
005 (878391.000.000) 10/30 12:02:22 Job terminated.
	(1) Normal termination (return value 0)
		Usr 0 01:07:57, Sys 0 00:01:23  -  Run Remote Usage
		Usr 0 00:00:00, Sys 0 00:00:00  -  Run Local Usage
		Usr 0 01:07:57, Sys 0 00:01:23  -  Total Remote Usage
		Usr 0 00:00:00, Sys 0 00:00:00  -  Total Local Usage
	0  -  Run Bytes Sent By Job
	0  -  Run Bytes Received By Job
	0  -  Total Bytes Sent By Job
	0  -  Total Bytes Received By Job
	Partitionable Resources :    Usage  Request          
	   Cpus                 :                 1          
	   Disk (KB)            :        1        1          
	   Memory (MB)          :      429      429          
...
