000 (878365.000.000) 10/30 10:29:11 Job submitted from host: <128.120.80.20:33339>
...
001 (878365.000.000) 10/30 10:29:29 Job executing on host: <10.8.255.26:44412>
...
006 (878365.000.000) 10/30 10:29:38 Image size of job updated: 11332
	2  -  MemoryUsage of job (MB)
	1140  -  ResidentSetSize of job (KB)
...
006 (878365.000.000) 10/30 10:34:37 Image size of job updated: 743260
	532  -  MemoryUsage of job (MB)
	543760  -  ResidentSetSize of job (KB)
...
006 (878365.000.000) 10/30 10:39:37 Image size of job updated: 784220
	548  -  MemoryUsage of job (MB)
	560300  -  ResidentSetSize of job (KB)
...
006 (878365.000.000) 10/30 10:44:38 Image size of job updated: 784988
	548  -  MemoryUsage of job (MB)
	560300  -  ResidentSetSize of job (KB)
...
006 (878365.000.000) 10/30 10:59:40 Image size of job updated: 803424
	548  -  MemoryUsage of job (MB)
	560300  -  ResidentSetSize of job (KB)
...
006 (878365.000.000) 10/30 11:04:41 Image size of job updated: 803424
	570  -  MemoryUsage of job (MB)
	583492  -  ResidentSetSize of job (KB)
...
005 (878365.000.000) 10/30 11:11:53 Job terminated.
	(1) Normal termination (return value 0)
		Usr 0 00:21:06, Sys 0 00:01:21  -  Run Remote Usage
		Usr 0 00:00:00, Sys 0 00:00:00  -  Run Local Usage
		Usr 0 00:21:06, Sys 0 00:01:21  -  Total Remote Usage
		Usr 0 00:00:00, Sys 0 00:00:00  -  Total Local Usage
	0  -  Run Bytes Sent By Job
	0  -  Run Bytes Received By Job
	0  -  Total Bytes Sent By Job
	0  -  Total Bytes Received By Job
	Partitionable Resources :    Usage  Request          
	   Cpus                 :                 1          
	   Disk (KB)            :        1        1          
	   Memory (MB)          :      570      570          
...
