000 (878368.000.000) 10/30 10:29:12 Job submitted from host: <128.120.80.20:33339>
...
001 (878368.000.000) 10/30 10:29:29 Job executing on host: <10.8.255.21:38963>
...
006 (878368.000.000) 10/30 10:29:38 Image size of job updated: 11332
	2  -  MemoryUsage of job (MB)
	1136  -  ResidentSetSize of job (KB)
...
006 (878368.000.000) 10/30 10:34:39 Image size of job updated: 747532
	505  -  MemoryUsage of job (MB)
	516672  -  ResidentSetSize of job (KB)
...
006 (878368.000.000) 10/30 10:39:40 Image size of job updated: 773900
	525  -  MemoryUsage of job (MB)
	537060  -  ResidentSetSize of job (KB)
...
006 (878368.000.000) 10/30 10:44:40 Image size of job updated: 774668
	525  -  MemoryUsage of job (MB)
	537060  -  ResidentSetSize of job (KB)
...
006 (878368.000.000) 10/30 10:49:40 Image size of job updated: 785164
	527  -  MemoryUsage of job (MB)
	539220  -  ResidentSetSize of job (KB)
...
006 (878368.000.000) 10/30 11:09:42 Image size of job updated: 787212
	545  -  MemoryUsage of job (MB)
	558024  -  ResidentSetSize of job (KB)
...
006 (878368.000.000) 10/30 11:12:30 Image size of job updated: 792332
	545  -  MemoryUsage of job (MB)
	558024  -  ResidentSetSize of job (KB)
...
005 (878368.000.000) 10/30 11:12:30 Job terminated.
	(1) Normal termination (return value 0)
		Usr 0 00:20:58, Sys 0 00:01:30  -  Run Remote Usage
		Usr 0 00:00:00, Sys 0 00:00:00  -  Run Local Usage
		Usr 0 00:20:58, Sys 0 00:01:30  -  Total Remote Usage
		Usr 0 00:00:00, Sys 0 00:00:00  -  Total Local Usage
	0  -  Run Bytes Sent By Job
	0  -  Run Bytes Received By Job
	0  -  Total Bytes Sent By Job
	0  -  Total Bytes Received By Job
	Partitionable Resources :    Usage  Request          
	   Cpus                 :                 1          
	   Disk (KB)            :        1        1          
	   Memory (MB)          :      545      545          
...
