000 (878389.000.000) 10/30 10:29:16 Job submitted from host: <128.120.80.20:33339>
...
001 (878389.000.000) 10/30 10:29:32 Job executing on host: <10.8.255.0:33999>
...
006 (878389.000.000) 10/30 10:29:40 Image size of job updated: 11332
	2  -  MemoryUsage of job (MB)
	1140  -  ResidentSetSize of job (KB)
...
006 (878389.000.000) 10/30 10:34:40 Image size of job updated: 644256
	389  -  MemoryUsage of job (MB)
	397348  -  ResidentSetSize of job (KB)
...
006 (878389.000.000) 10/30 10:39:40 Image size of job updated: 648608
	406  -  MemoryUsage of job (MB)
	415440  -  ResidentSetSize of job (KB)
...
006 (878389.000.000) 10/30 10:44:41 Image size of job updated: 653216
	408  -  MemoryUsage of job (MB)
	417684  -  ResidentSetSize of job (KB)
...
006 (878389.000.000) 10/30 10:49:41 Image size of job updated: 653216
	411  -  MemoryUsage of job (MB)
	420156  -  ResidentSetSize of job (KB)
...
006 (878389.000.000) 10/30 10:54:41 Image size of job updated: 653216
	411  -  MemoryUsage of job (MB)
	420656  -  ResidentSetSize of job (KB)
...
006 (878389.000.000) 10/30 10:59:42 Image size of job updated: 655008
	417  -  MemoryUsage of job (MB)
	426064  -  ResidentSetSize of job (KB)
...
006 (878389.000.000) 10/30 11:04:43 Image size of job updated: 655776
	417  -  MemoryUsage of job (MB)
	426064  -  ResidentSetSize of job (KB)
...
006 (878389.000.000) 10/30 11:09:43 Image size of job updated: 657056
	417  -  MemoryUsage of job (MB)
	426064  -  ResidentSetSize of job (KB)
...
006 (878389.000.000) 10/30 11:34:45 Image size of job updated: 657824
	420  -  MemoryUsage of job (MB)
	429916  -  ResidentSetSize of job (KB)
...
006 (878389.000.000) 10/30 11:39:46 Image size of job updated: 657824
	423  -  MemoryUsage of job (MB)
	432728  -  ResidentSetSize of job (KB)
...
006 (878389.000.000) 10/30 11:44:26 Image size of job updated: 660128
	423  -  MemoryUsage of job (MB)
	432728  -  ResidentSetSize of job (KB)
...
005 (878389.000.000) 10/30 11:44:26 Job terminated.
	(1) Normal termination (return value 0)
		Usr 0 00:56:41, Sys 0 00:01:07  -  Run Remote Usage
		Usr 0 00:00:00, Sys 0 00:00:00  -  Run Local Usage
		Usr 0 00:56:41, Sys 0 00:01:07  -  Total Remote Usage
		Usr 0 00:00:00, Sys 0 00:00:00  -  Total Local Usage
	0  -  Run Bytes Sent By Job
	0  -  Run Bytes Received By Job
	0  -  Total Bytes Sent By Job
	0  -  Total Bytes Received By Job
	Partitionable Resources :    Usage  Request          
	   Cpus                 :                 1          
	   Disk (KB)            :        1        1          
	   Memory (MB)          :      423      423          
...
