000 (878346.000.000) 10/30 10:29:07 Job submitted from host: <128.120.80.20:33339>
...
001 (878346.000.000) 10/30 10:29:27 Job executing on host: <10.8.255.1:43794>
...
006 (878346.000.000) 10/30 10:29:36 Image size of job updated: 139644
	53  -  MemoryUsage of job (MB)
	53308  -  ResidentSetSize of job (KB)
...
006 (878346.000.000) 10/30 10:34:37 Image size of job updated: 650556
	411  -  MemoryUsage of job (MB)
	419852  -  ResidentSetSize of job (KB)
...
006 (878346.000.000) 10/30 10:39:38 Image size of job updated: 656444
	417  -  MemoryUsage of job (MB)
	426220  -  ResidentSetSize of job (KB)
...
006 (878346.000.000) 10/30 10:44:38 Image size of job updated: 660540
	434  -  MemoryUsage of job (MB)
	443612  -  ResidentSetSize of job (KB)
...
006 (878346.000.000) 10/30 10:49:39 Image size of job updated: 664124
	434  -  MemoryUsage of job (MB)
	443612  -  ResidentSetSize of job (KB)
...
006 (878346.000.000) 10/30 11:07:09 Image size of job updated: 667956
	434  -  MemoryUsage of job (MB)
	443612  -  ResidentSetSize of job (KB)
...
005 (878346.000.000) 10/30 11:07:09 Job terminated.
	(1) Normal termination (return value 0)
		Usr 0 00:33:51, Sys 0 00:00:23  -  Run Remote Usage
		Usr 0 00:00:00, Sys 0 00:00:00  -  Run Local Usage
		Usr 0 00:33:51, Sys 0 00:00:23  -  Total Remote Usage
		Usr 0 00:00:00, Sys 0 00:00:00  -  Total Local Usage
	0  -  Run Bytes Sent By Job
	0  -  Run Bytes Received By Job
	0  -  Total Bytes Sent By Job
	0  -  Total Bytes Received By Job
	Partitionable Resources :    Usage  Request          
	   Cpus                 :                 1          
	   Disk (KB)            :        1        1          
	   Memory (MB)          :      434      434          
...
