000 (878371.000.000) 10/30 10:29:12 Job submitted from host: <128.120.80.20:33339>
...
001 (878371.000.000) 10/30 10:29:29 Job executing on host: <10.8.255.21:38963>
...
006 (878371.000.000) 10/30 10:29:38 Image size of job updated: 1
	2  -  MemoryUsage of job (MB)
	1668  -  ResidentSetSize of job (KB)
...
006 (878371.000.000) 10/30 10:34:39 Image size of job updated: 750860
	517  -  MemoryUsage of job (MB)
	529016  -  ResidentSetSize of job (KB)
...
006 (878371.000.000) 10/30 10:39:39 Image size of job updated: 760844
	518  -  MemoryUsage of job (MB)
	530032  -  ResidentSetSize of job (KB)
...
006 (878371.000.000) 10/30 10:44:39 Image size of job updated: 774412
	525  -  MemoryUsage of job (MB)
	537076  -  ResidentSetSize of job (KB)
...
006 (878371.000.000) 10/30 10:49:40 Image size of job updated: 780812
	549  -  MemoryUsage of job (MB)
	561592  -  ResidentSetSize of job (KB)
...
006 (878371.000.000) 10/30 10:54:41 Image size of job updated: 782860
	549  -  MemoryUsage of job (MB)
	561592  -  ResidentSetSize of job (KB)
...
006 (878371.000.000) 10/30 11:11:52 Image size of job updated: 791564
	549  -  MemoryUsage of job (MB)
	561592  -  ResidentSetSize of job (KB)
...
005 (878371.000.000) 10/30 11:11:52 Job terminated.
	(1) Normal termination (return value 0)
		Usr 0 00:21:10, Sys 0 00:01:35  -  Run Remote Usage
		Usr 0 00:00:00, Sys 0 00:00:00  -  Run Local Usage
		Usr 0 00:21:10, Sys 0 00:01:35  -  Total Remote Usage
		Usr 0 00:00:00, Sys 0 00:00:00  -  Total Local Usage
	0  -  Run Bytes Sent By Job
	0  -  Run Bytes Received By Job
	0  -  Total Bytes Sent By Job
	0  -  Total Bytes Received By Job
	Partitionable Resources :    Usage  Request          
	   Cpus                 :                 1          
	   Disk (KB)            :        1        1          
	   Memory (MB)          :      549      549          
...
