000 (878378.000.000) 10/30 10:29:14 Job submitted from host: <128.120.80.20:33339>
...
001 (878378.000.000) 10/30 10:29:30 Job executing on host: <10.8.254.23:57583>
...
006 (878378.000.000) 10/30 10:29:39 Image size of job updated: 93048
	2  -  MemoryUsage of job (MB)
	1172  -  ResidentSetSize of job (KB)
...
006 (878378.000.000) 10/30 10:34:40 Image size of job updated: 729464
	492  -  MemoryUsage of job (MB)
	503348  -  ResidentSetSize of job (KB)
...
006 (878378.000.000) 10/30 10:39:41 Image size of job updated: 780664
	525  -  MemoryUsage of job (MB)
	536744  -  ResidentSetSize of job (KB)
...
006 (878378.000.000) 10/30 10:44:41 Image size of job updated: 783224
	528  -  MemoryUsage of job (MB)
	540440  -  ResidentSetSize of job (KB)
...
006 (878378.000.000) 10/30 10:49:41 Image size of job updated: 785784
	540  -  MemoryUsage of job (MB)
	552164  -  ResidentSetSize of job (KB)
...
006 (878378.000.000) 10/30 10:59:42 Image size of job updated: 788096
	540  -  MemoryUsage of job (MB)
	552164  -  ResidentSetSize of job (KB)
...
005 (878378.000.000) 10/30 11:07:28 Job terminated.
	(1) Normal termination (return value 0)
		Usr 0 00:10:02, Sys 0 00:03:46  -  Run Remote Usage
		Usr 0 00:00:00, Sys 0 00:00:00  -  Run Local Usage
		Usr 0 00:10:02, Sys 0 00:03:46  -  Total Remote Usage
		Usr 0 00:00:00, Sys 0 00:00:00  -  Total Local Usage
	0  -  Run Bytes Sent By Job
	0  -  Run Bytes Received By Job
	0  -  Total Bytes Sent By Job
	0  -  Total Bytes Received By Job
	Partitionable Resources :    Usage  Request          
	   Cpus                 :                 1          
	   Disk (KB)            :        1        1          
	   Memory (MB)          :      540      540          
...
