000 (878393.000.000) 10/30 10:29:17 Job submitted from host: <128.120.80.20:33339>
...
001 (878393.000.000) 10/30 10:29:32 Job executing on host: <10.8.255.0:33999>
...
006 (878393.000.000) 10/30 10:29:40 Image size of job updated: 93048
	2  -  MemoryUsage of job (MB)
	1140  -  ResidentSetSize of job (KB)
...
006 (878393.000.000) 10/30 10:34:40 Image size of job updated: 778592
	534  -  MemoryUsage of job (MB)
	546368  -  ResidentSetSize of job (KB)
...
005 (878393.000.000) 10/30 10:38:16 Job terminated.
	(1) Normal termination (return value 0)
		Usr 0 00:03:30, Sys 0 00:00:10  -  Run Remote Usage
		Usr 0 00:00:00, Sys 0 00:00:00  -  Run Local Usage
		Usr 0 00:03:30, Sys 0 00:00:10  -  Total Remote Usage
		Usr 0 00:00:00, Sys 0 00:00:00  -  Total Local Usage
	0  -  Run Bytes Sent By Job
	0  -  Run Bytes Received By Job
	0  -  Total Bytes Sent By Job
	0  -  Total Bytes Received By Job
	Partitionable Resources :    Usage  Request          
	   Cpus                 :                 1          
	   Disk (KB)            :        1        1          
	   Memory (MB)          :      534      534          
...
