000 (878358.000.000) 10/30 10:29:09 Job submitted from host: <128.120.80.20:33339>
...
001 (878358.000.000) 10/30 10:29:28 Job executing on host: <10.8.255.25:34903>
...
006 (878358.000.000) 10/30 10:29:37 Image size of job updated: 93048
	2  -  MemoryUsage of job (MB)
	1144  -  ResidentSetSize of job (KB)
...
006 (878358.000.000) 10/30 10:34:38 Image size of job updated: 767324
	533  -  MemoryUsage of job (MB)
	544976  -  ResidentSetSize of job (KB)
...
006 (878358.000.000) 10/30 10:39:39 Image size of job updated: 788060
	546  -  MemoryUsage of job (MB)
	558492  -  ResidentSetSize of job (KB)
...
006 (878358.000.000) 10/30 10:44:39 Image size of job updated: 791132
	548  -  MemoryUsage of job (MB)
	560284  -  ResidentSetSize of job (KB)
...
006 (878358.000.000) 10/30 10:49:39 Image size of job updated: 793436
	548  -  MemoryUsage of job (MB)
	560284  -  ResidentSetSize of job (KB)
...
006 (878358.000.000) 10/30 10:54:40 Image size of job updated: 793436
	548  -  MemoryUsage of job (MB)
	560456  -  ResidentSetSize of job (KB)
...
006 (878358.000.000) 10/30 11:03:25 Image size of job updated: 794716
	548  -  MemoryUsage of job (MB)
	560456  -  ResidentSetSize of job (KB)
...
005 (878358.000.000) 10/30 11:03:26 Job terminated.
	(1) Normal termination (return value 0)
		Usr 0 00:14:01, Sys 0 00:01:07  -  Run Remote Usage
		Usr 0 00:00:00, Sys 0 00:00:00  -  Run Local Usage
		Usr 0 00:14:01, Sys 0 00:01:07  -  Total Remote Usage
		Usr 0 00:00:00, Sys 0 00:00:00  -  Total Local Usage
	0  -  Run Bytes Sent By Job
	0  -  Run Bytes Received By Job
	0  -  Total Bytes Sent By Job
	0  -  Total Bytes Received By Job
	Partitionable Resources :    Usage  Request          
	   Cpus                 :                 1          
	   Disk (KB)            :        1        1          
	   Memory (MB)          :      548      548          
...
