000 (878382.000.000) 10/30 10:29:15 Job submitted from host: <128.120.80.20:33339>
...
001 (878382.000.000) 10/30 10:29:30 Job executing on host: <10.8.254.23:57583>
...
006 (878382.000.000) 10/30 10:29:39 Image size of job updated: 93044
	2  -  MemoryUsage of job (MB)
	1168  -  ResidentSetSize of job (KB)
...
006 (878382.000.000) 10/30 10:34:40 Image size of job updated: 653616
	414  -  MemoryUsage of job (MB)
	423740  -  ResidentSetSize of job (KB)
...
006 (878382.000.000) 10/30 10:39:40 Image size of job updated: 659504
	421  -  MemoryUsage of job (MB)
	430676  -  ResidentSetSize of job (KB)
...
006 (878382.000.000) 10/30 10:44:40 Image size of job updated: 662832
	421  -  MemoryUsage of job (MB)
	430676  -  ResidentSetSize of job (KB)
...
006 (878382.000.000) 10/30 10:49:41 Image size of job updated: 664880
	440  -  MemoryUsage of job (MB)
	449896  -  ResidentSetSize of job (KB)
...
006 (878382.000.000) 10/30 10:54:41 Image size of job updated: 670000
	440  -  MemoryUsage of job (MB)
	449896  -  ResidentSetSize of job (KB)
...
006 (878382.000.000) 10/30 10:59:41 Image size of job updated: 672560
	442  -  MemoryUsage of job (MB)
	451864  -  ResidentSetSize of job (KB)
...
006 (878382.000.000) 10/30 11:04:42 Image size of job updated: 676912
	442  -  MemoryUsage of job (MB)
	451864  -  ResidentSetSize of job (KB)
...
006 (878382.000.000) 10/30 11:09:43 Image size of job updated: 680496
	442  -  MemoryUsage of job (MB)
	451988  -  ResidentSetSize of job (KB)
...
006 (878382.000.000) 10/30 11:14:43 Image size of job updated: 688176
	445  -  MemoryUsage of job (MB)
	454708  -  ResidentSetSize of job (KB)
...
006 (878382.000.000) 10/30 11:19:44 Image size of job updated: 693552
	450  -  MemoryUsage of job (MB)
	460328  -  ResidentSetSize of job (KB)
...
006 (878382.000.000) 10/30 11:24:45 Image size of job updated: 698928
	450  -  MemoryUsage of job (MB)
	460328  -  ResidentSetSize of job (KB)
...
006 (878382.000.000) 10/30 11:49:46 Image size of job updated: 698928
	455  -  MemoryUsage of job (MB)
	465308  -  ResidentSetSize of job (KB)
...
006 (878382.000.000) 10/30 12:04:02 Image size of job updated: 699188
	455  -  MemoryUsage of job (MB)
	465308  -  ResidentSetSize of job (KB)
...
005 (878382.000.000) 10/30 12:04:02 Job terminated.
	(1) Normal termination (return value 0)
		Usr 0 01:05:05, Sys 0 00:07:34  -  Run Remote Usage
		Usr 0 00:00:00, Sys 0 00:00:00  -  Run Local Usage
		Usr 0 01:05:05, Sys 0 00:07:34  -  Total Remote Usage
		Usr 0 00:00:00, Sys 0 00:00:00  -  Total Local Usage
	0  -  Run Bytes Sent By Job
	0  -  Run Bytes Received By Job
	0  -  Total Bytes Sent By Job
	0  -  Total Bytes Received By Job
	Partitionable Resources :    Usage  Request          
	   Cpus                 :                 1          
	   Disk (KB)            :        1        1          
	   Memory (MB)          :      455      455          
...
