000 (878379.000.000) 10/30 10:29:14 Job submitted from host: <128.120.80.20:33339>
...
001 (878379.000.000) 10/30 10:29:30 Job executing on host: <10.8.254.23:57583>
...
006 (878379.000.000) 10/30 10:29:39 Image size of job updated: 11332
	2  -  MemoryUsage of job (MB)
	1172  -  ResidentSetSize of job (KB)
...
006 (878379.000.000) 10/30 10:34:40 Image size of job updated: 711800
	471  -  MemoryUsage of job (MB)
	481432  -  ResidentSetSize of job (KB)
...
006 (878379.000.000) 10/30 10:39:41 Image size of job updated: 772984
	520  -  MemoryUsage of job (MB)
	532244  -  ResidentSetSize of job (KB)
...
006 (878379.000.000) 10/30 10:44:41 Image size of job updated: 785784
	539  -  MemoryUsage of job (MB)
	551892  -  ResidentSetSize of job (KB)
...
006 (878379.000.000) 10/30 11:04:43 Image size of job updated: 788860
	551  -  MemoryUsage of job (MB)
	564124  -  ResidentSetSize of job (KB)
...
005 (878379.000.000) 10/30 11:06:21 Job terminated.
	(1) Normal termination (return value 0)
		Usr 0 00:09:25, Sys 0 00:03:33  -  Run Remote Usage
		Usr 0 00:00:00, Sys 0 00:00:00  -  Run Local Usage
		Usr 0 00:09:25, Sys 0 00:03:33  -  Total Remote Usage
		Usr 0 00:00:00, Sys 0 00:00:00  -  Total Local Usage
	0  -  Run Bytes Sent By Job
	0  -  Run Bytes Received By Job
	0  -  Total Bytes Sent By Job
	0  -  Total Bytes Received By Job
	Partitionable Resources :    Usage  Request          
	   Cpus                 :                 1          
	   Disk (KB)            :        1        1          
	   Memory (MB)          :      551      551          
...
