000 (878372.000.000) 10/30 10:29:12 Job submitted from host: <128.120.80.20:33339>
...
001 (878372.000.000) 10/30 10:29:29 Job executing on host: <10.8.254.23:57583>
...
006 (878372.000.000) 10/30 10:29:38 Image size of job updated: 11332
	2  -  MemoryUsage of job (MB)
	1168  -  ResidentSetSize of job (KB)
...
006 (878372.000.000) 10/30 10:34:38 Image size of job updated: 764796
	539  -  MemoryUsage of job (MB)
	551124  -  ResidentSetSize of job (KB)
...
006 (878372.000.000) 10/30 10:39:38 Image size of job updated: 770940
	539  -  MemoryUsage of job (MB)
	551124  -  ResidentSetSize of job (KB)
...
006 (878372.000.000) 10/30 10:44:39 Image size of job updated: 794236
	539  -  MemoryUsage of job (MB)
	551124  -  ResidentSetSize of job (KB)
...
006 (878372.000.000) 10/30 10:49:40 Image size of job updated: 797052
	539  -  MemoryUsage of job (MB)
	551124  -  ResidentSetSize of job (KB)
...
006 (878372.000.000) 10/30 10:54:40 Image size of job updated: 797052
	540  -  MemoryUsage of job (MB)
	551992  -  ResidentSetSize of job (KB)
...
006 (878372.000.000) 10/30 11:04:41 Image size of job updated: 798584
	576  -  MemoryUsage of job (MB)
	589572  -  ResidentSetSize of job (KB)
...
005 (878372.000.000) 10/30 11:07:33 Job terminated.
	(1) Normal termination (return value 0)
		Usr 0 00:11:04, Sys 0 00:03:42  -  Run Remote Usage
		Usr 0 00:00:00, Sys 0 00:00:00  -  Run Local Usage
		Usr 0 00:11:04, Sys 0 00:03:42  -  Total Remote Usage
		Usr 0 00:00:00, Sys 0 00:00:00  -  Total Local Usage
	0  -  Run Bytes Sent By Job
	0  -  Run Bytes Received By Job
	0  -  Total Bytes Sent By Job
	0  -  Total Bytes Received By Job
	Partitionable Resources :    Usage  Request          
	   Cpus                 :                 1          
	   Disk (KB)            :        1        1          
	   Memory (MB)          :      576      576          
...
