000 (878387.000.000) 10/30 10:29:16 Job submitted from host: <128.120.80.20:33339>
...
001 (878387.000.000) 10/30 10:29:31 Job executing on host: <10.8.254.23:57583>
...
006 (878387.000.000) 10/30 10:29:39 Image size of job updated: 11332
	2  -  MemoryUsage of job (MB)
	1172  -  ResidentSetSize of job (KB)
...
006 (878387.000.000) 10/30 10:32:14 Image size of job updated: 670772
	2  -  MemoryUsage of job (MB)
	1172  -  ResidentSetSize of job (KB)
...
005 (878387.000.000) 10/30 10:32:14 Job terminated.
	(1) Normal termination (return value 0)
		Usr 0 00:01:29, Sys 0 00:00:12  -  Run Remote Usage
		Usr 0 00:00:00, Sys 0 00:00:00  -  Run Local Usage
		Usr 0 00:01:29, Sys 0 00:00:12  -  Total Remote Usage
		Usr 0 00:00:00, Sys 0 00:00:00  -  Total Local Usage
	0  -  Run Bytes Sent By Job
	0  -  Run Bytes Received By Job
	0  -  Total Bytes Sent By Job
	0  -  Total Bytes Received By Job
	Partitionable Resources :    Usage  Request          
	   Cpus                 :                 1          
	   Disk (KB)            :        1        1          
	   Memory (MB)          :        2        2          
...
