000 (878395.000.000) 10/30 10:29:18 Job submitted from host: <128.120.80.20:33339>
...
001 (878395.000.000) 10/30 10:29:32 Job executing on host: <10.8.255.0:33999>
...
006 (878395.000.000) 10/30 10:29:40 Image size of job updated: 93052
	2  -  MemoryUsage of job (MB)
	1140  -  ResidentSetSize of job (KB)
...
006 (878395.000.000) 10/30 10:34:40 Image size of job updated: 803264
	590  -  MemoryUsage of job (MB)
	603848  -  ResidentSetSize of job (KB)
...
006 (878395.000.000) 10/30 10:37:34 Image size of job updated: 816476
	590  -  MemoryUsage of job (MB)
	603848  -  ResidentSetSize of job (KB)
...
005 (878395.000.000) 10/30 10:37:34 Job terminated.
	(1) Normal termination (return value 0)
		Usr 0 00:03:34, Sys 0 00:00:11  -  Run Remote Usage
		Usr 0 00:00:00, Sys 0 00:00:00  -  Run Local Usage
		Usr 0 00:03:34, Sys 0 00:00:11  -  Total Remote Usage
		Usr 0 00:00:00, Sys 0 00:00:00  -  Total Local Usage
	0  -  Run Bytes Sent By Job
	0  -  Run Bytes Received By Job
	0  -  Total Bytes Sent By Job
	0  -  Total Bytes Received By Job
	Partitionable Resources :    Usage  Request          
	   Cpus                 :                 1          
	   Disk (KB)            :        1        1          
	   Memory (MB)          :      590      590          
...
