000 (878362.000.000) 10/30 10:29:10 Job submitted from host: <128.120.80.20:33339>
...
001 (878362.000.000) 10/30 10:29:28 Job executing on host: <10.8.255.24:46931>
...
006 (878362.000.000) 10/30 10:29:37 Image size of job updated: 11332
	2  -  MemoryUsage of job (MB)
	1144  -  ResidentSetSize of job (KB)
...
006 (878362.000.000) 10/30 10:34:38 Image size of job updated: 732004
	492  -  MemoryUsage of job (MB)
	502836  -  ResidentSetSize of job (KB)
...
006 (878362.000.000) 10/30 10:39:38 Image size of job updated: 742756
	499  -  MemoryUsage of job (MB)
	509956  -  ResidentSetSize of job (KB)
...
006 (878362.000.000) 10/30 10:44:38 Image size of job updated: 756836
	518  -  MemoryUsage of job (MB)
	529700  -  ResidentSetSize of job (KB)
...
006 (878362.000.000) 10/30 10:58:15 Image size of job updated: 765536
	518  -  MemoryUsage of job (MB)
	529700  -  ResidentSetSize of job (KB)
...
005 (878362.000.000) 10/30 10:58:15 Job terminated.
	(1) Normal termination (return value 0)
		Usr 0 00:12:43, Sys 0 00:00:44  -  Run Remote Usage
		Usr 0 00:00:00, Sys 0 00:00:00  -  Run Local Usage
		Usr 0 00:12:43, Sys 0 00:00:44  -  Total Remote Usage
		Usr 0 00:00:00, Sys 0 00:00:00  -  Total Local Usage
	0  -  Run Bytes Sent By Job
	0  -  Run Bytes Received By Job
	0  -  Total Bytes Sent By Job
	0  -  Total Bytes Received By Job
	Partitionable Resources :    Usage  Request          
	   Cpus                 :                 1          
	   Disk (KB)            :        1        1          
	   Memory (MB)          :      518      518          
...
