000 (878381.000.000) 10/30 10:29:14 Job submitted from host: <128.120.80.20:33339>
...
001 (878381.000.000) 10/30 10:29:30 Job executing on host: <10.8.254.23:57583>
...
006 (878381.000.000) 10/30 10:29:39 Image size of job updated: 11332
	2  -  MemoryUsage of job (MB)
	1168  -  ResidentSetSize of job (KB)
...
006 (878381.000.000) 10/30 10:34:40 Image size of job updated: 653104
	414  -  MemoryUsage of job (MB)
	423316  -  ResidentSetSize of job (KB)
...
006 (878381.000.000) 10/30 10:39:40 Image size of job updated: 659760
	420  -  MemoryUsage of job (MB)
	429540  -  ResidentSetSize of job (KB)
...
006 (878381.000.000) 10/30 10:44:40 Image size of job updated: 661808
	427  -  MemoryUsage of job (MB)
	436772  -  ResidentSetSize of job (KB)
...
006 (878381.000.000) 10/30 10:49:41 Image size of job updated: 666416
	443  -  MemoryUsage of job (MB)
	453472  -  ResidentSetSize of job (KB)
...
006 (878381.000.000) 10/30 10:54:41 Image size of job updated: 669488
	443  -  MemoryUsage of job (MB)
	453472  -  ResidentSetSize of job (KB)
...
005 (878381.000.000) 10/30 11:15:20 Job terminated.
	(1) Normal termination (return value 0)
		Usr 0 00:29:29, Sys 0 00:05:08  -  Run Remote Usage
		Usr 0 00:00:00, Sys 0 00:00:00  -  Run Local Usage
		Usr 0 00:29:29, Sys 0 00:05:08  -  Total Remote Usage
		Usr 0 00:00:00, Sys 0 00:00:00  -  Total Local Usage
	0  -  Run Bytes Sent By Job
	0  -  Run Bytes Received By Job
	0  -  Total Bytes Sent By Job
	0  -  Total Bytes Received By Job
	Partitionable Resources :    Usage  Request          
	   Cpus                 :                 1          
	   Disk (KB)            :        1        1          
	   Memory (MB)          :      443      443          
...
