000 (878374.000.000) 10/30 10:29:13 Job submitted from host: <128.120.80.20:33339>
...
001 (878374.000.000) 10/30 10:29:29 Job executing on host: <10.8.254.23:57583>
...
006 (878374.000.000) 10/30 10:29:38 Image size of job updated: 11332
	2  -  MemoryUsage of job (MB)
	1172  -  ResidentSetSize of job (KB)
...
006 (878374.000.000) 10/30 10:34:39 Image size of job updated: 709240
	485  -  MemoryUsage of job (MB)
	496592  -  ResidentSetSize of job (KB)
...
006 (878374.000.000) 10/30 10:39:39 Image size of job updated: 766584
	536  -  MemoryUsage of job (MB)
	548556  -  ResidentSetSize of job (KB)
...
006 (878374.000.000) 10/30 10:44:40 Image size of job updated: 783480
	539  -  MemoryUsage of job (MB)
	551408  -  ResidentSetSize of job (KB)
...
006 (878374.000.000) 10/30 10:49:41 Image size of job updated: 787832
	539  -  MemoryUsage of job (MB)
	551408  -  ResidentSetSize of job (KB)
...
006 (878374.000.000) 10/30 10:54:41 Image size of job updated: 789112
	539  -  MemoryUsage of job (MB)
	551408  -  ResidentSetSize of job (KB)
...
006 (878374.000.000) 10/30 11:08:30 Image size of job updated: 789884
	539  -  MemoryUsage of job (MB)
	551408  -  ResidentSetSize of job (KB)
...
005 (878374.000.000) 10/30 11:08:30 Job terminated.
	(1) Normal termination (return value 0)
		Usr 0 00:10:00, Sys 0 00:03:55  -  Run Remote Usage
		Usr 0 00:00:00, Sys 0 00:00:00  -  Run Local Usage
		Usr 0 00:10:00, Sys 0 00:03:55  -  Total Remote Usage
		Usr 0 00:00:00, Sys 0 00:00:00  -  Total Local Usage
	0  -  Run Bytes Sent By Job
	0  -  Run Bytes Received By Job
	0  -  Total Bytes Sent By Job
	0  -  Total Bytes Received By Job
	Partitionable Resources :    Usage  Request          
	   Cpus                 :                 1          
	   Disk (KB)            :        1        1          
	   Memory (MB)          :      539      539          
...
