000 (878354.000.000) 10/30 10:29:08 Job submitted from host: <128.120.80.20:33339>
...
001 (878354.000.000) 10/30 10:29:28 Job executing on host: <10.8.255.7:35844>
...
006 (878354.000.000) 10/30 10:29:37 Image size of job updated: 1
	2  -  MemoryUsage of job (MB)
	1656  -  ResidentSetSize of job (KB)
...
006 (878354.000.000) 10/30 10:34:38 Image size of job updated: 730236
	512  -  MemoryUsage of job (MB)
	523920  -  ResidentSetSize of job (KB)
...
006 (878354.000.000) 10/30 10:39:39 Image size of job updated: 765052
	536  -  MemoryUsage of job (MB)
	548860  -  ResidentSetSize of job (KB)
...
005 (878354.000.000) 10/30 10:39:44 Job terminated.
	(1) Normal termination (return value 0)
		Usr 0 00:04:22, Sys 0 00:00:17  -  Run Remote Usage
		Usr 0 00:00:00, Sys 0 00:00:00  -  Run Local Usage
		Usr 0 00:04:22, Sys 0 00:00:17  -  Total Remote Usage
		Usr 0 00:00:00, Sys 0 00:00:00  -  Total Local Usage
	0  -  Run Bytes Sent By Job
	0  -  Run Bytes Received By Job
	0  -  Total Bytes Sent By Job
	0  -  Total Bytes Received By Job
	Partitionable Resources :    Usage  Request          
	   Cpus                 :                 1          
	   Disk (KB)            :        1        1          
	   Memory (MB)          :      536      536          
...
