000 (878388.000.000) 10/30 10:29:16 Job submitted from host: <128.120.80.20:33339>
...
001 (878388.000.000) 10/30 10:29:31 Job executing on host: <10.8.254.22:37393>
...
006 (878388.000.000) 10/30 10:29:39 Image size of job updated: 1
	2  -  MemoryUsage of job (MB)
	1680  -  ResidentSetSize of job (KB)
...
006 (878388.000.000) 10/30 10:34:39 Image size of job updated: 671188
	409  -  MemoryUsage of job (MB)
	418124  -  ResidentSetSize of job (KB)
...
006 (878388.000.000) 10/30 10:39:40 Image size of job updated: 673492
	409  -  MemoryUsage of job (MB)
	418124  -  ResidentSetSize of job (KB)
...
006 (878388.000.000) 10/30 10:44:41 Image size of job updated: 676308
	409  -  MemoryUsage of job (MB)
	418124  -  ResidentSetSize of job (KB)
...
006 (878388.000.000) 10/30 10:49:41 Image size of job updated: 679636
	412  -  MemoryUsage of job (MB)
	421052  -  ResidentSetSize of job (KB)
...
006 (878388.000.000) 10/30 10:59:43 Image size of job updated: 679636
	420  -  MemoryUsage of job (MB)
	429412  -  ResidentSetSize of job (KB)
...
006 (878388.000.000) 10/30 11:09:44 Image size of job updated: 679636
	427  -  MemoryUsage of job (MB)
	436940  -  ResidentSetSize of job (KB)
...
005 (878388.000.000) 10/30 11:11:09 Job terminated.
	(1) Normal termination (return value 0)
		Usr 0 00:16:17, Sys 0 00:00:22  -  Run Remote Usage
		Usr 0 00:00:00, Sys 0 00:00:00  -  Run Local Usage
		Usr 0 00:16:17, Sys 0 00:00:22  -  Total Remote Usage
		Usr 0 00:00:00, Sys 0 00:00:00  -  Total Local Usage
	0  -  Run Bytes Sent By Job
	0  -  Run Bytes Received By Job
	0  -  Total Bytes Sent By Job
	0  -  Total Bytes Received By Job
	Partitionable Resources :    Usage  Request          
	   Cpus                 :                 1          
	   Disk (KB)            :        1        1          
	   Memory (MB)          :      427      427          
...
