
Processing formatPlots.C("v2", "v2", true, "", "_a9", "_highMT")...
The Analysis File Path= /home/kmtos/NMSSM_Analysis/CMSSW_5_3_11/src/BoostedTauAnalysis/TauAnalyzer/test/OUTPUT/_a9/
Begin hadding...
...data
...non-isolated W data
...Wh1
...gg fusion
...Drell-Yan
...ttbar
...single top
...W+>=1 jet
...WZ
...ZZ
...WW

MTBIN= _highMT
Plot signal vs. background normalized to data luminosity
---
Processing file /home/kmtos/NMSSM_Analysis/CMSSW_5_3_11/src/BoostedTauAnalysis/TauAnalyzer/test/OUTPUT/_a9/muHadIsoAnalysis_Wh1_a9_hadd_v2.root
m > 4 GeV: 3.80226
Processing file /home/kmtos/NMSSM_Analysis/CMSSW_5_3_11/src/BoostedTauAnalysis/TauAnalyzer/test/OUTPUT/_a9/muHadIsoAnalysis_highMT_gg_a9_hadd_v2.root
m > 4 GeV: 204.773
Processing file /home/kmtos/NMSSM_Analysis/CMSSW_5_3_11/src/BoostedTauAnalysis/TauAnalyzer/test/OUTPUT/_a9/muHadIsoAnalysis_highMT_WW_hadd_v2.root
m > 4 GeV: 0.29999
Processing file /home/kmtos/NMSSM_Analysis/CMSSW_5_3_11/src/BoostedTauAnalysis/TauAnalyzer/test/OUTPUT/_a9/muHadIsoAnalysis_highMT_ZZ_hadd_v2.root
m > 4 GeV: 0.172618
Processing file /home/kmtos/NMSSM_Analysis/CMSSW_5_3_11/src/BoostedTauAnalysis/TauAnalyzer/test/OUTPUT/_a9/muHadIsoAnalysis_highMT_WZ_hadd_v2.root
m > 4 GeV: 0.521212
Processing file /home/kmtos/NMSSM_Analysis/CMSSW_5_3_11/src/BoostedTauAnalysis/TauAnalyzer/test/OUTPUT/_a9/muHadIsoAnalysis_highMT_WNJetsToLNu_v2.root
m > 4 GeV: 5.04239
Processing file /home/kmtos/NMSSM_Analysis/CMSSW_5_3_11/src/BoostedTauAnalysis/TauAnalyzer/test/OUTPUT/_a9/muHadIsoAnalysis_highMT_T_v2.root
m > 4 GeV: 0
Processing file /home/kmtos/NMSSM_Analysis/CMSSW_5_3_11/src/BoostedTauAnalysis/TauAnalyzer/test/OUTPUT/_a9/muHadIsoAnalysis_highMT_TTJets_hadd_v2.root
m > 4 GeV: 7.681
Processing file /home/kmtos/NMSSM_Analysis/CMSSW_5_3_11/src/BoostedTauAnalysis/TauAnalyzer/test/OUTPUT/_a9/muHadIsoAnalysis_highMT_DYJetsToLL_v2.root
m > 4 GeV: 0.452112

Plot signal vs. background normalized to 1
---
Processing file /home/kmtos/NMSSM_Analysis/CMSSW_5_3_11/src/BoostedTauAnalysis/TauAnalyzer/test/OUTPUT/_a9/muHadIsoAnalysis_Wh1_a9_hadd_v2.root
m > 4 GeV: 0.544707
Processing file /home/kmtos/NMSSM_Analysis/CMSSW_5_3_11/src/BoostedTauAnalysis/TauAnalyzer/test/OUTPUT/_a9/muHadIsoAnalysis_highMT_gg_a9_hadd_v2.root
m > 4 GeV: 0.445362
Processing file /home/kmtos/NMSSM_Analysis/CMSSW_5_3_11/src/BoostedTauAnalysis/TauAnalyzer/test/OUTPUT/_a9/muHadIsoAnalysis_highMT_WW_hadd_v2.root
m > 4 GeV: 0.129021
Processing file /home/kmtos/NMSSM_Analysis/CMSSW_5_3_11/src/BoostedTauAnalysis/TauAnalyzer/test/OUTPUT/_a9/muHadIsoAnalysis_highMT_ZZ_hadd_v2.root
m > 4 GeV: 0.165924
Processing file /home/kmtos/NMSSM_Analysis/CMSSW_5_3_11/src/BoostedTauAnalysis/TauAnalyzer/test/OUTPUT/_a9/muHadIsoAnalysis_highMT_WZ_hadd_v2.root
m > 4 GeV: 0.137077
Processing file /home/kmtos/NMSSM_Analysis/CMSSW_5_3_11/src/BoostedTauAnalysis/TauAnalyzer/test/OUTPUT/_a9/muHadIsoAnalysis_highMT_WNJetsToLNu_v2.root
m > 4 GeV: 0.0129364
Processing file /home/kmtos/NMSSM_Analysis/CMSSW_5_3_11/src/BoostedTauAnalysis/TauAnalyzer/test/OUTPUT/_a9/muHadIsoAnalysis_highMT_T_v2.root
m > 4 GeV: 0
Processing file /home/kmtos/NMSSM_Analysis/CMSSW_5_3_11/src/BoostedTauAnalysis/TauAnalyzer/test/OUTPUT/_a9/muHadIsoAnalysis_highMT_TTJets_hadd_v2.root
m > 4 GeV: 0.0986887
Processing file /home/kmtos/NMSSM_Analysis/CMSSW_5_3_11/src/BoostedTauAnalysis/TauAnalyzer/test/OUTPUT/_a9/muHadIsoAnalysis_highMT_DYJetsToLL_v2.root
m > 4 GeV: 0.00723536

Plot data vs. MC normalized to data luminosity
---
Processing file /home/kmtos/NMSSM_Analysis/CMSSW_5_3_11/src/BoostedTauAnalysis/TauAnalyzer/test/OUTPUT/_a9/muHadNonIsoAnalysis_highMT_SingleMu_v2.root
m > 4 GeV: 58
Processing file /home/kmtos/NMSSM_Analysis/CMSSW_5_3_11/src/BoostedTauAnalysis/TauAnalyzer/test/OUTPUT/_a9/muHadNonIsoAnalysis_highMT_WW_hadd_v2.root
m > 4 GeV: 0
Processing file /home/kmtos/NMSSM_Analysis/CMSSW_5_3_11/src/BoostedTauAnalysis/TauAnalyzer/test/OUTPUT/_a9/muHadNonIsoAnalysis_highMT_ZZ_hadd_v2.root
m > 4 GeV: 0.303366
Processing file /home/kmtos/NMSSM_Analysis/CMSSW_5_3_11/src/BoostedTauAnalysis/TauAnalyzer/test/OUTPUT/_a9/muHadNonIsoAnalysis_highMT_WZ_hadd_v2.root
m > 4 GeV: 0.437708
Processing file /home/kmtos/NMSSM_Analysis/CMSSW_5_3_11/src/BoostedTauAnalysis/TauAnalyzer/test/OUTPUT/_a9/muHadNonIsoAnalysis_highMT_WNJetsToLNu_v2.root
m > 4 GeV: 17.7743
Processing file /home/kmtos/NMSSM_Analysis/CMSSW_5_3_11/src/BoostedTauAnalysis/TauAnalyzer/test/OUTPUT/_a9/muHadNonIsoAnalysis_highMT_T_v2.root
m > 4 GeV: 0.691685
Processing file /home/kmtos/NMSSM_Analysis/CMSSW_5_3_11/src/BoostedTauAnalysis/TauAnalyzer/test/OUTPUT/_a9/muHadNonIsoAnalysis_highMT_TTJets_hadd_v2.root
m > 4 GeV: 31.7189
Processing file /home/kmtos/NMSSM_Analysis/CMSSW_5_3_11/src/BoostedTauAnalysis/TauAnalyzer/test/OUTPUT/_a9/muHadNonIsoAnalysis_highMT_DYJetsToLL_v2.root
m > 4 GeV: 2.53334

Plot data minus MC normalized to data luminosity
---

Plot data-driven QCD estimate for region A
---

Plot data-driven QCD estimate for region B
---

Plot signal vs. background with data-driven QCD estimate normalized to data luminosity
---
Processing file /home/kmtos/NMSSM_Analysis/CMSSW_5_3_11/src/BoostedTauAnalysis/TauAnalyzer/test/OUTPUT/_a9/muHadIsoAnalysis_Wh1_a9_hadd_v2.root
m > 4 GeV: 3.80226
Processing file /home/kmtos/NMSSM_Analysis/CMSSW_5_3_11/src/BoostedTauAnalysis/TauAnalyzer/test/OUTPUT/_a9/muHadIsoAnalysis_highMT_gg_a9_hadd_v2.root
m > 4 GeV: 204.773
Processing file /home/kmtos/NMSSM_Analysis/CMSSW_5_3_11/src/BoostedTauAnalysis/TauAnalyzer/test/OUTPUT/_a9/muHadIsoAnalysis_highMT_WW_hadd_v2.root
m > 4 GeV: 0.29999
Processing file /home/kmtos/NMSSM_Analysis/CMSSW_5_3_11/src/BoostedTauAnalysis/TauAnalyzer/test/OUTPUT/_a9/muHadIsoAnalysis_highMT_ZZ_hadd_v2.root
m > 4 GeV: 0.172618
Processing file /home/kmtos/NMSSM_Analysis/CMSSW_5_3_11/src/BoostedTauAnalysis/TauAnalyzer/test/OUTPUT/_a9/muHadIsoAnalysis_highMT_WZ_hadd_v2.root
m > 4 GeV: 0.521212
Processing file /home/kmtos/NMSSM_Analysis/CMSSW_5_3_11/src/BoostedTauAnalysis/TauAnalyzer/test/OUTPUT/_a9/muHadIsoAnalysis_highMT_WNJetsToLNu_v2.root
m > 4 GeV: 5.04239
Processing file /home/kmtos/NMSSM_Analysis/CMSSW_5_3_11/src/BoostedTauAnalysis/TauAnalyzer/test/OUTPUT/_a9/muHadIsoAnalysis_highMT_T_v2.root
m > 4 GeV: 0
Processing file /home/kmtos/NMSSM_Analysis/CMSSW_5_3_11/src/BoostedTauAnalysis/TauAnalyzer/test/OUTPUT/_a9/muHadIsoAnalysis_highMT_TTJets_hadd_v2.root
m > 4 GeV: 7.681
Processing file /home/kmtos/NMSSM_Analysis/CMSSW_5_3_11/src/BoostedTauAnalysis/TauAnalyzer/test/OUTPUT/_a9/muHadIsoAnalysis_highMT_DYJetsToLL_v2.root
m > 4 GeV: 0.452112
Processing file /home/kmtos/NMSSM_Analysis/CMSSW_5_3_11/src/BoostedTauAnalysis/TauAnalyzer/test/OUTPUT/_a9/results/dataVsMC_RegionAQCDEstimate_v2.root
m > 4 GeV: 0

Plot signal vs. background with data-driven QCD estimate normalized to 1
---
Processing file /home/kmtos/NMSSM_Analysis/CMSSW_5_3_11/src/BoostedTauAnalysis/TauAnalyzer/test/OUTPUT/_a9/muHadIsoAnalysis_Wh1_a9_hadd_v2.root
m > 4 GeV: 0.544707
Processing file /home/kmtos/NMSSM_Analysis/CMSSW_5_3_11/src/BoostedTauAnalysis/TauAnalyzer/test/OUTPUT/_a9/muHadIsoAnalysis_highMT_gg_a9_hadd_v2.root
m > 4 GeV: 0.445362
Processing file /home/kmtos/NMSSM_Analysis/CMSSW_5_3_11/src/BoostedTauAnalysis/TauAnalyzer/test/OUTPUT/_a9/muHadIsoAnalysis_highMT_WW_hadd_v2.root
m > 4 GeV: 0.129021
Processing file /home/kmtos/NMSSM_Analysis/CMSSW_5_3_11/src/BoostedTauAnalysis/TauAnalyzer/test/OUTPUT/_a9/muHadIsoAnalysis_highMT_ZZ_hadd_v2.root
m > 4 GeV: 0.165924
Processing file /home/kmtos/NMSSM_Analysis/CMSSW_5_3_11/src/BoostedTauAnalysis/TauAnalyzer/test/OUTPUT/_a9/muHadIsoAnalysis_highMT_WZ_hadd_v2.root
m > 4 GeV: 0.137077
Processing file /home/kmtos/NMSSM_Analysis/CMSSW_5_3_11/src/BoostedTauAnalysis/TauAnalyzer/test/OUTPUT/_a9/muHadIsoAnalysis_highMT_WNJetsToLNu_v2.root
m > 4 GeV: 0.0129364
Processing file /home/kmtos/NMSSM_Analysis/CMSSW_5_3_11/src/BoostedTauAnalysis/TauAnalyzer/test/OUTPUT/_a9/muHadIsoAnalysis_highMT_T_v2.root
m > 4 GeV: 0
Processing file /home/kmtos/NMSSM_Analysis/CMSSW_5_3_11/src/BoostedTauAnalysis/TauAnalyzer/test/OUTPUT/_a9/muHadIsoAnalysis_highMT_TTJets_hadd_v2.root
m > 4 GeV: 0.0986887
Processing file /home/kmtos/NMSSM_Analysis/CMSSW_5_3_11/src/BoostedTauAnalysis/TauAnalyzer/test/OUTPUT/_a9/muHadIsoAnalysis_highMT_DYJetsToLL_v2.root
m > 4 GeV: 0.00723536
Processing file /home/kmtos/NMSSM_Analysis/CMSSW_5_3_11/src/BoostedTauAnalysis/TauAnalyzer/test/OUTPUT/_a9/results/dataVsMC_RegionAQCDEstimate_v2.root
m > 4 GeV: nan

Plot data vs. MC with data-driven QCD estimate normalized to data luminosity
---
Processing file /home/kmtos/NMSSM_Analysis/CMSSW_5_3_11/src/BoostedTauAnalysis/TauAnalyzer/test/OUTPUT/_a9/muHadNonIsoAnalysis_highMT_SingleMu_v2.root
m > 4 GeV: 58
Processing file /home/kmtos/NMSSM_Analysis/CMSSW_5_3_11/src/BoostedTauAnalysis/TauAnalyzer/test/OUTPUT/_a9/muHadNonIsoAnalysis_highMT_WW_hadd_v2.root
m > 4 GeV: 0
Processing file /home/kmtos/NMSSM_Analysis/CMSSW_5_3_11/src/BoostedTauAnalysis/TauAnalyzer/test/OUTPUT/_a9/muHadNonIsoAnalysis_highMT_ZZ_hadd_v2.root
m > 4 GeV: 0.303366
Processing file /home/kmtos/NMSSM_Analysis/CMSSW_5_3_11/src/BoostedTauAnalysis/TauAnalyzer/test/OUTPUT/_a9/muHadNonIsoAnalysis_highMT_WZ_hadd_v2.root
m > 4 GeV: 0.437708
Processing file /home/kmtos/NMSSM_Analysis/CMSSW_5_3_11/src/BoostedTauAnalysis/TauAnalyzer/test/OUTPUT/_a9/muHadNonIsoAnalysis_highMT_WNJetsToLNu_v2.root
m > 4 GeV: 17.7743
Processing file /home/kmtos/NMSSM_Analysis/CMSSW_5_3_11/src/BoostedTauAnalysis/TauAnalyzer/test/OUTPUT/_a9/muHadNonIsoAnalysis_highMT_T_v2.root
m > 4 GeV: 0.691685
Processing file /home/kmtos/NMSSM_Analysis/CMSSW_5_3_11/src/BoostedTauAnalysis/TauAnalyzer/test/OUTPUT/_a9/muHadNonIsoAnalysis_highMT_TTJets_hadd_v2.root
m > 4 GeV: 31.7189
Processing file /home/kmtos/NMSSM_Analysis/CMSSW_5_3_11/src/BoostedTauAnalysis/TauAnalyzer/test/OUTPUT/_a9/muHadNonIsoAnalysis_highMT_DYJetsToLL_v2.root
m > 4 GeV: 2.53334
Processing file /home/kmtos/NMSSM_Analysis/CMSSW_5_3_11/src/BoostedTauAnalysis/TauAnalyzer/test/OUTPUT/_a9/results/dataVsMC_RegionBQCDEstimate_v2.root
m > 4 GeV: 0
QCDVSMC pCanvas: 0x17987d30
QCDVsMC pHist: 0x17d73e90
QCDVSMC pCanvas: 0x17a60370
QCDVsMC pHist: 0x170ca150
QCDVSMC pCanvas: 0x1707e540
QCDVsMC pHist: 0x1792eb20
QCDVSMC pCanvas: 0x17db2c70
QCDVsMC pHist: 0x17863f60
QCDVSMC pCanvas: 0x1764c190
QCDVsMC pHist: 0x17db1e10
QCDVSMC pCanvas: 0x17562cf0
QCDVsMC pHist: 0x176a9300
QCDVSMC pCanvas: 0x17422d60
QCDVsMC pHist: 0x17d19570
QCDVSMC pCanvas: 0x177ca9c0
QCDVsMC pHist: 0x177c2150
QCDVSMC pCanvas: 0x17da48c0
QCDVsMC pHist: 0x1706e4a0
QCDVSMC pCanvas: 0x17c92c30
QCDVsMC pHist: 0x177687f0
QCDVSMC pCanvas: 0x1787e3e0
QCDVsMC pHist: 0x170cd240
QCDVSMC pCanvas: 0x17131030
QCDVsMC pHist: 0x170cd970
QCDVSMC pCanvas: 0x15f3c070
QCDVsMC pHist: 0x17d1f1d0
QCDVSMC pCanvas: 0x17880cf0
QCDVsMC pHist: 0x17dbd900
QCDVSMC pCanvas: 0x178f0a10
QCDVsMC pHist: 0x177b6040
QCDVSMC pCanvas: 0x17ab7e90
QCDVsMC pHist: 0x17ab7890

Begin region A vs. region B plots, sample by sample...

...Drell-Yan
...without reweighting
Processing file /home/kmtos/NMSSM_Analysis/CMSSW_5_3_11/src/BoostedTauAnalysis/TauAnalyzer/test/OUTPUT/_a9/muHadIsoAnalysis_highMT_DYJetsToLL_v2.root
m > 4 GeV: 0.00723536
Processing file /home/kmtos/NMSSM_Analysis/CMSSW_5_3_11/src/BoostedTauAnalysis/TauAnalyzer/test/OUTPUT/_a9/muHadNonIsoAnalysis_highMT_DYJetsToLL_v2.root
m > 4 GeV: 0.00869407
...ttbar
...without reweighting
Processing file /home/kmtos/NMSSM_Analysis/CMSSW_5_3_11/src/BoostedTauAnalysis/TauAnalyzer/test/OUTPUT/_a9/muHadIsoAnalysis_highMT_TTJets_hadd_v2.root
m > 4 GeV: 0.0986887
Processing file /home/kmtos/NMSSM_Analysis/CMSSW_5_3_11/src/BoostedTauAnalysis/TauAnalyzer/test/OUTPUT/_a9/muHadNonIsoAnalysis_highMT_TTJets_hadd_v2.root
m > 4 GeV: 0.0912889
...single top
...without reweighting
Processing file /home/kmtos/NMSSM_Analysis/CMSSW_5_3_11/src/BoostedTauAnalysis/TauAnalyzer/test/OUTPUT/_a9/muHadIsoAnalysis_highMT_T_v2.root
m > 4 GeV: 0
Processing file /home/kmtos/NMSSM_Analysis/CMSSW_5_3_11/src/BoostedTauAnalysis/TauAnalyzer/test/OUTPUT/_a9/muHadNonIsoAnalysis_highMT_T_v2.root
m > 4 GeV: 0.0131739
...W+>=1 jet
...without reweighting
Processing file /home/kmtos/NMSSM_Analysis/CMSSW_5_3_11/src/BoostedTauAnalysis/TauAnalyzer/test/OUTPUT/_a9/muHadIsoAnalysis_highMT_WNJetsToLNu_v2.root
m > 4 GeV: 0.0129364
Processing file /home/kmtos/NMSSM_Analysis/CMSSW_5_3_11/src/BoostedTauAnalysis/TauAnalyzer/test/OUTPUT/_a9/muHadNonIsoAnalysis_highMT_WNJetsToLNu_v2.root
m > 4 GeV: 0.0138258
...WZ
...without reweighting
Processing file /home/kmtos/NMSSM_Analysis/CMSSW_5_3_11/src/BoostedTauAnalysis/TauAnalyzer/test/OUTPUT/_a9/muHadIsoAnalysis_highMT_WZ_hadd_v2.root
m > 4 GeV: 0.137077
Processing file /home/kmtos/NMSSM_Analysis/CMSSW_5_3_11/src/BoostedTauAnalysis/TauAnalyzer/test/OUTPUT/_a9/muHadNonIsoAnalysis_highMT_WZ_hadd_v2.root
m > 4 GeV: 0.040299
...ZZ
...without reweighting
Processing file /home/kmtos/NMSSM_Analysis/CMSSW_5_3_11/src/BoostedTauAnalysis/TauAnalyzer/test/OUTPUT/_a9/muHadIsoAnalysis_highMT_ZZ_hadd_v2.root
m > 4 GeV: 0.165924
Processing file /home/kmtos/NMSSM_Analysis/CMSSW_5_3_11/src/BoostedTauAnalysis/TauAnalyzer/test/OUTPUT/_a9/muHadNonIsoAnalysis_highMT_ZZ_hadd_v2.root
m > 4 GeV: 0.0913166
...WW
...without reweighting
Processing file /home/kmtos/NMSSM_Analysis/CMSSW_5_3_11/src/BoostedTauAnalysis/TauAnalyzer/test/OUTPUT/_a9/muHadIsoAnalysis_highMT_WW_hadd_v2.root
m > 4 GeV: 0.129021
Processing file /home/kmtos/NMSSM_Analysis/CMSSW_5_3_11/src/BoostedTauAnalysis/TauAnalyzer/test/OUTPUT/_a9/muHadNonIsoAnalysis_highMT_WW_hadd_v2.root
m > 4 GeV: 0
...non-isolated W data
...without reweighting
Processing file /home/kmtos/NMSSM_Analysis/CMSSW_5_3_11/src/BoostedTauAnalysis/TauAnalyzer/test/OUTPUT/_a9/nonIsoW_muHadIsoAnalysis_highMT_SingleMu_v2.root
m > 4 GeV: nan
Processing file /home/kmtos/NMSSM_Analysis/CMSSW_5_3_11/src/BoostedTauAnalysis/TauAnalyzer/test/OUTPUT/_a9/nonIsoW_muHadNonIsoAnalysis_highMT_SingleMu_v2.root
m > 4 GeV: 0
---
Making final plots
Region A MC + data-driven QCD, m > 4: 14.1693 +/- 6.12135
Region B data, m > 4: 18.8749 +/- 2.527
Region A signal 0, m > 4: 3.80226
Region A signal 1, m > 4: 204.773
Region A data, m < 2: 645
---
Fitting for weights
 FCN= unknown        FROM MIGrad      STATUS=RESET           0 CALLS           0 TOTAL
                     EDM= unknown      STRATEGY= 1      NO ERROR MATRIX       
  EXT PARAMETER               CURRENT GUESS       STEP         FIRST   
  NO.   NAME      VALUE            ERROR          SIZE      DERIVATIVE 
   1  Constant             nan   constant   
   2  Slope                nan   constant   
