
Processing formatPlots.C("v2", "v2", true, "", "_a9", "_lowMT")...
Begin hadding...
...data
...non-isolated W data
...Wh1
...gg fusion
...Drell-Yan
...ttbar
...single top
...W+>=1 jet
...WZ
...ZZ
...WW

MTBIN= _lowMT
Plot signal vs. background normalized to data luminosity
---
Processing file /home/kmtos/NMSSM_Analysis/CMSSW_5_3_11/src/BoostedTauAnalysis/TauAnalyzer/test/OUTPUT/muHadIsoAnalysis_Wh1_a9_hadd_v2.root
m > 4 GeV: 1.46283
Processing file /home/kmtos/NMSSM_Analysis/CMSSW_5_3_11/src/BoostedTauAnalysis/TauAnalyzer/test/OUTPUT/muHadIsoAnalysis_lowMT_gg_a9_hadd_v2.root
m > 4 GeV: 1119.93
Processing file /home/kmtos/NMSSM_Analysis/CMSSW_5_3_11/src/BoostedTauAnalysis/TauAnalyzer/test/OUTPUT/muHadIsoAnalysis_lowMT_WW_hadd_v2.root
m > 4 GeV: 0
Processing file /home/kmtos/NMSSM_Analysis/CMSSW_5_3_11/src/BoostedTauAnalysis/TauAnalyzer/test/OUTPUT/muHadIsoAnalysis_lowMT_ZZ_hadd_v2.root
m > 4 GeV: 0.234858
Processing file /home/kmtos/NMSSM_Analysis/CMSSW_5_3_11/src/BoostedTauAnalysis/TauAnalyzer/test/OUTPUT/muHadIsoAnalysis_lowMT_WZ_hadd_v2.root
m > 4 GeV: 0
Processing file /home/kmtos/NMSSM_Analysis/CMSSW_5_3_11/src/BoostedTauAnalysis/TauAnalyzer/test/OUTPUT/muHadIsoAnalysis_lowMT_WNJetsToLNu_v2.root
m > 4 GeV: 0
Processing file /home/kmtos/NMSSM_Analysis/CMSSW_5_3_11/src/BoostedTauAnalysis/TauAnalyzer/test/OUTPUT/muHadIsoAnalysis_lowMT_T_v2.root
m > 4 GeV: 0
Processing file /home/kmtos/NMSSM_Analysis/CMSSW_5_3_11/src/BoostedTauAnalysis/TauAnalyzer/test/OUTPUT/muHadIsoAnalysis_lowMT_TTJets_hadd_v2.root
m > 4 GeV: 8.09537
Processing file /home/kmtos/NMSSM_Analysis/CMSSW_5_3_11/src/BoostedTauAnalysis/TauAnalyzer/test/OUTPUT/muHadIsoAnalysis_lowMT_DYJetsToLL_v2.root
m > 4 GeV: 17.1104

Plot signal vs. background normalized to 1
---
Processing file /home/kmtos/NMSSM_Analysis/CMSSW_5_3_11/src/BoostedTauAnalysis/TauAnalyzer/test/OUTPUT/muHadIsoAnalysis_Wh1_a9_hadd_v2.root
m > 4 GeV: 0.602411
Processing file /home/kmtos/NMSSM_Analysis/CMSSW_5_3_11/src/BoostedTauAnalysis/TauAnalyzer/test/OUTPUT/muHadIsoAnalysis_lowMT_gg_a9_hadd_v2.root
m > 4 GeV: 0.680217
Processing file /home/kmtos/NMSSM_Analysis/CMSSW_5_3_11/src/BoostedTauAnalysis/TauAnalyzer/test/OUTPUT/muHadIsoAnalysis_lowMT_WW_hadd_v2.root
m > 4 GeV: 0
Processing file /home/kmtos/NMSSM_Analysis/CMSSW_5_3_11/src/BoostedTauAnalysis/TauAnalyzer/test/OUTPUT/muHadIsoAnalysis_lowMT_ZZ_hadd_v2.root
m > 4 GeV: 0.166611
Processing file /home/kmtos/NMSSM_Analysis/CMSSW_5_3_11/src/BoostedTauAnalysis/TauAnalyzer/test/OUTPUT/muHadIsoAnalysis_lowMT_WZ_hadd_v2.root
m > 4 GeV: 0
Processing file /home/kmtos/NMSSM_Analysis/CMSSW_5_3_11/src/BoostedTauAnalysis/TauAnalyzer/test/OUTPUT/muHadIsoAnalysis_lowMT_WNJetsToLNu_v2.root
m > 4 GeV: 0
Processing file /home/kmtos/NMSSM_Analysis/CMSSW_5_3_11/src/BoostedTauAnalysis/TauAnalyzer/test/OUTPUT/muHadIsoAnalysis_lowMT_T_v2.root
m > 4 GeV: 0
Processing file /home/kmtos/NMSSM_Analysis/CMSSW_5_3_11/src/BoostedTauAnalysis/TauAnalyzer/test/OUTPUT/muHadIsoAnalysis_lowMT_TTJets_hadd_v2.root
m > 4 GeV: 0.197854
Processing file /home/kmtos/NMSSM_Analysis/CMSSW_5_3_11/src/BoostedTauAnalysis/TauAnalyzer/test/OUTPUT/muHadIsoAnalysis_lowMT_DYJetsToLL_v2.root
m > 4 GeV: 0.0992528

Plot data vs. MC normalized to data luminosity
---
Processing file /home/kmtos/NMSSM_Analysis/CMSSW_5_3_11/src/BoostedTauAnalysis/TauAnalyzer/test/OUTPUT/muHadNonIsoAnalysis_lowMT_SingleMu_v2.root
m > 4 GeV: 45
Processing file /home/kmtos/NMSSM_Analysis/CMSSW_5_3_11/src/BoostedTauAnalysis/TauAnalyzer/test/OUTPUT/muHadNonIsoAnalysis_lowMT_WW_hadd_v2.root
m > 4 GeV: 0.147341
Processing file /home/kmtos/NMSSM_Analysis/CMSSW_5_3_11/src/BoostedTauAnalysis/TauAnalyzer/test/OUTPUT/muHadNonIsoAnalysis_lowMT_ZZ_hadd_v2.root
m > 4 GeV: 0.196996
Processing file /home/kmtos/NMSSM_Analysis/CMSSW_5_3_11/src/BoostedTauAnalysis/TauAnalyzer/test/OUTPUT/muHadNonIsoAnalysis_lowMT_WZ_hadd_v2.root
m > 4 GeV: 0.174949
Processing file /home/kmtos/NMSSM_Analysis/CMSSW_5_3_11/src/BoostedTauAnalysis/TauAnalyzer/test/OUTPUT/muHadNonIsoAnalysis_lowMT_WNJetsToLNu_v2.root
m > 4 GeV: 4.54398
Processing file /home/kmtos/NMSSM_Analysis/CMSSW_5_3_11/src/BoostedTauAnalysis/TauAnalyzer/test/OUTPUT/muHadNonIsoAnalysis_lowMT_T_v2.root
m > 4 GeV: 0.735086
Processing file /home/kmtos/NMSSM_Analysis/CMSSW_5_3_11/src/BoostedTauAnalysis/TauAnalyzer/test/OUTPUT/muHadNonIsoAnalysis_lowMT_TTJets_hadd_v2.root
m > 4 GeV: 5.19478
Processing file /home/kmtos/NMSSM_Analysis/CMSSW_5_3_11/src/BoostedTauAnalysis/TauAnalyzer/test/OUTPUT/muHadNonIsoAnalysis_lowMT_DYJetsToLL_v2.root
m > 4 GeV: 11.1654

Plot data minus MC normalized to data luminosity
---

Plot data-driven QCD estimate for region A
---

Plot data-driven QCD estimate for region B
---

Plot signal vs. background with data-driven QCD estimate normalized to data luminosity
---
Processing file /home/kmtos/NMSSM_Analysis/CMSSW_5_3_11/src/BoostedTauAnalysis/TauAnalyzer/test/OUTPUT/muHadIsoAnalysis_Wh1_a9_hadd_v2.root
m > 4 GeV: 1.46283
Processing file /home/kmtos/NMSSM_Analysis/CMSSW_5_3_11/src/BoostedTauAnalysis/TauAnalyzer/test/OUTPUT/muHadIsoAnalysis_lowMT_gg_a9_hadd_v2.root
m > 4 GeV: 1119.93
Processing file /home/kmtos/NMSSM_Analysis/CMSSW_5_3_11/src/BoostedTauAnalysis/TauAnalyzer/test/OUTPUT/muHadIsoAnalysis_lowMT_WW_hadd_v2.root
m > 4 GeV: 0
Processing file /home/kmtos/NMSSM_Analysis/CMSSW_5_3_11/src/BoostedTauAnalysis/TauAnalyzer/test/OUTPUT/muHadIsoAnalysis_lowMT_ZZ_hadd_v2.root
m > 4 GeV: 0.234858
Processing file /home/kmtos/NMSSM_Analysis/CMSSW_5_3_11/src/BoostedTauAnalysis/TauAnalyzer/test/OUTPUT/muHadIsoAnalysis_lowMT_WZ_hadd_v2.root
m > 4 GeV: 0
Processing file /home/kmtos/NMSSM_Analysis/CMSSW_5_3_11/src/BoostedTauAnalysis/TauAnalyzer/test/OUTPUT/muHadIsoAnalysis_lowMT_WNJetsToLNu_v2.root
m > 4 GeV: 0
Processing file /home/kmtos/NMSSM_Analysis/CMSSW_5_3_11/src/BoostedTauAnalysis/TauAnalyzer/test/OUTPUT/muHadIsoAnalysis_lowMT_T_v2.root
m > 4 GeV: 0
Processing file /home/kmtos/NMSSM_Analysis/CMSSW_5_3_11/src/BoostedTauAnalysis/TauAnalyzer/test/OUTPUT/muHadIsoAnalysis_lowMT_TTJets_hadd_v2.root
m > 4 GeV: 8.09537
Processing file /home/kmtos/NMSSM_Analysis/CMSSW_5_3_11/src/BoostedTauAnalysis/TauAnalyzer/test/OUTPUT/muHadIsoAnalysis_lowMT_DYJetsToLL_v2.root
m > 4 GeV: 17.1104
Processing file /home/kmtos/NMSSM_Analysis/CMSSW_5_3_11/src/BoostedTauAnalysis/TauAnalyzer/test/OUTPUT/results/dataVsMC_RegionAQCDEstimate_v2.root
m > 4 GeV: 0

Plot signal vs. background with data-driven QCD estimate normalized to 1
---
Processing file /home/kmtos/NMSSM_Analysis/CMSSW_5_3_11/src/BoostedTauAnalysis/TauAnalyzer/test/OUTPUT/muHadIsoAnalysis_Wh1_a9_hadd_v2.root
m > 4 GeV: 0.602411
Processing file /home/kmtos/NMSSM_Analysis/CMSSW_5_3_11/src/BoostedTauAnalysis/TauAnalyzer/test/OUTPUT/muHadIsoAnalysis_lowMT_gg_a9_hadd_v2.root
m > 4 GeV: 0.680217
Processing file /home/kmtos/NMSSM_Analysis/CMSSW_5_3_11/src/BoostedTauAnalysis/TauAnalyzer/test/OUTPUT/muHadIsoAnalysis_lowMT_WW_hadd_v2.root
m > 4 GeV: 0
Processing file /home/kmtos/NMSSM_Analysis/CMSSW_5_3_11/src/BoostedTauAnalysis/TauAnalyzer/test/OUTPUT/muHadIsoAnalysis_lowMT_ZZ_hadd_v2.root
m > 4 GeV: 0.166611
Processing file /home/kmtos/NMSSM_Analysis/CMSSW_5_3_11/src/BoostedTauAnalysis/TauAnalyzer/test/OUTPUT/muHadIsoAnalysis_lowMT_WZ_hadd_v2.root
m > 4 GeV: 0
Processing file /home/kmtos/NMSSM_Analysis/CMSSW_5_3_11/src/BoostedTauAnalysis/TauAnalyzer/test/OUTPUT/muHadIsoAnalysis_lowMT_WNJetsToLNu_v2.root
m > 4 GeV: 0
Processing file /home/kmtos/NMSSM_Analysis/CMSSW_5_3_11/src/BoostedTauAnalysis/TauAnalyzer/test/OUTPUT/muHadIsoAnalysis_lowMT_T_v2.root
m > 4 GeV: 0
Processing file /home/kmtos/NMSSM_Analysis/CMSSW_5_3_11/src/BoostedTauAnalysis/TauAnalyzer/test/OUTPUT/muHadIsoAnalysis_lowMT_TTJets_hadd_v2.root
m > 4 GeV: 0.197854
Processing file /home/kmtos/NMSSM_Analysis/CMSSW_5_3_11/src/BoostedTauAnalysis/TauAnalyzer/test/OUTPUT/muHadIsoAnalysis_lowMT_DYJetsToLL_v2.root
m > 4 GeV: 0.0992528
Processing file /home/kmtos/NMSSM_Analysis/CMSSW_5_3_11/src/BoostedTauAnalysis/TauAnalyzer/test/OUTPUT/results/dataVsMC_RegionAQCDEstimate_v2.root
m > 4 GeV: 0

Plot data vs. MC with data-driven QCD estimate normalized to data luminosity
---
Processing file /home/kmtos/NMSSM_Analysis/CMSSW_5_3_11/src/BoostedTauAnalysis/TauAnalyzer/test/OUTPUT/muHadNonIsoAnalysis_lowMT_SingleMu_v2.root
m > 4 GeV: 45
Processing file /home/kmtos/NMSSM_Analysis/CMSSW_5_3_11/src/BoostedTauAnalysis/TauAnalyzer/test/OUTPUT/muHadNonIsoAnalysis_lowMT_WW_hadd_v2.root
m > 4 GeV: 0.147341
Processing file /home/kmtos/NMSSM_Analysis/CMSSW_5_3_11/src/BoostedTauAnalysis/TauAnalyzer/test/OUTPUT/muHadNonIsoAnalysis_lowMT_ZZ_hadd_v2.root
m > 4 GeV: 0.196996
Processing file /home/kmtos/NMSSM_Analysis/CMSSW_5_3_11/src/BoostedTauAnalysis/TauAnalyzer/test/OUTPUT/muHadNonIsoAnalysis_lowMT_WZ_hadd_v2.root
m > 4 GeV: 0.174949
Processing file /home/kmtos/NMSSM_Analysis/CMSSW_5_3_11/src/BoostedTauAnalysis/TauAnalyzer/test/OUTPUT/muHadNonIsoAnalysis_lowMT_WNJetsToLNu_v2.root
m > 4 GeV: 4.54398
Processing file /home/kmtos/NMSSM_Analysis/CMSSW_5_3_11/src/BoostedTauAnalysis/TauAnalyzer/test/OUTPUT/muHadNonIsoAnalysis_lowMT_T_v2.root
m > 4 GeV: 0.735086
Processing file /home/kmtos/NMSSM_Analysis/CMSSW_5_3_11/src/BoostedTauAnalysis/TauAnalyzer/test/OUTPUT/muHadNonIsoAnalysis_lowMT_TTJets_hadd_v2.root
m > 4 GeV: 5.19478
Processing file /home/kmtos/NMSSM_Analysis/CMSSW_5_3_11/src/BoostedTauAnalysis/TauAnalyzer/test/OUTPUT/muHadNonIsoAnalysis_lowMT_DYJetsToLL_v2.root
m > 4 GeV: 11.1654
Processing file /home/kmtos/NMSSM_Analysis/CMSSW_5_3_11/src/BoostedTauAnalysis/TauAnalyzer/test/OUTPUT/results/dataVsMC_RegionBQCDEstimate_v2.root
m > 4 GeV: 0
QCDVSMC pCanvas: 0x261783e0
QCDVsMC pHist: 0x26318fd0
QCDVSMC pCanvas: 0x263235b0
QCDVsMC pHist: 0x2630b7f0
QCDVSMC pCanvas: 0x25bf8c60
QCDVsMC pHist: 0x25a7bb40
QCDVSMC pCanvas: 0x25cd7e30
QCDVsMC pHist: 0x25c53130
QCDVSMC pCanvas: 0x259f0570
QCDVsMC pHist: 0x25bf8530
QCDVSMC pCanvas: 0x25c25970
QCDVsMC pHist: 0x25b00260
QCDVSMC pCanvas: 0x25eac650
QCDVsMC pHist: 0x25b00990
QCDVSMC pCanvas: 0x25a0c7d0
QCDVsMC pHist: 0x25c0b460
QCDVSMC pCanvas: 0x25d204d0
QCDVsMC pHist: 0x261843f0
QCDVSMC pCanvas: 0x25e53bd0
QCDVsMC pHist: 0x25a7a3f0
QCDVSMC pCanvas: 0x25bff5a0
QCDVsMC pHist: 0x25a48c90
QCDVSMC pCanvas: 0x25600970
QCDVsMC pHist: 0x25b25eb0
QCDVSMC pCanvas: 0x239ba1c0
QCDVsMC pHist: 0x25fa32a0
QCDVSMC pCanvas: 0x261a98e0
QCDVsMC pHist: 0x25f266a0
QCDVSMC pCanvas: 0x25de24c0
QCDVsMC pHist: 0x25ec4db0
QCDVSMC pCanvas: 0x25f88260
QCDVsMC pHist: 0x2612f720

Begin region A vs. region B plots, sample by sample...

...Drell-Yan
...without reweighting
Processing file /home/kmtos/NMSSM_Analysis/CMSSW_5_3_11/src/BoostedTauAnalysis/TauAnalyzer/test/OUTPUT/muHadIsoAnalysis_lowMT_DYJetsToLL_v2.root
m > 4 GeV: 0.0992528
Processing file /home/kmtos/NMSSM_Analysis/CMSSW_5_3_11/src/BoostedTauAnalysis/TauAnalyzer/test/OUTPUT/muHadNonIsoAnalysis_lowMT_DYJetsToLL_v2.root
m > 4 GeV: 0.0246254
...ttbar
...without reweighting
Processing file /home/kmtos/NMSSM_Analysis/CMSSW_5_3_11/src/BoostedTauAnalysis/TauAnalyzer/test/OUTPUT/muHadIsoAnalysis_lowMT_TTJets_hadd_v2.root
m > 4 GeV: 0.197854
Processing file /home/kmtos/NMSSM_Analysis/CMSSW_5_3_11/src/BoostedTauAnalysis/TauAnalyzer/test/OUTPUT/muHadNonIsoAnalysis_lowMT_TTJets_hadd_v2.root
m > 4 GeV: 0.0306173
...single top
...without reweighting
Processing file /home/kmtos/NMSSM_Analysis/CMSSW_5_3_11/src/BoostedTauAnalysis/TauAnalyzer/test/OUTPUT/muHadIsoAnalysis_lowMT_T_v2.root
m > 4 GeV: 0
Processing file /home/kmtos/NMSSM_Analysis/CMSSW_5_3_11/src/BoostedTauAnalysis/TauAnalyzer/test/OUTPUT/muHadNonIsoAnalysis_lowMT_T_v2.root
m > 4 GeV: 0.046748
...W+>=1 jet
...without reweighting
Processing file /home/kmtos/NMSSM_Analysis/CMSSW_5_3_11/src/BoostedTauAnalysis/TauAnalyzer/test/OUTPUT/muHadIsoAnalysis_lowMT_WNJetsToLNu_v2.root
m > 4 GeV: 0
Processing file /home/kmtos/NMSSM_Analysis/CMSSW_5_3_11/src/BoostedTauAnalysis/TauAnalyzer/test/OUTPUT/muHadNonIsoAnalysis_lowMT_WNJetsToLNu_v2.root
m > 4 GeV: 0.00955466
...WZ
...without reweighting
Processing file /home/kmtos/NMSSM_Analysis/CMSSW_5_3_11/src/BoostedTauAnalysis/TauAnalyzer/test/OUTPUT/muHadIsoAnalysis_lowMT_WZ_hadd_v2.root
m > 4 GeV: 0
Processing file /home/kmtos/NMSSM_Analysis/CMSSW_5_3_11/src/BoostedTauAnalysis/TauAnalyzer/test/OUTPUT/muHadNonIsoAnalysis_lowMT_WZ_hadd_v2.root
m > 4 GeV: 0.0360106
...ZZ
...without reweighting
Processing file /home/kmtos/NMSSM_Analysis/CMSSW_5_3_11/src/BoostedTauAnalysis/TauAnalyzer/test/OUTPUT/muHadIsoAnalysis_lowMT_ZZ_hadd_v2.root
m > 4 GeV: 0.166611
Processing file /home/kmtos/NMSSM_Analysis/CMSSW_5_3_11/src/BoostedTauAnalysis/TauAnalyzer/test/OUTPUT/muHadNonIsoAnalysis_lowMT_ZZ_hadd_v2.root
m > 4 GeV: 0.0609396
...WW
...without reweighting
Processing file /home/kmtos/NMSSM_Analysis/CMSSW_5_3_11/src/BoostedTauAnalysis/TauAnalyzer/test/OUTPUT/muHadIsoAnalysis_lowMT_WW_hadd_v2.root
m > 4 GeV: 0
Processing file /home/kmtos/NMSSM_Analysis/CMSSW_5_3_11/src/BoostedTauAnalysis/TauAnalyzer/test/OUTPUT/muHadNonIsoAnalysis_lowMT_WW_hadd_v2.root
m > 4 GeV: 0.0564038
...non-isolated W data
...without reweighting
Processing file /home/kmtos/NMSSM_Analysis/CMSSW_5_3_11/src/BoostedTauAnalysis/TauAnalyzer/test/OUTPUT/nonIsoW_muHadIsoAnalysis_lowMT_SingleMu_v2.root
m > 4 GeV: 0
Processing file /home/kmtos/NMSSM_Analysis/CMSSW_5_3_11/src/BoostedTauAnalysis/TauAnalyzer/test/OUTPUT/nonIsoW_muHadNonIsoAnalysis_lowMT_SingleMu_v2.root
m > 4 GeV: 0
---
Making final plots
Region A MC + data-driven QCD, m > 4: 25.4406 +/- 8.63776
Region B data, m > 4: 12.9831 +/- 1.98126
Region A signal 0, m > 4: 1.46283
Region A signal 1, m > 4: 1119.93
Region A data, m < 2: 427
---
Fitting for weights
 FCN=1.68099e-32 FROM MIGRAD    STATUS=CONVERGED      26 CALLS          27 TOTAL
                     EDM=2.54996e-20    STRATEGY= 1      ERROR MATRIX ACCURATE 
  EXT PARAMETER                                   STEP         FIRST   
  NO.   NAME      VALUE            ERROR          SIZE      DERIVATIVE 
   1  Constant    -1.20016e+00   6.14180e+00  -0.00000e+00   4.13655e-10
   2  Slope        1.07979e-01   3.04747e-01   0.00000e+00   7.86348e-09
