
Processing formatPlots.C("v2", "v2", true, "", "_a9", "_lowMT")...
Info in <TUnixSystem::ACLiC>: creating shared library /home/kmtos/NMSSM_Analysis/CMSSW_5_3_11/src/BoostedTauAnalysis/TauAnalyzer/test/Miscellaneous_C.so
Info in <TUnixSystem::ACLiC>: creating shared library /home/kmtos/NMSSM_Analysis/CMSSW_5_3_11/src/BoostedTauAnalysis/TauAnalyzer/test/Error_C.so
Info in <TUnixSystem::ACLiC>: creating shared library /home/kmtos/NMSSM_Analysis/CMSSW_5_3_11/src/BoostedTauAnalysis/TauAnalyzer/test/Plot_C.so
In file included from /home/kmtos/NMSSM_Analysis/CMSSW_5_3_11/src/BoostedTauAnalysis/TauAnalyzer/test/Plot_C_ACLiC_dict.h:34:0,
                 from /home/kmtos/NMSSM_Analysis/CMSSW_5_3_11/src/BoostedTauAnalysis/TauAnalyzer/test/Plot_C_ACLiC_dict.cxx:17:
/home/kmtos/NMSSM_Analysis/CMSSW_5_3_11/src/BoostedTauAnalysis/TauAnalyzer/test/Plot.C:1465:6: warning: unused parameter 'normRegionLowerBin' [-Wunused-parameter]
/home/kmtos/NMSSM_Analysis/CMSSW_5_3_11/src/BoostedTauAnalysis/TauAnalyzer/test/Plot.C:1465:6: warning: unused parameter 'normRegionUpperBin' [-Wunused-parameter]
Begin hadding...
...data
...non-isolated W data
...Wh1
...gg fusion
...Drell-Yan
...ttbar
...single top
...W+>=1 jet
...W+jets
...WZ
...ZZ
...WW

MTBIN= _lowMT
Plot signal vs. background normalized to data luminosity
---
Processing file /home/kmtos/NMSSM_Analysis/CMSSW_5_3_11/src/BoostedTauAnalysis/TauAnalyzer/test/OUTPUT/muHadIsoAnalysis_Wh1_a9_hadd_v2.root
m > 4 GeV: 1.46283
Processing file /home/kmtos/NMSSM_Analysis/CMSSW_5_3_11/src/BoostedTauAnalysis/TauAnalyzer/test/OUTPUT/muHadIsoAnalysis_lowMT_gg_a9_hadd_v2.root
m > 4 GeV: 1119.93
Processing file /home/kmtos/NMSSM_Analysis/CMSSW_5_3_11/src/BoostedTauAnalysis/TauAnalyzer/test/OUTPUT/muHadIsoAnalysis_lowMT_WW_hadd_v2.root
m > 4 GeV: 0
Processing file /home/kmtos/NMSSM_Analysis/CMSSW_5_3_11/src/BoostedTauAnalysis/TauAnalyzer/test/OUTPUT/muHadIsoAnalysis_lowMT_ZZ_hadd_v2.root
m > 4 GeV: 0.234858
Processing file /home/kmtos/NMSSM_Analysis/CMSSW_5_3_11/src/BoostedTauAnalysis/TauAnalyzer/test/OUTPUT/muHadIsoAnalysis_lowMT_WZ_hadd_v2.root
m > 4 GeV: 0
Processing file /home/kmtos/NMSSM_Analysis/CMSSW_5_3_11/src/BoostedTauAnalysis/TauAnalyzer/test/OUTPUT/muHadIsoAnalysis_lowMT_WNJetsToLNu_v2.root
m > 4 GeV: 0
Processing file /home/kmtos/NMSSM_Analysis/CMSSW_5_3_11/src/BoostedTauAnalysis/TauAnalyzer/test/OUTPUT/muHadIsoAnalysis_lowMT_T_v2.root
m > 4 GeV: 0
Processing file /home/kmtos/NMSSM_Analysis/CMSSW_5_3_11/src/BoostedTauAnalysis/TauAnalyzer/test/OUTPUT/muHadIsoAnalysis_lowMT_TTJets_hadd_v2.root
m > 4 GeV: 8.09537
Processing file /home/kmtos/NMSSM_Analysis/CMSSW_5_3_11/src/BoostedTauAnalysis/TauAnalyzer/test/OUTPUT/muHadIsoAnalysis_lowMT_DYJetsToLL_v2.root
m > 4 GeV: 17.1104

Plot signal vs. background normalized to 1
---
Processing file /home/kmtos/NMSSM_Analysis/CMSSW_5_3_11/src/BoostedTauAnalysis/TauAnalyzer/test/OUTPUT/muHadIsoAnalysis_Wh1_a9_hadd_v2.root
m > 4 GeV: 0.602411
Processing file /home/kmtos/NMSSM_Analysis/CMSSW_5_3_11/src/BoostedTauAnalysis/TauAnalyzer/test/OUTPUT/muHadIsoAnalysis_lowMT_gg_a9_hadd_v2.root
m > 4 GeV: 0.680217
Processing file /home/kmtos/NMSSM_Analysis/CMSSW_5_3_11/src/BoostedTauAnalysis/TauAnalyzer/test/OUTPUT/muHadIsoAnalysis_lowMT_WW_hadd_v2.root
m > 4 GeV: 0
Processing file /home/kmtos/NMSSM_Analysis/CMSSW_5_3_11/src/BoostedTauAnalysis/TauAnalyzer/test/OUTPUT/muHadIsoAnalysis_lowMT_ZZ_hadd_v2.root
m > 4 GeV: 0.166611
Processing file /home/kmtos/NMSSM_Analysis/CMSSW_5_3_11/src/BoostedTauAnalysis/TauAnalyzer/test/OUTPUT/muHadIsoAnalysis_lowMT_WZ_hadd_v2.root
m > 4 GeV: 0
Processing file /home/kmtos/NMSSM_Analysis/CMSSW_5_3_11/src/BoostedTauAnalysis/TauAnalyzer/test/OUTPUT/muHadIsoAnalysis_lowMT_WNJetsToLNu_v2.root
m > 4 GeV: 0
Processing file /home/kmtos/NMSSM_Analysis/CMSSW_5_3_11/src/BoostedTauAnalysis/TauAnalyzer/test/OUTPUT/muHadIsoAnalysis_lowMT_T_v2.root
m > 4 GeV: 0
Processing file /home/kmtos/NMSSM_Analysis/CMSSW_5_3_11/src/BoostedTauAnalysis/TauAnalyzer/test/OUTPUT/muHadIsoAnalysis_lowMT_TTJets_hadd_v2.root
m > 4 GeV: 0.197854
Processing file /home/kmtos/NMSSM_Analysis/CMSSW_5_3_11/src/BoostedTauAnalysis/TauAnalyzer/test/OUTPUT/muHadIsoAnalysis_lowMT_DYJetsToLL_v2.root
m > 4 GeV: 0.0992528

Plot data vs. MC normalized to data luminosity
---
Processing file /home/kmtos/NMSSM_Analysis/CMSSW_5_3_11/src/BoostedTauAnalysis/TauAnalyzer/test/OUTPUT/muHadNonIsoAnalysis_lowMT_SingleMu_v2.root
m > 4 GeV: 45
Processing file /home/kmtos/NMSSM_Analysis/CMSSW_5_3_11/src/BoostedTauAnalysis/TauAnalyzer/test/OUTPUT/muHadNonIsoAnalysis_lowMT_WW_hadd_v2.root
m > 4 GeV: 0.147341
Processing file /home/kmtos/NMSSM_Analysis/CMSSW_5_3_11/src/BoostedTauAnalysis/TauAnalyzer/test/OUTPUT/muHadNonIsoAnalysis_lowMT_ZZ_hadd_v2.root
m > 4 GeV: 0.196996
Processing file /home/kmtos/NMSSM_Analysis/CMSSW_5_3_11/src/BoostedTauAnalysis/TauAnalyzer/test/OUTPUT/muHadNonIsoAnalysis_lowMT_WZ_hadd_v2.root
m > 4 GeV: 0.174949
Processing file /home/kmtos/NMSSM_Analysis/CMSSW_5_3_11/src/BoostedTauAnalysis/TauAnalyzer/test/OUTPUT/muHadNonIsoAnalysis_lowMT_WNJetsToLNu_v2.root
m > 4 GeV: 4.54398
Processing file /home/kmtos/NMSSM_Analysis/CMSSW_5_3_11/src/BoostedTauAnalysis/TauAnalyzer/test/OUTPUT/muHadNonIsoAnalysis_lowMT_T_v2.root
m > 4 GeV: 0.735086
Processing file /home/kmtos/NMSSM_Analysis/CMSSW_5_3_11/src/BoostedTauAnalysis/TauAnalyzer/test/OUTPUT/muHadNonIsoAnalysis_lowMT_TTJets_hadd_v2.root
m > 4 GeV: 5.19478
Processing file /home/kmtos/NMSSM_Analysis/CMSSW_5_3_11/src/BoostedTauAnalysis/TauAnalyzer/test/OUTPUT/muHadNonIsoAnalysis_lowMT_DYJetsToLL_v2.root
m > 4 GeV: 11.1654

Plot data minus MC normalized to data luminosity
---

Plot data-driven QCD estimate for region A
---

Plot data-driven QCD estimate for region B
---

Plot signal vs. background with data-driven QCD estimate normalized to data luminosity
---
Processing file /home/kmtos/NMSSM_Analysis/CMSSW_5_3_11/src/BoostedTauAnalysis/TauAnalyzer/test/OUTPUT/muHadIsoAnalysis_Wh1_a9_hadd_v2.root
m > 4 GeV: 1.46283
Processing file /home/kmtos/NMSSM_Analysis/CMSSW_5_3_11/src/BoostedTauAnalysis/TauAnalyzer/test/OUTPUT/muHadIsoAnalysis_lowMT_gg_a9_hadd_v2.root
m > 4 GeV: 1119.93
Processing file /home/kmtos/NMSSM_Analysis/CMSSW_5_3_11/src/BoostedTauAnalysis/TauAnalyzer/test/OUTPUT/muHadIsoAnalysis_lowMT_WW_hadd_v2.root
m > 4 GeV: 0
Processing file /home/kmtos/NMSSM_Analysis/CMSSW_5_3_11/src/BoostedTauAnalysis/TauAnalyzer/test/OUTPUT/muHadIsoAnalysis_lowMT_ZZ_hadd_v2.root
m > 4 GeV: 0.234858
Processing file /home/kmtos/NMSSM_Analysis/CMSSW_5_3_11/src/BoostedTauAnalysis/TauAnalyzer/test/OUTPUT/muHadIsoAnalysis_lowMT_WZ_hadd_v2.root
m > 4 GeV: 0
Processing file /home/kmtos/NMSSM_Analysis/CMSSW_5_3_11/src/BoostedTauAnalysis/TauAnalyzer/test/OUTPUT/muHadIsoAnalysis_lowMT_WNJetsToLNu_v2.root
m > 4 GeV: 0
Processing file /home/kmtos/NMSSM_Analysis/CMSSW_5_3_11/src/BoostedTauAnalysis/TauAnalyzer/test/OUTPUT/muHadIsoAnalysis_lowMT_T_v2.root
m > 4 GeV: 0
Processing file /home/kmtos/NMSSM_Analysis/CMSSW_5_3_11/src/BoostedTauAnalysis/TauAnalyzer/test/OUTPUT/muHadIsoAnalysis_lowMT_TTJets_hadd_v2.root
m > 4 GeV: 8.09537
Processing file /home/kmtos/NMSSM_Analysis/CMSSW_5_3_11/src/BoostedTauAnalysis/TauAnalyzer/test/OUTPUT/muHadIsoAnalysis_lowMT_DYJetsToLL_v2.root
m > 4 GeV: 17.1104
Processing file /home/kmtos/NMSSM_Analysis/CMSSW_5_3_11/src/BoostedTauAnalysis/TauAnalyzer/test/OUTPUT/results/dataVsMC_RegionAQCDEstimate_v2.root
m > 4 GeV: 0

Plot signal vs. background with data-driven QCD estimate normalized to 1
---
Processing file /home/kmtos/NMSSM_Analysis/CMSSW_5_3_11/src/BoostedTauAnalysis/TauAnalyzer/test/OUTPUT/muHadIsoAnalysis_Wh1_a9_hadd_v2.root
m > 4 GeV: 0.602411
Processing file /home/kmtos/NMSSM_Analysis/CMSSW_5_3_11/src/BoostedTauAnalysis/TauAnalyzer/test/OUTPUT/muHadIsoAnalysis_lowMT_gg_a9_hadd_v2.root
m > 4 GeV: 0.680217
Processing file /home/kmtos/NMSSM_Analysis/CMSSW_5_3_11/src/BoostedTauAnalysis/TauAnalyzer/test/OUTPUT/muHadIsoAnalysis_lowMT_WW_hadd_v2.root
m > 4 GeV: 0
Processing file /home/kmtos/NMSSM_Analysis/CMSSW_5_3_11/src/BoostedTauAnalysis/TauAnalyzer/test/OUTPUT/muHadIsoAnalysis_lowMT_ZZ_hadd_v2.root
m > 4 GeV: 0.166611
Processing file /home/kmtos/NMSSM_Analysis/CMSSW_5_3_11/src/BoostedTauAnalysis/TauAnalyzer/test/OUTPUT/muHadIsoAnalysis_lowMT_WZ_hadd_v2.root
m > 4 GeV: 0
Processing file /home/kmtos/NMSSM_Analysis/CMSSW_5_3_11/src/BoostedTauAnalysis/TauAnalyzer/test/OUTPUT/muHadIsoAnalysis_lowMT_WNJetsToLNu_v2.root
m > 4 GeV: 0
Processing file /home/kmtos/NMSSM_Analysis/CMSSW_5_3_11/src/BoostedTauAnalysis/TauAnalyzer/test/OUTPUT/muHadIsoAnalysis_lowMT_T_v2.root
m > 4 GeV: 0
Processing file /home/kmtos/NMSSM_Analysis/CMSSW_5_3_11/src/BoostedTauAnalysis/TauAnalyzer/test/OUTPUT/muHadIsoAnalysis_lowMT_TTJets_hadd_v2.root
m > 4 GeV: 0.197854
Processing file /home/kmtos/NMSSM_Analysis/CMSSW_5_3_11/src/BoostedTauAnalysis/TauAnalyzer/test/OUTPUT/muHadIsoAnalysis_lowMT_DYJetsToLL_v2.root
m > 4 GeV: 0.0992528
Processing file /home/kmtos/NMSSM_Analysis/CMSSW_5_3_11/src/BoostedTauAnalysis/TauAnalyzer/test/OUTPUT/results/dataVsMC_RegionAQCDEstimate_v2.root
m > 4 GeV: 0

Plot data vs. MC with data-driven QCD estimate normalized to data luminosity
---
Processing file /home/kmtos/NMSSM_Analysis/CMSSW_5_3_11/src/BoostedTauAnalysis/TauAnalyzer/test/OUTPUT/muHadNonIsoAnalysis_lowMT_SingleMu_v2.root
m > 4 GeV: 45
Processing file /home/kmtos/NMSSM_Analysis/CMSSW_5_3_11/src/BoostedTauAnalysis/TauAnalyzer/test/OUTPUT/muHadNonIsoAnalysis_lowMT_WW_hadd_v2.root
m > 4 GeV: 0.147341
Processing file /home/kmtos/NMSSM_Analysis/CMSSW_5_3_11/src/BoostedTauAnalysis/TauAnalyzer/test/OUTPUT/muHadNonIsoAnalysis_lowMT_ZZ_hadd_v2.root
m > 4 GeV: 0.196996
Processing file /home/kmtos/NMSSM_Analysis/CMSSW_5_3_11/src/BoostedTauAnalysis/TauAnalyzer/test/OUTPUT/muHadNonIsoAnalysis_lowMT_WZ_hadd_v2.root
m > 4 GeV: 0.174949
Processing file /home/kmtos/NMSSM_Analysis/CMSSW_5_3_11/src/BoostedTauAnalysis/TauAnalyzer/test/OUTPUT/muHadNonIsoAnalysis_lowMT_WNJetsToLNu_v2.root
m > 4 GeV: 4.54398
Processing file /home/kmtos/NMSSM_Analysis/CMSSW_5_3_11/src/BoostedTauAnalysis/TauAnalyzer/test/OUTPUT/muHadNonIsoAnalysis_lowMT_T_v2.root
m > 4 GeV: 0.735086
Processing file /home/kmtos/NMSSM_Analysis/CMSSW_5_3_11/src/BoostedTauAnalysis/TauAnalyzer/test/OUTPUT/muHadNonIsoAnalysis_lowMT_TTJets_hadd_v2.root
m > 4 GeV: 5.19478
Processing file /home/kmtos/NMSSM_Analysis/CMSSW_5_3_11/src/BoostedTauAnalysis/TauAnalyzer/test/OUTPUT/muHadNonIsoAnalysis_lowMT_DYJetsToLL_v2.root
m > 4 GeV: 11.1654
Processing file /home/kmtos/NMSSM_Analysis/CMSSW_5_3_11/src/BoostedTauAnalysis/TauAnalyzer/test/OUTPUT/results/dataVsMC_RegionBQCDEstimate_v2.root
m > 4 GeV: 0
QCDVSMC pCanvas: 0x17c91d20
QCDVsMC pHist: 0x1d887110
QCDVSMC pCanvas: 0x147b48f0
QCDVsMC pHist: 0x1d653d70
QCDVSMC pCanvas: 0x1b945fa0
QCDVsMC pHist: 0x1de7fea0
QCDVSMC pCanvas: 0x1c672f50
QCDVsMC pHist: 0x1d633960
QCDVSMC pCanvas: 0x1de860d0
QCDVsMC pHist: 0x1d780820
QCDVSMC pCanvas: 0x1d66c7b0
QCDVsMC pHist: 0x1de7f770
QCDVSMC pCanvas: 0x1d77d880
QCDVsMC pHist: 0x1dabae20
QCDVSMC pCanvas: 0x1d628520
QCDVsMC pHist: 0x1de859a0
QCDVSMC pCanvas: 0x1da825d0
QCDVsMC pHist: 0x1d66c080
QCDVSMC pCanvas: 0x1d88eae0
QCDVsMC pHist: 0x1d77d150
QCDVSMC pCanvas: 0x14a7f270
QCDVsMC pHist: 0x1d51cb20
QCDVSMC pCanvas: 0x1c4b8e00
QCDVsMC pHist: 0x1d54a810
QCDVSMC pCanvas: 0x177473b0
QCDVsMC pHist: 0x1da0c2d0
QCDVSMC pCanvas: 0x1d7c1540
QCDVsMC pHist: 0x1da75180
QCDVSMC pCanvas: 0x1d7d29d0
QCDVsMC pHist: 0x1da8ca30
QCDVSMC pCanvas: 0x1db97aa0
QCDVsMC pHist: 0x1e05c640

Begin region A vs. region B plots, sample by sample...

...Drell-Yan
...without reweighting
Processing file /home/kmtos/NMSSM_Analysis/CMSSW_5_3_11/src/BoostedTauAnalysis/TauAnalyzer/test/OUTPUT/muHadIsoAnalysis_lowMT_DYJetsToLL_v2.root
m > 4 GeV: 0.0992528
Processing file /home/kmtos/NMSSM_Analysis/CMSSW_5_3_11/src/BoostedTauAnalysis/TauAnalyzer/test/OUTPUT/muHadNonIsoAnalysis_lowMT_DYJetsToLL_v2.root
m > 4 GeV: 0.0246254
...ttbar
...without reweighting
Processing file /home/kmtos/NMSSM_Analysis/CMSSW_5_3_11/src/BoostedTauAnalysis/TauAnalyzer/test/OUTPUT/muHadIsoAnalysis_lowMT_TTJets_hadd_v2.root
m > 4 GeV: 0.197854
Processing file /home/kmtos/NMSSM_Analysis/CMSSW_5_3_11/src/BoostedTauAnalysis/TauAnalyzer/test/OUTPUT/muHadNonIsoAnalysis_lowMT_TTJets_hadd_v2.root
m > 4 GeV: 0.0306173
...single top
...without reweighting
Processing file /home/kmtos/NMSSM_Analysis/CMSSW_5_3_11/src/BoostedTauAnalysis/TauAnalyzer/test/OUTPUT/muHadIsoAnalysis_lowMT_T_v2.root
m > 4 GeV: 0
Processing file /home/kmtos/NMSSM_Analysis/CMSSW_5_3_11/src/BoostedTauAnalysis/TauAnalyzer/test/OUTPUT/muHadNonIsoAnalysis_lowMT_T_v2.root
m > 4 GeV: 0.046748
...W+>=1 jet   ##This is line 1685
...without reweighting
Processing file /home/kmtos/NMSSM_Analysis/CMSSW_5_3_11/src/BoostedTauAnalysis/TauAnalyzer/test/OUTPUT/muHadIsoAnalysis_lowMT_WNJetsToLNu_v2.root
m > 4 GeV: 0
Processing file /home/kmtos/NMSSM_Analysis/CMSSW_5_3_11/src/BoostedTauAnalysis/TauAnalyzer/test/OUTPUT/muHadNonIsoAnalysis_lowMT_WNJetsToLNu_v2.root
m > 4 GeV: 0.00955466

 *** Break *** segmentation violation
...W+jets



===========================================================
There was a crash.
This is the entire stack trace of all threads:
===========================================================
#0  0x000000334169a075 in waitpid () from /lib64/libc.so.6
#1  0x000000334163c741 in do_system () from /lib64/libc.so.6
#2  0x00002b563fa5baf0 in TUnixSystem::StackTrace() () from /share/apps/cmssoft/slc5_amd64_gcc462/lcg/root/5.32.00-cms21/lib/libCore.so
#3  0x00002b563fa5e333 in TUnixSystem::DispatchSignals(ESignals) () from /share/apps/cmssoft/slc5_amd64_gcc462/lcg/root/5.32.00-cms21/lib/libCore.so
#4  <signal handler called>
#5  0x00002b5640a9ac3b in _M_data (this=0x8) at /build/ge/build-BOOTSTRAP_slc5_amd64_gcc462/b/BUILD/slc5_amd64_gcc462/external/gcc/4.6.2/gcc-4.6.2/obj/x86_64-unknown-linux-gnu/libstdc++-v3/include/bits/basic_string.h:288
#6  _M_rep (this=0x8) at /build/ge/build-BOOTSTRAP_slc5_amd64_gcc462/b/BUILD/slc5_amd64_gcc462/external/gcc/4.6.2/gcc-4.6.2/obj/x86_64-unknown-linux-gnu/libstdc++-v3/include/bits/basic_string.h:296
#7  std::string::assign (this=0x8, __str="/home/kmtos/NMSSM_Analysis/CMSSW_5_3_11/src/BoostedTauAnalysis/TauAnalyzer/test/OUTPUT/muHadNonIsoReweightAnalysis_WJetsToLNu_hadd_v2.root") at /build/ge/build-BOOTSTRAP_slc5_amd64_gcc462/b/BUILD/slc5_amd64_gcc462/external/gcc/4.6.2/gcc-4.6.2/obj/x86_64-unknown-linux-gnu/libstdc++-v3/include/bits/basic_string.tcc:247
#8  0x00002b563fbb7055 in G__G__Base2_55_0_7(G__value*, char const*, G__param*, int) () from /share/apps/cmssoft/slc5_amd64_gcc462/lcg/root/5.32.00-cms21/lib/libCore.so
#9  0x00002b563fff0786 in Cint::G__ExceptionWrapper(int (*)(G__value*, char const*, G__param*, int), G__value*, char*, G__param*, int) () from /share/apps/cmssoft/slc5_amd64_gcc462/lcg/root/5.32.00-cms21/lib/libCint.so
#10 0x00002b564009a541 in G__execute_call () from /share/apps/cmssoft/slc5_amd64_gcc462/lcg/root/5.32.00-cms21/lib/libCint.so
#11 0x00002b564009a8fe in G__call_cppfunc () from /share/apps/cmssoft/slc5_amd64_gcc462/lcg/root/5.32.00-cms21/lib/libCint.so
#12 0x00002b564007ad92 in G__interpret_func () from /share/apps/cmssoft/slc5_amd64_gcc462/lcg/root/5.32.00-cms21/lib/libCint.so
#13 0x00002b564006a0ec in G__getfunction () from /share/apps/cmssoft/slc5_amd64_gcc462/lcg/root/5.32.00-cms21/lib/libCint.so
#14 0x00002b564013737b in G__classassign () from /share/apps/cmssoft/slc5_amd64_gcc462/lcg/root/5.32.00-cms21/lib/libCint.so
#15 0x00002b564013538f in G__letvalue () from /share/apps/cmssoft/slc5_amd64_gcc462/lcg/root/5.32.00-cms21/lib/libCint.so
#16 0x00002b5640135fb1 in G__letVvalue () from /share/apps/cmssoft/slc5_amd64_gcc462/lcg/root/5.32.00-cms21/lib/libCint.so
#17 0x00002b564014e452 in G__letvariable(G__FastAllocString&, G__value, G__var_array*, G__var_array*, Cint::G__DataMemberHandle&) () from /share/apps/cmssoft/slc5_amd64_gcc462/lcg/root/5.32.00-cms21/lib/libCint.so
#18 0x00002b5640154d41 in G__letvariable(G__FastAllocString&, G__value, G__var_array*, G__var_array*) () from /share/apps/cmssoft/slc5_amd64_gcc462/lcg/root/5.32.00-cms21/lib/libCint.so
#19 0x00002b5640054026 in G__getexpr () from /share/apps/cmssoft/slc5_amd64_gcc462/lcg/root/5.32.00-cms21/lib/libCint.so
#20 0x00002b56400c969a in G__exec_statement () from /share/apps/cmssoft/slc5_amd64_gcc462/lcg/root/5.32.00-cms21/lib/libCint.so
#21 0x00002b564007c7d7 in G__interpret_func () from /share/apps/cmssoft/slc5_amd64_gcc462/lcg/root/5.32.00-cms21/lib/libCint.so
#22 0x00002b564006a154 in G__getfunction () from /share/apps/cmssoft/slc5_amd64_gcc462/lcg/root/5.32.00-cms21/lib/libCint.so
#23 0x00002b5640044ff9 in G__getitem () from /share/apps/cmssoft/slc5_amd64_gcc462/lcg/root/5.32.00-cms21/lib/libCint.so
#24 0x00002b564004af26 in G__getexpr () from /share/apps/cmssoft/slc5_amd64_gcc462/lcg/root/5.32.00-cms21/lib/libCint.so
#25 0x00002b5640056c04 in G__calc_internal () from /share/apps/cmssoft/slc5_amd64_gcc462/lcg/root/5.32.00-cms21/lib/libCint.so
#26 0x00002b56400d9994 in G__process_cmd () from /share/apps/cmssoft/slc5_amd64_gcc462/lcg/root/5.32.00-cms21/lib/libCint.so
#27 0x00002b563fa2625a in TCint::ProcessLine(char const*, TInterpreter::EErrorCode*) () from /share/apps/cmssoft/slc5_amd64_gcc462/lcg/root/5.32.00-cms21/lib/libCore.so
#28 0x00002b563fa1ce33 in TCint::ProcessLineSynch(char const*, TInterpreter::EErrorCode*) () from /share/apps/cmssoft/slc5_amd64_gcc462/lcg/root/5.32.00-cms21/lib/libCore.so
#29 0x00002b563f98f7f4 in TApplication::ExecuteFile(char const*, int*, bool) () from /share/apps/cmssoft/slc5_amd64_gcc462/lcg/root/5.32.00-cms21/lib/libCore.so
#30 0x00002b563f98e57f in TApplication::ProcessLine(char const*, bool, int*) () from /share/apps/cmssoft/slc5_amd64_gcc462/lcg/root/5.32.00-cms21/lib/libCore.so
#31 0x00002b56409b8165 in TRint::Run(bool) () from /share/apps/cmssoft/slc5_amd64_gcc462/lcg/root/5.32.00-cms21/lib/libRint.so
#32 0x000000000040116c in main ()
===========================================================


The lines below might hint at the cause of the crash.
If they do not help you then please submit a bug report at
http://root.cern.ch/bugs. Please post the ENTIRE stack trace
from above as an attachment in addition to anything else
that might help us fixing this issue.
===========================================================
#5  0x00002b5640a9ac3b in _M_data (this=0x8) at /build/ge/build-BOOTSTRAP_slc5_amd64_gcc462/b/BUILD/slc5_amd64_gcc462/external/gcc/4.6.2/gcc-4.6.2/obj/x86_64-unknown-linux-gnu/libstdc++-v3/include/bits/basic_string.h:288
#6  _M_rep (this=0x8) at /build/ge/build-BOOTSTRAP_slc5_amd64_gcc462/b/BUILD/slc5_amd64_gcc462/external/gcc/4.6.2/gcc-4.6.2/obj/x86_64-unknown-linux-gnu/libstdc++-v3/include/bits/basic_string.h:296
#7  std::string::assign (this=0x8, __str="/home/kmtos/NMSSM_Analysis/CMSSW_5_3_11/src/BoostedTauAnalysis/TauAnalyzer/test/OUTPUT/muHadNonIsoReweightAnalysis_WJetsToLNu_hadd_v2.root") at /build/ge/build-BOOTSTRAP_slc5_amd64_gcc462/b/BUILD/slc5_amd64_gcc462/external/gcc/4.6.2/gcc-4.6.2/obj/x86_64-unknown-linux-gnu/libstdc++-v3/include/bits/basic_string.tcc:247
===========================================================


Function formatPlots() busy flag cleared
