000 (878415.000.000) 11/03 09:19:28 Job submitted from host: <128.120.80.20:33339>
...
001 (878415.000.000) 11/03 09:19:40 Job executing on host: <10.8.255.0:33999>
...
006 (878415.000.000) 11/03 09:19:49 Image size of job updated: 93048
	2  -  MemoryUsage of job (MB)
	1144  -  ResidentSetSize of job (KB)
...
006 (878415.000.000) 11/03 09:24:49 Image size of job updated: 762460
	536  -  MemoryUsage of job (MB)
	547956  -  ResidentSetSize of job (KB)
...
006 (878415.000.000) 11/03 09:29:49 Image size of job updated: 773468
	536  -  MemoryUsage of job (MB)
	547956  -  ResidentSetSize of job (KB)
...
006 (878415.000.000) 11/03 09:34:50 Image size of job updated: 787548
	543  -  MemoryUsage of job (MB)
	555512  -  ResidentSetSize of job (KB)
...
006 (878415.000.000) 11/03 09:44:51 Image size of job updated: 787804
	543  -  MemoryUsage of job (MB)
	555512  -  ResidentSetSize of job (KB)
...
006 (878415.000.000) 11/03 09:59:52 Image size of job updated: 788064
	545  -  MemoryUsage of job (MB)
	557936  -  ResidentSetSize of job (KB)
...
006 (878415.000.000) 11/03 10:05:39 Image size of job updated: 792928
	545  -  MemoryUsage of job (MB)
	557936  -  ResidentSetSize of job (KB)
...
005 (878415.000.000) 11/03 10:05:39 Job terminated.
	(1) Normal termination (return value 0)
		Usr 0 00:21:14, Sys 0 00:01:05  -  Run Remote Usage
		Usr 0 00:00:00, Sys 0 00:00:00  -  Run Local Usage
		Usr 0 00:21:14, Sys 0 00:01:05  -  Total Remote Usage
		Usr 0 00:00:00, Sys 0 00:00:00  -  Total Local Usage
	0  -  Run Bytes Sent By Job
	0  -  Run Bytes Received By Job
	0  -  Total Bytes Sent By Job
	0  -  Total Bytes Received By Job
	Partitionable Resources :    Usage  Request          
	   Cpus                 :                 1          
	   Disk (KB)            :        1        1          
	   Memory (MB)          :      545      545          
...
