000 (878406.000.000) 11/03 09:19:27 Job submitted from host: <128.120.80.20:33339>
...
001 (878406.000.000) 11/03 09:19:39 Job executing on host: <10.8.255.7:35844>
...
006 (878406.000.000) 11/03 09:19:48 Image size of job updated: 140148
	49  -  MemoryUsage of job (MB)
	49832  -  ResidentSetSize of job (KB)
...
006 (878406.000.000) 11/03 09:24:49 Image size of job updated: 772984
	538  -  MemoryUsage of job (MB)
	550300  -  ResidentSetSize of job (KB)
...
006 (878406.000.000) 11/03 09:29:49 Image size of job updated: 786040
	549  -  MemoryUsage of job (MB)
	561520  -  ResidentSetSize of job (KB)
...
006 (878406.000.000) 11/03 09:34:49 Image size of job updated: 798328
	549  -  MemoryUsage of job (MB)
	561520  -  ResidentSetSize of job (KB)
...
006 (878406.000.000) 11/03 09:39:50 Image size of job updated: 800888
	549  -  MemoryUsage of job (MB)
	561520  -  ResidentSetSize of job (KB)
...
006 (878406.000.000) 11/03 09:44:51 Image size of job updated: 800888
	572  -  MemoryUsage of job (MB)
	585064  -  ResidentSetSize of job (KB)
...
006 (878406.000.000) 11/03 09:53:26 Image size of job updated: 810364
	572  -  MemoryUsage of job (MB)
	585064  -  ResidentSetSize of job (KB)
...
005 (878406.000.000) 11/03 09:53:27 Job terminated.
	(1) Normal termination (return value 0)
		Usr 0 00:14:33, Sys 0 00:00:46  -  Run Remote Usage
		Usr 0 00:00:00, Sys 0 00:00:00  -  Run Local Usage
		Usr 0 00:14:33, Sys 0 00:00:46  -  Total Remote Usage
		Usr 0 00:00:00, Sys 0 00:00:00  -  Total Local Usage
	0  -  Run Bytes Sent By Job
	0  -  Run Bytes Received By Job
	0  -  Total Bytes Sent By Job
	0  -  Total Bytes Received By Job
	Partitionable Resources :    Usage  Request          
	   Cpus                 :                 1          
	   Disk (KB)            :        1        1          
	   Memory (MB)          :      572      572          
...
