000 (878408.000.000) 11/03 09:19:27 Job submitted from host: <128.120.80.20:33339>
...
001 (878408.000.000) 11/03 09:19:39 Job executing on host: <10.8.255.7:35844>
...
006 (878408.000.000) 11/03 09:19:48 Image size of job updated: 140116
	50  -  MemoryUsage of job (MB)
	50860  -  ResidentSetSize of job (KB)
...
006 (878408.000.000) 11/03 09:24:49 Image size of job updated: 761976
	530  -  MemoryUsage of job (MB)
	542276  -  ResidentSetSize of job (KB)
...
006 (878408.000.000) 11/03 09:29:49 Image size of job updated: 786040
	537  -  MemoryUsage of job (MB)
	549300  -  ResidentSetSize of job (KB)
...
006 (878408.000.000) 11/03 09:34:49 Image size of job updated: 789368
	543  -  MemoryUsage of job (MB)
	555296  -  ResidentSetSize of job (KB)
...
006 (878408.000.000) 11/03 09:44:51 Image size of job updated: 789368
	548  -  MemoryUsage of job (MB)
	560784  -  ResidentSetSize of job (KB)
...
006 (878408.000.000) 11/03 09:49:51 Image size of job updated: 792696
	557  -  MemoryUsage of job (MB)
	569540  -  ResidentSetSize of job (KB)
...
006 (878408.000.000) 11/03 09:52:35 Image size of job updated: 793208
	557  -  MemoryUsage of job (MB)
	569540  -  ResidentSetSize of job (KB)
...
005 (878408.000.000) 11/03 09:52:35 Job terminated.
	(1) Normal termination (return value 0)
		Usr 0 00:14:02, Sys 0 00:00:42  -  Run Remote Usage
		Usr 0 00:00:00, Sys 0 00:00:00  -  Run Local Usage
		Usr 0 00:14:02, Sys 0 00:00:42  -  Total Remote Usage
		Usr 0 00:00:00, Sys 0 00:00:00  -  Total Local Usage
	0  -  Run Bytes Sent By Job
	0  -  Run Bytes Received By Job
	0  -  Total Bytes Sent By Job
	0  -  Total Bytes Received By Job
	Partitionable Resources :    Usage  Request          
	   Cpus                 :                 1          
	   Disk (KB)            :        1        1          
	   Memory (MB)          :      557      557          
...
