000 (878444.000.000) 11/03 09:19:35 Job submitted from host: <128.120.80.20:33339>
...
001 (878444.000.000) 11/03 09:19:44 Job executing on host: <10.8.254.23:32793>
...
006 (878444.000.000) 11/03 09:19:52 Image size of job updated: 11332
	2  -  MemoryUsage of job (MB)
	1172  -  ResidentSetSize of job (KB)
...
006 (878444.000.000) 11/03 09:24:52 Image size of job updated: 735096
	511  -  MemoryUsage of job (MB)
	523168  -  ResidentSetSize of job (KB)
...
006 (878444.000.000) 11/03 09:29:52 Image size of job updated: 798328
	568  -  MemoryUsage of job (MB)
	580760  -  ResidentSetSize of job (KB)
...
005 (878444.000.000) 11/03 09:30:12 Job terminated.
	(1) Normal termination (return value 0)
		Usr 0 00:01:41, Sys 0 00:00:28  -  Run Remote Usage
		Usr 0 00:00:00, Sys 0 00:00:00  -  Run Local Usage
		Usr 0 00:01:41, Sys 0 00:00:28  -  Total Remote Usage
		Usr 0 00:00:00, Sys 0 00:00:00  -  Total Local Usage
	0  -  Run Bytes Sent By Job
	0  -  Run Bytes Received By Job
	0  -  Total Bytes Sent By Job
	0  -  Total Bytes Received By Job
	Partitionable Resources :    Usage  Request          
	   Cpus                 :                 1          
	   Disk (KB)            :        1        1          
	   Memory (MB)          :      568      568          
...
