000 (878424.000.000) 11/03 09:19:31 Job submitted from host: <128.120.80.20:33339>
...
001 (878424.000.000) 11/03 09:19:41 Job executing on host: <10.8.255.24:46931>
...
006 (878424.000.000) 11/03 09:19:50 Image size of job updated: 11332
	2  -  MemoryUsage of job (MB)
	1140  -  ResidentSetSize of job (KB)
...
006 (878424.000.000) 11/03 09:24:51 Image size of job updated: 719200
	475  -  MemoryUsage of job (MB)
	486112  -  ResidentSetSize of job (KB)
...
006 (878424.000.000) 11/03 09:29:51 Image size of job updated: 761440
	509  -  MemoryUsage of job (MB)
	520308  -  ResidentSetSize of job (KB)
...
006 (878424.000.000) 11/03 09:34:51 Image size of job updated: 765280
	532  -  MemoryUsage of job (MB)
	544424  -  ResidentSetSize of job (KB)
...
006 (878424.000.000) 11/03 09:39:52 Image size of job updated: 788064
	537  -  MemoryUsage of job (MB)
	549820  -  ResidentSetSize of job (KB)
...
006 (878424.000.000) 11/03 09:44:53 Image size of job updated: 789088
	542  -  MemoryUsage of job (MB)
	554084  -  ResidentSetSize of job (KB)
...
006 (878424.000.000) 11/03 09:59:54 Image size of job updated: 789088
	573  -  MemoryUsage of job (MB)
	586528  -  ResidentSetSize of job (KB)
...
006 (878424.000.000) 11/03 10:05:15 Image size of job updated: 791396
	573  -  MemoryUsage of job (MB)
	586528  -  ResidentSetSize of job (KB)
...
005 (878424.000.000) 11/03 10:05:15 Job terminated.
	(1) Normal termination (return value 0)
		Usr 0 00:20:18, Sys 0 00:01:22  -  Run Remote Usage
		Usr 0 00:00:00, Sys 0 00:00:00  -  Run Local Usage
		Usr 0 00:20:18, Sys 0 00:01:22  -  Total Remote Usage
		Usr 0 00:00:00, Sys 0 00:00:00  -  Total Local Usage
	0  -  Run Bytes Sent By Job
	0  -  Run Bytes Received By Job
	0  -  Total Bytes Sent By Job
	0  -  Total Bytes Received By Job
	Partitionable Resources :    Usage  Request          
	   Cpus                 :                 1          
	   Disk (KB)            :        1        1          
	   Memory (MB)          :      573      573          
...
