000 (878435.000.000) 11/03 09:19:33 Job submitted from host: <128.120.80.20:33339>
...
001 (878435.000.000) 11/03 09:19:43 Job executing on host: <10.8.255.21:38963>
...
006 (878435.000.000) 11/03 09:19:52 Image size of job updated: 93012
	2  -  MemoryUsage of job (MB)
	1144  -  ResidentSetSize of job (KB)
...
006 (878435.000.000) 11/03 09:24:53 Image size of job updated: 671176
	406  -  MemoryUsage of job (MB)
	415232  -  ResidentSetSize of job (KB)
...
006 (878435.000.000) 11/03 09:29:53 Image size of job updated: 671176
	416  -  MemoryUsage of job (MB)
	425132  -  ResidentSetSize of job (KB)
...
006 (878435.000.000) 11/03 09:31:13 Image size of job updated: 672208
	416  -  MemoryUsage of job (MB)
	425132  -  ResidentSetSize of job (KB)
...
005 (878435.000.000) 11/03 09:31:13 Job terminated.
	(1) Normal termination (return value 0)
		Usr 0 00:03:51, Sys 0 00:00:09  -  Run Remote Usage
		Usr 0 00:00:00, Sys 0 00:00:00  -  Run Local Usage
		Usr 0 00:03:51, Sys 0 00:00:09  -  Total Remote Usage
		Usr 0 00:00:00, Sys 0 00:00:00  -  Total Local Usage
	0  -  Run Bytes Sent By Job
	0  -  Run Bytes Received By Job
	0  -  Total Bytes Sent By Job
	0  -  Total Bytes Received By Job
	Partitionable Resources :    Usage  Request          
	   Cpus                 :                 1          
	   Disk (KB)            :        1        1          
	   Memory (MB)          :      416      416          
...
