000 (878410.000.000) 11/03 09:19:28 Job submitted from host: <128.120.80.20:33339>
...
001 (878410.000.000) 11/03 09:19:40 Job executing on host: <10.8.255.18:55972>
...
006 (878410.000.000) 11/03 09:19:48 Image size of job updated: 11332
	2  -  MemoryUsage of job (MB)
	1140  -  ResidentSetSize of job (KB)
...
006 (878410.000.000) 11/03 09:24:48 Image size of job updated: 730748
	501  -  MemoryUsage of job (MB)
	512648  -  ResidentSetSize of job (KB)
...
006 (878410.000.000) 11/03 09:29:49 Image size of job updated: 752508
	503  -  MemoryUsage of job (MB)
	514376  -  ResidentSetSize of job (KB)
...
006 (878410.000.000) 11/03 09:34:50 Image size of job updated: 768124
	519  -  MemoryUsage of job (MB)
	530584  -  ResidentSetSize of job (KB)
...
006 (878410.000.000) 11/03 09:39:50 Image size of job updated: 771708
	519  -  MemoryUsage of job (MB)
	530584  -  ResidentSetSize of job (KB)
...
006 (878410.000.000) 11/03 09:49:52 Image size of job updated: 771708
	531  -  MemoryUsage of job (MB)
	543036  -  ResidentSetSize of job (KB)
...
005 (878410.000.000) 11/03 09:51:05 Job terminated.
	(1) Normal termination (return value 0)
		Usr 0 00:12:38, Sys 0 00:00:35  -  Run Remote Usage
		Usr 0 00:00:00, Sys 0 00:00:00  -  Run Local Usage
		Usr 0 00:12:38, Sys 0 00:00:35  -  Total Remote Usage
		Usr 0 00:00:00, Sys 0 00:00:00  -  Total Local Usage
	0  -  Run Bytes Sent By Job
	0  -  Run Bytes Received By Job
	0  -  Total Bytes Sent By Job
	0  -  Total Bytes Received By Job
	Partitionable Resources :    Usage  Request          
	   Cpus                 :                 1          
	   Disk (KB)            :        1        1          
	   Memory (MB)          :      531      531          
...
