000 (878429.000.000) 11/03 09:19:32 Job submitted from host: <128.120.80.20:33339>
...
001 (878429.000.000) 11/03 09:19:42 Job executing on host: <10.8.255.2:48282>
...
006 (878429.000.000) 11/03 09:19:50 Image size of job updated: 1
	2  -  MemoryUsage of job (MB)
	1672  -  ResidentSetSize of job (KB)
...
006 (878429.000.000) 11/03 09:24:50 Image size of job updated: 720404
	487  -  MemoryUsage of job (MB)
	497700  -  ResidentSetSize of job (KB)
...
006 (878429.000.000) 11/03 09:29:51 Image size of job updated: 754196
	509  -  MemoryUsage of job (MB)
	520272  -  ResidentSetSize of job (KB)
...
006 (878429.000.000) 11/03 09:34:52 Image size of job updated: 761620
	530  -  MemoryUsage of job (MB)
	542692  -  ResidentSetSize of job (KB)
...
006 (878429.000.000) 11/03 09:39:52 Image size of job updated: 784404
	544  -  MemoryUsage of job (MB)
	556220  -  ResidentSetSize of job (KB)
...
006 (878429.000.000) 11/03 09:44:52 Image size of job updated: 788500
	544  -  MemoryUsage of job (MB)
	556220  -  ResidentSetSize of job (KB)
...
006 (878429.000.000) 11/03 10:03:07 Image size of job updated: 789012
	544  -  MemoryUsage of job (MB)
	556220  -  ResidentSetSize of job (KB)
...
005 (878429.000.000) 11/03 10:03:07 Job terminated.
	(1) Normal termination (return value 0)
		Usr 0 00:19:35, Sys 0 00:01:13  -  Run Remote Usage
		Usr 0 00:00:00, Sys 0 00:00:00  -  Run Local Usage
		Usr 0 00:19:35, Sys 0 00:01:13  -  Total Remote Usage
		Usr 0 00:00:00, Sys 0 00:00:00  -  Total Local Usage
	0  -  Run Bytes Sent By Job
	0  -  Run Bytes Received By Job
	0  -  Total Bytes Sent By Job
	0  -  Total Bytes Received By Job
	Partitionable Resources :    Usage  Request          
	   Cpus                 :                 1          
	   Disk (KB)            :        1        1          
	   Memory (MB)          :      544      544          
...
