000 (878414.000.000) 11/03 09:19:28 Job submitted from host: <128.120.80.20:33339>
...
001 (878414.000.000) 11/03 09:19:40 Job executing on host: <10.8.255.0:33999>
...
006 (878414.000.000) 11/03 09:19:49 Image size of job updated: 93044
	2  -  MemoryUsage of job (MB)
	1144  -  ResidentSetSize of job (KB)
...
006 (878414.000.000) 11/03 09:24:49 Image size of job updated: 744288
	533  -  MemoryUsage of job (MB)
	545712  -  ResidentSetSize of job (KB)
...
006 (878414.000.000) 11/03 09:29:49 Image size of job updated: 765024
	533  -  MemoryUsage of job (MB)
	545712  -  ResidentSetSize of job (KB)
...
006 (878414.000.000) 11/03 09:34:50 Image size of job updated: 767072
	533  -  MemoryUsage of job (MB)
	545712  -  ResidentSetSize of job (KB)
...
006 (878414.000.000) 11/03 09:39:51 Image size of job updated: 767584
	533  -  MemoryUsage of job (MB)
	545712  -  ResidentSetSize of job (KB)
...
006 (878414.000.000) 11/03 09:44:51 Image size of job updated: 783200
	548  -  MemoryUsage of job (MB)
	561032  -  ResidentSetSize of job (KB)
...
006 (878414.000.000) 11/03 10:04:52 Image size of job updated: 784224
	548  -  MemoryUsage of job (MB)
	561032  -  ResidentSetSize of job (KB)
...
005 (878414.000.000) 11/03 10:06:20 Job terminated.
	(1) Normal termination (return value 0)
		Usr 0 00:21:56, Sys 0 00:01:05  -  Run Remote Usage
		Usr 0 00:00:00, Sys 0 00:00:00  -  Run Local Usage
		Usr 0 00:21:56, Sys 0 00:01:05  -  Total Remote Usage
		Usr 0 00:00:00, Sys 0 00:00:00  -  Total Local Usage
	0  -  Run Bytes Sent By Job
	0  -  Run Bytes Received By Job
	0  -  Total Bytes Sent By Job
	0  -  Total Bytes Received By Job
	Partitionable Resources :    Usage  Request          
	   Cpus                 :                 1          
	   Disk (KB)            :        1        1          
	   Memory (MB)          :      548      548          
...
