000 (878404.000.000) 11/03 09:19:26 Job submitted from host: <128.120.80.20:33339>
...
001 (878404.000.000) 11/03 09:19:39 Job executing on host: <10.8.255.7:35844>
...
006 (878404.000.000) 11/03 09:19:48 Image size of job updated: 140156
	49  -  MemoryUsage of job (MB)
	49804  -  ResidentSetSize of job (KB)
...
006 (878404.000.000) 11/03 09:24:49 Image size of job updated: 759168
	522  -  MemoryUsage of job (MB)
	534244  -  ResidentSetSize of job (KB)
...
006 (878404.000.000) 11/03 09:29:50 Image size of job updated: 775296
	522  -  MemoryUsage of job (MB)
	534244  -  ResidentSetSize of job (KB)
...
005 (878404.000.000) 11/03 09:30:34 Job terminated.
	(1) Normal termination (return value 0)
		Usr 0 00:04:24, Sys 0 00:00:18  -  Run Remote Usage
		Usr 0 00:00:00, Sys 0 00:00:00  -  Run Local Usage
		Usr 0 00:04:24, Sys 0 00:00:18  -  Total Remote Usage
		Usr 0 00:00:00, Sys 0 00:00:00  -  Total Local Usage
	0  -  Run Bytes Sent By Job
	0  -  Run Bytes Received By Job
	0  -  Total Bytes Sent By Job
	0  -  Total Bytes Received By Job
	Partitionable Resources :    Usage  Request          
	   Cpus                 :                 1          
	   Disk (KB)            :        1        1          
	   Memory (MB)          :      522      522          
...
