000 (878430.000.000) 11/03 09:19:32 Job submitted from host: <128.120.80.20:33339>
...
001 (878430.000.000) 11/03 09:19:42 Job executing on host: <10.8.255.25:34903>
...
006 (878430.000.000) 11/03 09:19:51 Image size of job updated: 93044
	2  -  MemoryUsage of job (MB)
	1140  -  ResidentSetSize of job (KB)
...
006 (878430.000.000) 11/03 09:24:52 Image size of job updated: 625432
	397  -  MemoryUsage of job (MB)
	406456  -  ResidentSetSize of job (KB)
...
006 (878430.000.000) 11/03 09:29:52 Image size of job updated: 673816
	403  -  MemoryUsage of job (MB)
	412196  -  ResidentSetSize of job (KB)
...
006 (878430.000.000) 11/03 09:34:53 Image size of job updated: 676376
	413  -  MemoryUsage of job (MB)
	422744  -  ResidentSetSize of job (KB)
...
006 (878430.000.000) 11/03 09:39:54 Image size of job updated: 676376
	417  -  MemoryUsage of job (MB)
	426064  -  ResidentSetSize of job (KB)
...
006 (878430.000.000) 11/03 09:44:54 Image size of job updated: 678936
	420  -  MemoryUsage of job (MB)
	429572  -  ResidentSetSize of job (KB)
...
006 (878430.000.000) 11/03 09:49:54 Image size of job updated: 682264
	420  -  MemoryUsage of job (MB)
	429572  -  ResidentSetSize of job (KB)
...
006 (878430.000.000) 11/03 10:04:56 Image size of job updated: 684568
	443  -  MemoryUsage of job (MB)
	452720  -  ResidentSetSize of job (KB)
...
006 (878430.000.000) 11/03 10:14:58 Image size of job updated: 685848
	443  -  MemoryUsage of job (MB)
	452720  -  ResidentSetSize of job (KB)
...
006 (878430.000.000) 11/03 10:29:59 Image size of job updated: 698652
	443  -  MemoryUsage of job (MB)
	452720  -  ResidentSetSize of job (KB)
...
006 (878430.000.000) 11/03 10:39:59 Image size of job updated: 703004
	443  -  MemoryUsage of job (MB)
	452720  -  ResidentSetSize of job (KB)
...
006 (878430.000.000) 11/03 10:45:00 Image size of job updated: 704028
	443  -  MemoryUsage of job (MB)
	452720  -  ResidentSetSize of job (KB)
...
005 (878430.000.000) 11/03 10:58:37 Job terminated.
	(1) Normal termination (return value 0)
		Usr 0 01:14:28, Sys 0 00:01:54  -  Run Remote Usage
		Usr 0 00:00:00, Sys 0 00:00:00  -  Run Local Usage
		Usr 0 01:14:28, Sys 0 00:01:54  -  Total Remote Usage
		Usr 0 00:00:00, Sys 0 00:00:00  -  Total Local Usage
	0  -  Run Bytes Sent By Job
	0  -  Run Bytes Received By Job
	0  -  Total Bytes Sent By Job
	0  -  Total Bytes Received By Job
	Partitionable Resources :    Usage  Request          
	   Cpus                 :                 1          
	   Disk (KB)            :        1        1          
	   Memory (MB)          :      443      443          
...
