000 (878397.000.000) 11/03 09:19:25 Job submitted from host: <128.120.80.20:33339>
...
001 (878397.000.000) 11/03 09:19:38 Job executing on host: <10.8.255.1:43794>
...
006 (878397.000.000) 11/03 09:19:47 Image size of job updated: 120280
	45  -  MemoryUsage of job (MB)
	45124  -  ResidentSetSize of job (KB)
...
006 (878397.000.000) 11/03 09:24:47 Image size of job updated: 672308
	420  -  MemoryUsage of job (MB)
	429916  -  ResidentSetSize of job (KB)
...
006 (878397.000.000) 11/03 09:34:48 Image size of job updated: 679732
	420  -  MemoryUsage of job (MB)
	429916  -  ResidentSetSize of job (KB)
...
006 (878397.000.000) 11/03 09:39:49 Image size of job updated: 707892
	442  -  MemoryUsage of job (MB)
	452112  -  ResidentSetSize of job (KB)
...
006 (878397.000.000) 11/03 09:49:49 Image size of job updated: 711476
	442  -  MemoryUsage of job (MB)
	452112  -  ResidentSetSize of job (KB)
...
006 (878397.000.000) 11/03 10:29:54 Image size of job updated: 711476
	448  -  MemoryUsage of job (MB)
	457864  -  ResidentSetSize of job (KB)
...
006 (878397.000.000) 11/03 11:35:00 Image size of job updated: 717108
	448  -  MemoryUsage of job (MB)
	457864  -  ResidentSetSize of job (KB)
...
006 (878397.000.000) 11/03 11:55:02 Image size of job updated: 723764
	448  -  MemoryUsage of job (MB)
	457864  -  ResidentSetSize of job (KB)
...
006 (878397.000.000) 11/03 12:00:03 Image size of job updated: 723764
	449  -  MemoryUsage of job (MB)
	459420  -  ResidentSetSize of job (KB)
...
005 (878397.000.000) 11/03 12:03:31 Job terminated.
	(1) Normal termination (return value 0)
		Usr 0 02:04:14, Sys 0 00:01:36  -  Run Remote Usage
		Usr 0 00:00:00, Sys 0 00:00:00  -  Run Local Usage
		Usr 0 02:04:14, Sys 0 00:01:36  -  Total Remote Usage
		Usr 0 00:00:00, Sys 0 00:00:00  -  Total Local Usage
	0  -  Run Bytes Sent By Job
	0  -  Run Bytes Received By Job
	0  -  Total Bytes Sent By Job
	0  -  Total Bytes Received By Job
	Partitionable Resources :    Usage  Request          
	   Cpus                 :                 1          
	   Disk (KB)            :        1        1          
	   Memory (MB)          :      449      449          
...
