000 (878445.000.000) 11/03 09:19:36 Job submitted from host: <128.120.80.20:33339>
...
001 (878445.000.000) 11/03 09:19:44 Job executing on host: <10.8.254.23:32793>
...
006 (878445.000.000) 11/03 09:19:52 Image size of job updated: 1
	2  -  MemoryUsage of job (MB)
	1668  -  ResidentSetSize of job (KB)
...
006 (878445.000.000) 11/03 09:24:52 Image size of job updated: 804572
	571  -  MemoryUsage of job (MB)
	584108  -  ResidentSetSize of job (KB)
...
006 (878445.000.000) 11/03 09:29:04 Image size of job updated: 819584
	571  -  MemoryUsage of job (MB)
	584108  -  ResidentSetSize of job (KB)
...
005 (878445.000.000) 11/03 09:29:05 Job terminated.
	(1) Normal termination (return value 0)
		Usr 0 00:01:55, Sys 0 00:00:29  -  Run Remote Usage
		Usr 0 00:00:00, Sys 0 00:00:00  -  Run Local Usage
		Usr 0 00:01:55, Sys 0 00:00:29  -  Total Remote Usage
		Usr 0 00:00:00, Sys 0 00:00:00  -  Total Local Usage
	0  -  Run Bytes Sent By Job
	0  -  Run Bytes Received By Job
	0  -  Total Bytes Sent By Job
	0  -  Total Bytes Received By Job
	Partitionable Resources :    Usage  Request          
	   Cpus                 :                 1          
	   Disk (KB)            :        1        1          
	   Memory (MB)          :      571      571          
...
