000 (878400.000.000) 11/03 09:19:25 Job submitted from host: <128.120.80.20:33339>
...
001 (878400.000.000) 11/03 09:19:38 Job executing on host: <10.8.255.1:43794>
...
006 (878400.000.000) 11/03 09:19:47 Image size of job updated: 120028
	43  -  MemoryUsage of job (MB)
	43648  -  ResidentSetSize of job (KB)
...
006 (878400.000.000) 11/03 09:24:47 Image size of job updated: 729212
	486  -  MemoryUsage of job (MB)
	496724  -  ResidentSetSize of job (KB)
...
006 (878400.000.000) 11/03 09:29:23 Image size of job updated: 777340
	486  -  MemoryUsage of job (MB)
	496724  -  ResidentSetSize of job (KB)
...
005 (878400.000.000) 11/03 09:29:23 Job terminated.
	(1) Normal termination (return value 0)
		Usr 0 00:04:10, Sys 0 00:00:11  -  Run Remote Usage
		Usr 0 00:00:00, Sys 0 00:00:00  -  Run Local Usage
		Usr 0 00:04:10, Sys 0 00:00:11  -  Total Remote Usage
		Usr 0 00:00:00, Sys 0 00:00:00  -  Total Local Usage
	0  -  Run Bytes Sent By Job
	0  -  Run Bytes Received By Job
	0  -  Total Bytes Sent By Job
	0  -  Total Bytes Received By Job
	Partitionable Resources :    Usage  Request          
	   Cpus                 :                 1          
	   Disk (KB)            :        1        1          
	   Memory (MB)          :      486      486          
...
