000 (878405.000.000) 11/03 09:19:26 Job submitted from host: <128.120.80.20:33339>
...
001 (878405.000.000) 11/03 09:19:39 Job executing on host: <10.8.255.7:35844>
...
006 (878405.000.000) 11/03 09:19:48 Image size of job updated: 140148
	50  -  MemoryUsage of job (MB)
	50960  -  ResidentSetSize of job (KB)
...
006 (878405.000.000) 11/03 09:24:49 Image size of job updated: 794488
	225  -  MemoryUsage of job (MB)
	230272  -  ResidentSetSize of job (KB)
...
006 (878405.000.000) 11/03 09:27:55 Image size of job updated: 807800
	225  -  MemoryUsage of job (MB)
	230272  -  ResidentSetSize of job (KB)
...
005 (878405.000.000) 11/03 09:27:55 Job terminated.
	(1) Normal termination (return value 0)
		Usr 0 00:03:07, Sys 0 00:00:13  -  Run Remote Usage
		Usr 0 00:00:00, Sys 0 00:00:00  -  Run Local Usage
		Usr 0 00:03:07, Sys 0 00:00:13  -  Total Remote Usage
		Usr 0 00:00:00, Sys 0 00:00:00  -  Total Local Usage
	0  -  Run Bytes Sent By Job
	0  -  Run Bytes Received By Job
	0  -  Total Bytes Sent By Job
	0  -  Total Bytes Received By Job
	Partitionable Resources :    Usage  Request          
	   Cpus                 :                 1          
	   Disk (KB)            :        1        1          
	   Memory (MB)          :      225      225          
...
