000 (878425.000.000) 11/03 09:19:31 Job submitted from host: <128.120.80.20:33339>
...
001 (878425.000.000) 11/03 09:19:41 Job executing on host: <10.8.255.24:46931>
...
006 (878425.000.000) 11/03 09:19:50 Image size of job updated: 1
	2  -  MemoryUsage of job (MB)
	1676  -  ResidentSetSize of job (KB)
...
006 (878425.000.000) 11/03 09:24:51 Image size of job updated: 743772
	500  -  MemoryUsage of job (MB)
	511068  -  ResidentSetSize of job (KB)
...
006 (878425.000.000) 11/03 09:29:51 Image size of job updated: 759388
	521  -  MemoryUsage of job (MB)
	532868  -  ResidentSetSize of job (KB)
...
006 (878425.000.000) 11/03 09:34:51 Image size of job updated: 786524
	557  -  MemoryUsage of job (MB)
	570340  -  ResidentSetSize of job (KB)
...
006 (878425.000.000) 11/03 09:39:52 Image size of job updated: 789596
	557  -  MemoryUsage of job (MB)
	570340  -  ResidentSetSize of job (KB)
...
006 (878425.000.000) 11/03 09:44:52 Image size of job updated: 806236
	560  -  MemoryUsage of job (MB)
	572496  -  ResidentSetSize of job (KB)
...
006 (878425.000.000) 11/03 10:04:54 Image size of job updated: 808800
	560  -  MemoryUsage of job (MB)
	572496  -  ResidentSetSize of job (KB)
...
005 (878425.000.000) 11/03 10:07:22 Job terminated.
	(1) Normal termination (return value 0)
		Usr 0 00:21:11, Sys 0 00:01:32  -  Run Remote Usage
		Usr 0 00:00:00, Sys 0 00:00:00  -  Run Local Usage
		Usr 0 00:21:11, Sys 0 00:01:32  -  Total Remote Usage
		Usr 0 00:00:00, Sys 0 00:00:00  -  Total Local Usage
	0  -  Run Bytes Sent By Job
	0  -  Run Bytes Received By Job
	0  -  Total Bytes Sent By Job
	0  -  Total Bytes Received By Job
	Partitionable Resources :    Usage  Request          
	   Cpus                 :                 1          
	   Disk (KB)            :        1        1          
	   Memory (MB)          :      560      560          
...
