000 (878436.000.000) 11/03 09:19:33 Job submitted from host: <128.120.80.20:33339>
...
001 (878436.000.000) 11/03 09:19:43 Job executing on host: <10.8.255.21:38963>
...
006 (878436.000.000) 11/03 09:19:52 Image size of job updated: 93004
	2  -  MemoryUsage of job (MB)
	1144  -  ResidentSetSize of job (KB)
...
006 (878436.000.000) 11/03 09:24:53 Image size of job updated: 669640
	410  -  MemoryUsage of job (MB)
	418980  -  ResidentSetSize of job (KB)
...
006 (878436.000.000) 11/03 09:29:53 Image size of job updated: 674504
	410  -  MemoryUsage of job (MB)
	418980  -  ResidentSetSize of job (KB)
...
006 (878436.000.000) 11/03 09:34:53 Image size of job updated: 676296
	410  -  MemoryUsage of job (MB)
	418980  -  ResidentSetSize of job (KB)
...
006 (878436.000.000) 11/03 09:39:54 Image size of job updated: 678344
	423  -  MemoryUsage of job (MB)
	432136  -  ResidentSetSize of job (KB)
...
006 (878436.000.000) 11/03 09:44:55 Image size of job updated: 684744
	423  -  MemoryUsage of job (MB)
	432136  -  ResidentSetSize of job (KB)
...
006 (878436.000.000) 11/03 09:49:55 Image size of job updated: 688072
	423  -  MemoryUsage of job (MB)
	432136  -  ResidentSetSize of job (KB)
...
006 (878436.000.000) 11/03 10:04:56 Image size of job updated: 698060
	446  -  MemoryUsage of job (MB)
	456364  -  ResidentSetSize of job (KB)
...
005 (878436.000.000) 11/03 10:14:21 Job terminated.
	(1) Normal termination (return value 0)
		Usr 0 00:41:25, Sys 0 00:00:53  -  Run Remote Usage
		Usr 0 00:00:00, Sys 0 00:00:00  -  Run Local Usage
		Usr 0 00:41:25, Sys 0 00:00:53  -  Total Remote Usage
		Usr 0 00:00:00, Sys 0 00:00:00  -  Total Local Usage
	0  -  Run Bytes Sent By Job
	0  -  Run Bytes Received By Job
	0  -  Total Bytes Sent By Job
	0  -  Total Bytes Received By Job
	Partitionable Resources :    Usage  Request          
	   Cpus                 :                 1          
	   Disk (KB)            :        1        1          
	   Memory (MB)          :      446      446          
...
