000 (878419.000.000) 11/03 09:19:29 Job submitted from host: <128.120.80.20:33339>
...
001 (878419.000.000) 11/03 09:19:41 Job executing on host: <10.8.255.26:44412>
...
006 (878419.000.000) 11/03 09:19:51 Image size of job updated: 11332
	2  -  MemoryUsage of job (MB)
	1140  -  ResidentSetSize of job (KB)
...
006 (878419.000.000) 11/03 09:24:49 Image size of job updated: 736608
	514  -  MemoryUsage of job (MB)
	525592  -  ResidentSetSize of job (KB)
...
006 (878419.000.000) 11/03 09:29:49 Image size of job updated: 754784
	514  -  MemoryUsage of job (MB)
	525592  -  ResidentSetSize of job (KB)
...
006 (878419.000.000) 11/03 09:34:49 Image size of job updated: 799072
	550  -  MemoryUsage of job (MB)
	562896  -  ResidentSetSize of job (KB)
...
006 (878419.000.000) 11/03 09:39:50 Image size of job updated: 799072
	553  -  MemoryUsage of job (MB)
	565736  -  ResidentSetSize of job (KB)
...
006 (878419.000.000) 11/03 09:44:51 Image size of job updated: 806496
	553  -  MemoryUsage of job (MB)
	565736  -  ResidentSetSize of job (KB)
...
006 (878419.000.000) 11/03 09:59:53 Image size of job updated: 806496
	555  -  MemoryUsage of job (MB)
	568268  -  ResidentSetSize of job (KB)
...
005 (878419.000.000) 11/03 10:03:22 Job terminated.
	(1) Normal termination (return value 0)
		Usr 0 00:21:14, Sys 0 00:01:20  -  Run Remote Usage
		Usr 0 00:00:00, Sys 0 00:00:00  -  Run Local Usage
		Usr 0 00:21:14, Sys 0 00:01:20  -  Total Remote Usage
		Usr 0 00:00:00, Sys 0 00:00:00  -  Total Local Usage
	0  -  Run Bytes Sent By Job
	0  -  Run Bytes Received By Job
	0  -  Total Bytes Sent By Job
	0  -  Total Bytes Received By Job
	Partitionable Resources :    Usage  Request          
	   Cpus                 :                 1          
	   Disk (KB)            :        1        1          
	   Memory (MB)          :      555      555          
...
