000 (878422.000.000) 11/03 09:19:30 Job submitted from host: <128.120.80.20:33339>
...
001 (878422.000.000) 11/03 09:19:41 Job executing on host: <10.8.255.24:46931>
...
006 (878422.000.000) 11/03 09:19:50 Image size of job updated: 11332
	2  -  MemoryUsage of job (MB)
	1144  -  ResidentSetSize of job (KB)
...
006 (878422.000.000) 11/03 09:24:51 Image size of job updated: 758620
	525  -  MemoryUsage of job (MB)
	537332  -  ResidentSetSize of job (KB)
...
006 (878422.000.000) 11/03 09:29:51 Image size of job updated: 777820
	555  -  MemoryUsage of job (MB)
	567908  -  ResidentSetSize of job (KB)
...
006 (878422.000.000) 11/03 09:34:51 Image size of job updated: 790364
	568  -  MemoryUsage of job (MB)
	580804  -  ResidentSetSize of job (KB)
...
006 (878422.000.000) 11/03 09:39:52 Image size of job updated: 794204
	568  -  MemoryUsage of job (MB)
	580804  -  ResidentSetSize of job (KB)
...
006 (878422.000.000) 11/03 09:44:53 Image size of job updated: 796252
	568  -  MemoryUsage of job (MB)
	580804  -  ResidentSetSize of job (KB)
...
006 (878422.000.000) 11/03 09:59:55 Image size of job updated: 796252
	572  -  MemoryUsage of job (MB)
	585616  -  ResidentSetSize of job (KB)
...
006 (878422.000.000) 11/03 10:04:55 Image size of job updated: 798304
	572  -  MemoryUsage of job (MB)
	585616  -  ResidentSetSize of job (KB)
...
005 (878422.000.000) 11/03 10:05:06 Job terminated.
	(1) Normal termination (return value 0)
		Usr 0 00:21:33, Sys 0 00:01:35  -  Run Remote Usage
		Usr 0 00:00:00, Sys 0 00:00:00  -  Run Local Usage
		Usr 0 00:21:33, Sys 0 00:01:35  -  Total Remote Usage
		Usr 0 00:00:00, Sys 0 00:00:00  -  Total Local Usage
	0  -  Run Bytes Sent By Job
	0  -  Run Bytes Received By Job
	0  -  Total Bytes Sent By Job
	0  -  Total Bytes Received By Job
	Partitionable Resources :    Usage  Request          
	   Cpus                 :                 1          
	   Disk (KB)            :        1        1          
	   Memory (MB)          :      572      572          
...
