000 (878434.000.000) 11/03 09:19:33 Job submitted from host: <128.120.80.20:33339>
...
001 (878434.000.000) 11/03 09:19:43 Job executing on host: <10.8.255.21:38963>
...
006 (878434.000.000) 11/03 09:19:52 Image size of job updated: 1
	2  -  MemoryUsage of job (MB)
	1668  -  ResidentSetSize of job (KB)
...
006 (878434.000.000) 11/03 09:24:53 Image size of job updated: 671688
	404  -  MemoryUsage of job (MB)
	412904  -  ResidentSetSize of job (KB)
...
006 (878434.000.000) 11/03 09:29:53 Image size of job updated: 679624
	415  -  MemoryUsage of job (MB)
	424496  -  ResidentSetSize of job (KB)
...
006 (878434.000.000) 11/03 09:34:53 Image size of job updated: 686024
	421  -  MemoryUsage of job (MB)
	430788  -  ResidentSetSize of job (KB)
...
006 (878434.000.000) 11/03 09:39:54 Image size of job updated: 692936
	433  -  MemoryUsage of job (MB)
	443248  -  ResidentSetSize of job (KB)
...
006 (878434.000.000) 11/03 09:44:55 Image size of job updated: 699592
	446  -  MemoryUsage of job (MB)
	455860  -  ResidentSetSize of job (KB)
...
006 (878434.000.000) 11/03 09:49:55 Image size of job updated: 703688
	456  -  MemoryUsage of job (MB)
	466420  -  ResidentSetSize of job (KB)
...
006 (878434.000.000) 11/03 09:54:55 Image size of job updated: 704712
	456  -  MemoryUsage of job (MB)
	466420  -  ResidentSetSize of job (KB)
...
006 (878434.000.000) 11/03 09:59:56 Image size of job updated: 710344
	456  -  MemoryUsage of job (MB)
	466420  -  ResidentSetSize of job (KB)
...
006 (878434.000.000) 11/03 10:04:56 Image size of job updated: 714440
	456  -  MemoryUsage of job (MB)
	466420  -  ResidentSetSize of job (KB)
...
006 (878434.000.000) 11/03 10:09:56 Image size of job updated: 718792
	456  -  MemoryUsage of job (MB)
	466420  -  ResidentSetSize of job (KB)
...
006 (878434.000.000) 11/03 10:14:57 Image size of job updated: 719816
	486  -  MemoryUsage of job (MB)
	497196  -  ResidentSetSize of job (KB)
...
006 (878434.000.000) 11/03 10:19:58 Image size of job updated: 723400
	486  -  MemoryUsage of job (MB)
	497196  -  ResidentSetSize of job (KB)
...
006 (878434.000.000) 11/03 10:24:58 Image size of job updated: 728776
	486  -  MemoryUsage of job (MB)
	497196  -  ResidentSetSize of job (KB)
...
006 (878434.000.000) 11/03 11:05:02 Image size of job updated: 735948
	486  -  MemoryUsage of job (MB)
	497196  -  ResidentSetSize of job (KB)
...
005 (878434.000.000) 11/03 11:23:54 Job terminated.
	(1) Normal termination (return value 0)
		Usr 0 01:41:33, Sys 0 00:04:08  -  Run Remote Usage
		Usr 0 00:00:00, Sys 0 00:00:00  -  Run Local Usage
		Usr 0 01:41:33, Sys 0 00:04:08  -  Total Remote Usage
		Usr 0 00:00:00, Sys 0 00:00:00  -  Total Local Usage
	0  -  Run Bytes Sent By Job
	0  -  Run Bytes Received By Job
	0  -  Total Bytes Sent By Job
	0  -  Total Bytes Received By Job
	Partitionable Resources :    Usage  Request          
	   Cpus                 :                 1          
	   Disk (KB)            :        1        1          
	   Memory (MB)          :      486      486          
...
