000 (878399.000.000) 11/03 09:19:25 Job submitted from host: <128.120.80.20:33339>
...
001 (878399.000.000) 11/03 09:19:38 Job executing on host: <10.8.255.1:43794>
...
006 (878399.000.000) 11/03 09:19:47 Image size of job updated: 120024
	44  -  MemoryUsage of job (MB)
	44960  -  ResidentSetSize of job (KB)
...
006 (878399.000.000) 11/03 09:24:47 Image size of job updated: 779644
	544  -  MemoryUsage of job (MB)
	556072  -  ResidentSetSize of job (KB)
...
006 (878399.000.000) 11/03 09:29:47 Image size of job updated: 780924
	544  -  MemoryUsage of job (MB)
	556072  -  ResidentSetSize of job (KB)
...
006 (878399.000.000) 11/03 09:32:42 Image size of job updated: 781440
	544  -  MemoryUsage of job (MB)
	556072  -  ResidentSetSize of job (KB)
...
005 (878399.000.000) 11/03 09:32:42 Job terminated.
	(1) Normal termination (return value 0)
		Usr 0 00:04:06, Sys 0 00:00:10  -  Run Remote Usage
		Usr 0 00:00:00, Sys 0 00:00:00  -  Run Local Usage
		Usr 0 00:04:06, Sys 0 00:00:10  -  Total Remote Usage
		Usr 0 00:00:00, Sys 0 00:00:00  -  Total Local Usage
	0  -  Run Bytes Sent By Job
	0  -  Run Bytes Received By Job
	0  -  Total Bytes Sent By Job
	0  -  Total Bytes Received By Job
	Partitionable Resources :    Usage  Request          
	   Cpus                 :                 1          
	   Disk (KB)            :        1        1          
	   Memory (MB)          :      544      544          
...
