000 (878407.000.000) 11/03 09:19:27 Job submitted from host: <128.120.80.20:33339>
...
001 (878407.000.000) 11/03 09:19:39 Job executing on host: <10.8.255.7:35844>
...
006 (878407.000.000) 11/03 09:19:48 Image size of job updated: 140152
	52  -  MemoryUsage of job (MB)
	52908  -  ResidentSetSize of job (KB)
...
006 (878407.000.000) 11/03 09:24:49 Image size of job updated: 771452
	537  -  MemoryUsage of job (MB)
	549448  -  ResidentSetSize of job (KB)
...
006 (878407.000.000) 11/03 09:29:49 Image size of job updated: 775292
	537  -  MemoryUsage of job (MB)
	549448  -  ResidentSetSize of job (KB)
...
006 (878407.000.000) 11/03 09:34:49 Image size of job updated: 786300
	560  -  MemoryUsage of job (MB)
	572568  -  ResidentSetSize of job (KB)
...
006 (878407.000.000) 11/03 09:39:50 Image size of job updated: 787068
	560  -  MemoryUsage of job (MB)
	572568  -  ResidentSetSize of job (KB)
...
006 (878407.000.000) 11/03 09:48:19 Image size of job updated: 797824
	560  -  MemoryUsage of job (MB)
	572568  -  ResidentSetSize of job (KB)
...
005 (878407.000.000) 11/03 09:48:19 Job terminated.
	(1) Normal termination (return value 0)
		Usr 0 00:13:52, Sys 0 00:00:39  -  Run Remote Usage
		Usr 0 00:00:00, Sys 0 00:00:00  -  Run Local Usage
		Usr 0 00:13:52, Sys 0 00:00:39  -  Total Remote Usage
		Usr 0 00:00:00, Sys 0 00:00:00  -  Total Local Usage
	0  -  Run Bytes Sent By Job
	0  -  Run Bytes Received By Job
	0  -  Total Bytes Sent By Job
	0  -  Total Bytes Received By Job
	Partitionable Resources :    Usage  Request          
	   Cpus                 :                 1          
	   Disk (KB)            :        1        1          
	   Memory (MB)          :      560      560          
...
