000 (878428.000.000) 11/03 09:19:31 Job submitted from host: <128.120.80.20:33339>
...
001 (878428.000.000) 11/03 09:19:42 Job executing on host: <10.8.255.2:48282>
...
006 (878428.000.000) 11/03 09:19:50 Image size of job updated: 11332
	2  -  MemoryUsage of job (MB)
	1144  -  ResidentSetSize of job (KB)
...
006 (878428.000.000) 11/03 09:24:50 Image size of job updated: 747280
	511  -  MemoryUsage of job (MB)
	522568  -  ResidentSetSize of job (KB)
...
006 (878428.000.000) 11/03 09:29:50 Image size of job updated: 773392
	537  -  MemoryUsage of job (MB)
	549772  -  ResidentSetSize of job (KB)
...
006 (878428.000.000) 11/03 09:34:51 Image size of job updated: 784400
	543  -  MemoryUsage of job (MB)
	555480  -  ResidentSetSize of job (KB)
...
006 (878428.000.000) 11/03 09:39:52 Image size of job updated: 785168
	543  -  MemoryUsage of job (MB)
	555480  -  ResidentSetSize of job (KB)
...
006 (878428.000.000) 11/03 09:44:52 Image size of job updated: 786448
	543  -  MemoryUsage of job (MB)
	555480  -  ResidentSetSize of job (KB)
...
006 (878428.000.000) 11/03 09:54:54 Image size of job updated: 786448
	562  -  MemoryUsage of job (MB)
	574608  -  ResidentSetSize of job (KB)
...
005 (878428.000.000) 11/03 10:04:35 Job terminated.
	(1) Normal termination (return value 0)
		Usr 0 00:20:13, Sys 0 00:01:15  -  Run Remote Usage
		Usr 0 00:00:00, Sys 0 00:00:00  -  Run Local Usage
		Usr 0 00:20:13, Sys 0 00:01:15  -  Total Remote Usage
		Usr 0 00:00:00, Sys 0 00:00:00  -  Total Local Usage
	0  -  Run Bytes Sent By Job
	0  -  Run Bytes Received By Job
	0  -  Total Bytes Sent By Job
	0  -  Total Bytes Received By Job
	Partitionable Resources :    Usage  Request          
	   Cpus                 :                 1          
	   Disk (KB)            :        1        1          
	   Memory (MB)          :      562      562          
...
