000 (878437.000.000) 11/03 09:19:34 Job submitted from host: <128.120.80.20:33339>
...
001 (878437.000.000) 11/03 09:19:43 Job executing on host: <10.8.255.21:38963>
...
006 (878437.000.000) 11/03 09:19:52 Image size of job updated: 93004
	2  -  MemoryUsage of job (MB)
	1708  -  ResidentSetSize of job (KB)
...
006 (878437.000.000) 11/03 09:24:53 Image size of job updated: 669648
	332  -  MemoryUsage of job (MB)
	339252  -  ResidentSetSize of job (KB)
...
006 (878437.000.000) 11/03 09:25:54 Image size of job updated: 670924
	332  -  MemoryUsage of job (MB)
	339252  -  ResidentSetSize of job (KB)
...
005 (878437.000.000) 11/03 09:25:54 Job terminated.
	(1) Normal termination (return value 0)
		Usr 0 00:02:04, Sys 0 00:00:07  -  Run Remote Usage
		Usr 0 00:00:00, Sys 0 00:00:00  -  Run Local Usage
		Usr 0 00:02:04, Sys 0 00:00:07  -  Total Remote Usage
		Usr 0 00:00:00, Sys 0 00:00:00  -  Total Local Usage
	0  -  Run Bytes Sent By Job
	0  -  Run Bytes Received By Job
	0  -  Total Bytes Sent By Job
	0  -  Total Bytes Received By Job
	Partitionable Resources :    Usage  Request          
	   Cpus                 :                 1          
	   Disk (KB)            :        1        1          
	   Memory (MB)          :      332      332          
...
