000 (878438.000.000) 11/03 09:19:34 Job submitted from host: <128.120.80.20:33339>
...
001 (878438.000.000) 11/03 09:19:43 Job executing on host: <10.8.254.23:32793>
...
006 (878438.000.000) 11/03 09:19:52 Image size of job updated: 93048
	2  -  MemoryUsage of job (MB)
	1168  -  ResidentSetSize of job (KB)
...
006 (878438.000.000) 11/03 09:24:53 Image size of job updated: 671280
	402  -  MemoryUsage of job (MB)
	411276  -  ResidentSetSize of job (KB)
...
006 (878438.000.000) 11/03 09:29:53 Image size of job updated: 673072
	407  -  MemoryUsage of job (MB)
	416544  -  ResidentSetSize of job (KB)
...
006 (878438.000.000) 11/03 09:34:54 Image size of job updated: 676656
	412  -  MemoryUsage of job (MB)
	421384  -  ResidentSetSize of job (KB)
...
006 (878438.000.000) 11/03 09:44:55 Image size of job updated: 679728
	412  -  MemoryUsage of job (MB)
	421384  -  ResidentSetSize of job (KB)
...
006 (878438.000.000) 11/03 10:04:56 Image size of job updated: 679728
	417  -  MemoryUsage of job (MB)
	426012  -  ResidentSetSize of job (KB)
...
006 (878438.000.000) 11/03 10:09:57 Image size of job updated: 696628
	417  -  MemoryUsage of job (MB)
	426012  -  ResidentSetSize of job (KB)
...
006 (878438.000.000) 11/03 10:14:58 Image size of job updated: 696628
	418  -  MemoryUsage of job (MB)
	427880  -  ResidentSetSize of job (KB)
...
005 (878438.000.000) 11/03 10:27:05 Job terminated.
	(1) Normal termination (return value 0)
		Usr 0 00:18:13, Sys 0 00:00:33  -  Run Remote Usage
		Usr 0 00:00:00, Sys 0 00:00:00  -  Run Local Usage
		Usr 0 00:18:13, Sys 0 00:00:33  -  Total Remote Usage
		Usr 0 00:00:00, Sys 0 00:00:00  -  Total Local Usage
	0  -  Run Bytes Sent By Job
	0  -  Run Bytes Received By Job
	0  -  Total Bytes Sent By Job
	0  -  Total Bytes Received By Job
	Partitionable Resources :    Usage  Request          
	   Cpus                 :                 1          
	   Disk (KB)            :        1        1          
	   Memory (MB)          :      418      418          
...
