000 (878423.000.000) 11/03 09:19:30 Job submitted from host: <128.120.80.20:33339>
...
001 (878423.000.000) 11/03 09:19:41 Job executing on host: <10.8.255.24:46931>
...
006 (878423.000.000) 11/03 09:19:50 Image size of job updated: 11332
	2  -  MemoryUsage of job (MB)
	1140  -  ResidentSetSize of job (KB)
...
006 (878423.000.000) 11/03 09:24:51 Image size of job updated: 755300
	524  -  MemoryUsage of job (MB)
	535616  -  ResidentSetSize of job (KB)
...
006 (878423.000.000) 11/03 09:29:51 Image size of job updated: 782692
	539  -  MemoryUsage of job (MB)
	550988  -  ResidentSetSize of job (KB)
...
006 (878423.000.000) 11/03 09:34:51 Image size of job updated: 787556
	539  -  MemoryUsage of job (MB)
	550988  -  ResidentSetSize of job (KB)
...
006 (878423.000.000) 11/03 09:44:53 Image size of job updated: 791396
	539  -  MemoryUsage of job (MB)
	550988  -  ResidentSetSize of job (KB)
...
006 (878423.000.000) 11/03 09:49:53 Image size of job updated: 791396
	560  -  MemoryUsage of job (MB)
	572612  -  ResidentSetSize of job (KB)
...
006 (878423.000.000) 11/03 10:05:38 Image size of job updated: 793180
	560  -  MemoryUsage of job (MB)
	572612  -  ResidentSetSize of job (KB)
...
005 (878423.000.000) 11/03 10:05:38 Job terminated.
	(1) Normal termination (return value 0)
		Usr 0 00:21:34, Sys 0 00:01:32  -  Run Remote Usage
		Usr 0 00:00:00, Sys 0 00:00:00  -  Run Local Usage
		Usr 0 00:21:34, Sys 0 00:01:32  -  Total Remote Usage
		Usr 0 00:00:00, Sys 0 00:00:00  -  Total Local Usage
	0  -  Run Bytes Sent By Job
	0  -  Run Bytes Received By Job
	0  -  Total Bytes Sent By Job
	0  -  Total Bytes Received By Job
	Partitionable Resources :    Usage  Request          
	   Cpus                 :                 1          
	   Disk (KB)            :        1        1          
	   Memory (MB)          :      560      560          
...
