000 (878441.000.000) 11/03 09:19:35 Job submitted from host: <128.120.80.20:33339>
...
001 (878441.000.000) 11/03 09:19:43 Job executing on host: <10.8.254.23:32793>
...
006 (878441.000.000) 11/03 09:19:52 Image size of job updated: 93048
	2  -  MemoryUsage of job (MB)
	1172  -  ResidentSetSize of job (KB)
...
006 (878441.000.000) 11/03 09:24:53 Image size of job updated: 643776
	420  -  MemoryUsage of job (MB)
	429176  -  ResidentSetSize of job (KB)
...
006 (878441.000.000) 11/03 09:29:53 Image size of job updated: 676288
	420  -  MemoryUsage of job (MB)
	429176  -  ResidentSetSize of job (KB)
...
006 (878441.000.000) 11/03 09:49:55 Image size of job updated: 680896
	420  -  MemoryUsage of job (MB)
	429176  -  ResidentSetSize of job (KB)
...
006 (878441.000.000) 11/03 09:59:56 Image size of job updated: 683200
	420  -  MemoryUsage of job (MB)
	429176  -  ResidentSetSize of job (KB)
...
006 (878441.000.000) 11/03 10:04:56 Image size of job updated: 684736
	420  -  MemoryUsage of job (MB)
	429176  -  ResidentSetSize of job (KB)
...
006 (878441.000.000) 11/03 10:19:58 Image size of job updated: 684736
	420  -  MemoryUsage of job (MB)
	429916  -  ResidentSetSize of job (KB)
...
006 (878441.000.000) 11/03 10:35:00 Image size of job updated: 685760
	420  -  MemoryUsage of job (MB)
	429916  -  ResidentSetSize of job (KB)
...
006 (878441.000.000) 11/03 10:50:01 Image size of job updated: 686272
	420  -  MemoryUsage of job (MB)
	429916  -  ResidentSetSize of job (KB)
...
006 (878441.000.000) 11/03 11:40:06 Image size of job updated: 688316
	421  -  MemoryUsage of job (MB)
	430316  -  ResidentSetSize of job (KB)
...
006 (878441.000.000) 11/03 11:45:06 Image size of job updated: 688316
	423  -  MemoryUsage of job (MB)
	433020  -  ResidentSetSize of job (KB)
...
006 (878441.000.000) 11/03 11:48:58 Image size of job updated: 688828
	423  -  MemoryUsage of job (MB)
	433020  -  ResidentSetSize of job (KB)
...
005 (878441.000.000) 11/03 11:48:58 Job terminated.
	(1) Normal termination (return value 0)
		Usr 0 00:50:27, Sys 0 00:01:48  -  Run Remote Usage
		Usr 0 00:00:00, Sys 0 00:00:00  -  Run Local Usage
		Usr 0 00:50:27, Sys 0 00:01:48  -  Total Remote Usage
		Usr 0 00:00:00, Sys 0 00:00:00  -  Total Local Usage
	0  -  Run Bytes Sent By Job
	0  -  Run Bytes Received By Job
	0  -  Total Bytes Sent By Job
	0  -  Total Bytes Received By Job
	Partitionable Resources :    Usage  Request          
	   Cpus                 :                 1          
	   Disk (KB)            :        1        1          
	   Memory (MB)          :      423      423          
...
