000 (878416.000.000) 11/03 09:19:29 Job submitted from host: <128.120.80.20:33339>
...
001 (878416.000.000) 11/03 09:19:40 Job executing on host: <10.8.255.0:33999>
...
006 (878416.000.000) 11/03 09:19:49 Image size of job updated: 93048
	2  -  MemoryUsage of job (MB)
	1144  -  ResidentSetSize of job (KB)
...
006 (878416.000.000) 11/03 09:24:49 Image size of job updated: 725856
	483  -  MemoryUsage of job (MB)
	494556  -  ResidentSetSize of job (KB)
...
006 (878416.000.000) 11/03 09:29:49 Image size of job updated: 757600
	508  -  MemoryUsage of job (MB)
	519624  -  ResidentSetSize of job (KB)
...
006 (878416.000.000) 11/03 09:34:50 Image size of job updated: 775520
	534  -  MemoryUsage of job (MB)
	545988  -  ResidentSetSize of job (KB)
...
006 (878416.000.000) 11/03 09:39:51 Image size of job updated: 786016
	535  -  MemoryUsage of job (MB)
	547048  -  ResidentSetSize of job (KB)
...
006 (878416.000.000) 11/03 09:44:51 Image size of job updated: 788576
	535  -  MemoryUsage of job (MB)
	547048  -  ResidentSetSize of job (KB)
...
006 (878416.000.000) 11/03 09:54:53 Image size of job updated: 788576
	544  -  MemoryUsage of job (MB)
	556384  -  ResidentSetSize of job (KB)
...
006 (878416.000.000) 11/03 09:59:53 Image size of job updated: 788576
	556  -  MemoryUsage of job (MB)
	569316  -  ResidentSetSize of job (KB)
...
006 (878416.000.000) 11/03 10:04:53 Image size of job updated: 789604
	556  -  MemoryUsage of job (MB)
	569316  -  ResidentSetSize of job (KB)
...
005 (878416.000.000) 11/03 10:08:50 Job terminated.
	(1) Normal termination (return value 0)
		Usr 0 00:21:39, Sys 0 00:01:05  -  Run Remote Usage
		Usr 0 00:00:00, Sys 0 00:00:00  -  Run Local Usage
		Usr 0 00:21:39, Sys 0 00:01:05  -  Total Remote Usage
		Usr 0 00:00:00, Sys 0 00:00:00  -  Total Local Usage
	0  -  Run Bytes Sent By Job
	0  -  Run Bytes Received By Job
	0  -  Total Bytes Sent By Job
	0  -  Total Bytes Received By Job
	Partitionable Resources :    Usage  Request          
	   Cpus                 :                 1          
	   Disk (KB)            :        1        1          
	   Memory (MB)          :      556      556          
...
