000 (878418.000.000) 11/03 09:19:29 Job submitted from host: <128.120.80.20:33339>
...
001 (878418.000.000) 11/03 09:19:41 Job executing on host: <10.8.255.0:33999>
...
006 (878418.000.000) 11/03 09:19:49 Image size of job updated: 1
	2  -  MemoryUsage of job (MB)
	1688  -  ResidentSetSize of job (KB)
...
006 (878418.000.000) 11/03 09:24:49 Image size of job updated: 739932
	506  -  MemoryUsage of job (MB)
	517164  -  ResidentSetSize of job (KB)
...
006 (878418.000.000) 11/03 09:29:49 Image size of job updated: 749404
	516  -  MemoryUsage of job (MB)
	527628  -  ResidentSetSize of job (KB)
...
006 (878418.000.000) 11/03 09:34:50 Image size of job updated: 775516
	527  -  MemoryUsage of job (MB)
	539436  -  ResidentSetSize of job (KB)
...
006 (878418.000.000) 11/03 09:39:50 Image size of job updated: 778076
	527  -  MemoryUsage of job (MB)
	539436  -  ResidentSetSize of job (KB)
...
006 (878418.000.000) 11/03 09:44:50 Image size of job updated: 789340
	528  -  MemoryUsage of job (MB)
	540420  -  ResidentSetSize of job (KB)
...
006 (878418.000.000) 11/03 10:04:53 Image size of job updated: 789340
	534  -  MemoryUsage of job (MB)
	546792  -  ResidentSetSize of job (KB)
...
005 (878418.000.000) 11/03 10:06:40 Job terminated.
	(1) Normal termination (return value 0)
		Usr 0 00:20:52, Sys 0 00:01:00  -  Run Remote Usage
		Usr 0 00:00:00, Sys 0 00:00:00  -  Run Local Usage
		Usr 0 00:20:52, Sys 0 00:01:00  -  Total Remote Usage
		Usr 0 00:00:00, Sys 0 00:00:00  -  Total Local Usage
	0  -  Run Bytes Sent By Job
	0  -  Run Bytes Received By Job
	0  -  Total Bytes Sent By Job
	0  -  Total Bytes Received By Job
	Partitionable Resources :    Usage  Request          
	   Cpus                 :                 1          
	   Disk (KB)            :        1        1          
	   Memory (MB)          :      534      534          
...
