000 (878412.000.000) 11/03 09:19:28 Job submitted from host: <128.120.80.20:33339>
...
001 (878412.000.000) 11/03 09:19:40 Job executing on host: <10.8.255.19:36307>
...
006 (878412.000.000) 11/03 09:19:48 Image size of job updated: 11332
	2  -  MemoryUsage of job (MB)
	1144  -  ResidentSetSize of job (KB)
...
006 (878412.000.000) 11/03 09:24:48 Image size of job updated: 709752
	463  -  MemoryUsage of job (MB)
	473420  -  ResidentSetSize of job (KB)
...
006 (878412.000.000) 11/03 09:29:49 Image size of job updated: 742776
	485  -  MemoryUsage of job (MB)
	496164  -  ResidentSetSize of job (KB)
...
006 (878412.000.000) 11/03 09:34:50 Image size of job updated: 742776
	506  -  MemoryUsage of job (MB)
	517432  -  ResidentSetSize of job (KB)
...
006 (878412.000.000) 11/03 09:44:51 Image size of job updated: 743040
	506  -  MemoryUsage of job (MB)
	517432  -  ResidentSetSize of job (KB)
...
006 (878412.000.000) 11/03 09:49:52 Image size of job updated: 769152
	514  -  MemoryUsage of job (MB)
	525768  -  ResidentSetSize of job (KB)
...
005 (878412.000.000) 11/03 09:50:10 Job terminated.
	(1) Normal termination (return value 0)
		Usr 0 00:12:28, Sys 0 00:00:33  -  Run Remote Usage
		Usr 0 00:00:00, Sys 0 00:00:00  -  Run Local Usage
		Usr 0 00:12:28, Sys 0 00:00:33  -  Total Remote Usage
		Usr 0 00:00:00, Sys 0 00:00:00  -  Total Local Usage
	0  -  Run Bytes Sent By Job
	0  -  Run Bytes Received By Job
	0  -  Total Bytes Sent By Job
	0  -  Total Bytes Received By Job
	Partitionable Resources :    Usage  Request          
	   Cpus                 :                 1          
	   Disk (KB)            :        1        1          
	   Memory (MB)          :      514      514          
...
