000 (878420.000.000) 11/03 09:19:30 Job submitted from host: <128.120.80.20:33339>
...
001 (878420.000.000) 11/03 09:19:41 Job executing on host: <10.8.255.26:44412>
...
006 (878420.000.000) 11/03 09:19:51 Image size of job updated: 11332
	2  -  MemoryUsage of job (MB)
	1140  -  ResidentSetSize of job (KB)
...
006 (878420.000.000) 11/03 09:24:51 Image size of job updated: 740444
	500  -  MemoryUsage of job (MB)
	511048  -  ResidentSetSize of job (KB)
...
006 (878420.000.000) 11/03 09:29:51 Image size of job updated: 759388
	508  -  MemoryUsage of job (MB)
	519192  -  ResidentSetSize of job (KB)
...
006 (878420.000.000) 11/03 09:34:51 Image size of job updated: 759388
	524  -  MemoryUsage of job (MB)
	535936  -  ResidentSetSize of job (KB)
...
006 (878420.000.000) 11/03 09:39:53 Image size of job updated: 771932
	524  -  MemoryUsage of job (MB)
	535936  -  ResidentSetSize of job (KB)
...
006 (878420.000.000) 11/03 09:54:56 Image size of job updated: 771932
	527  -  MemoryUsage of job (MB)
	539040  -  ResidentSetSize of job (KB)
...
006 (878420.000.000) 11/03 09:59:55 Image size of job updated: 772704
	548  -  MemoryUsage of job (MB)
	560624  -  ResidentSetSize of job (KB)
...
006 (878420.000.000) 11/03 10:03:37 Image size of job updated: 787552
	548  -  MemoryUsage of job (MB)
	560624  -  ResidentSetSize of job (KB)
...
005 (878420.000.000) 11/03 10:03:37 Job terminated.
	(1) Normal termination (return value 0)
		Usr 0 00:21:42, Sys 0 00:01:29  -  Run Remote Usage
		Usr 0 00:00:00, Sys 0 00:00:00  -  Run Local Usage
		Usr 0 00:21:42, Sys 0 00:01:29  -  Total Remote Usage
		Usr 0 00:00:00, Sys 0 00:00:00  -  Total Local Usage
	0  -  Run Bytes Sent By Job
	0  -  Run Bytes Received By Job
	0  -  Total Bytes Sent By Job
	0  -  Total Bytes Received By Job
	Partitionable Resources :    Usage  Request          
	   Cpus                 :                 1          
	   Disk (KB)            :        1        1          
	   Memory (MB)          :      548      548          
...
