000 (878411.000.000) 11/03 09:19:28 Job submitted from host: <128.120.80.20:33339>
...
001 (878411.000.000) 11/03 09:19:40 Job executing on host: <10.8.254.16:34553>
...
006 (878411.000.000) 11/03 09:19:49 Image size of job updated: 1
	2  -  MemoryUsage of job (MB)
	1660  -  ResidentSetSize of job (KB)
...
006 (878411.000.000) 11/03 09:24:50 Image size of job updated: 730744
	499  -  MemoryUsage of job (MB)
	510352  -  ResidentSetSize of job (KB)
...
006 (878411.000.000) 11/03 09:29:51 Image size of job updated: 761464
	517  -  MemoryUsage of job (MB)
	528812  -  ResidentSetSize of job (KB)
...
006 (878411.000.000) 11/03 09:34:51 Image size of job updated: 770680
	523  -  MemoryUsage of job (MB)
	535124  -  ResidentSetSize of job (KB)
...
006 (878411.000.000) 11/03 09:39:51 Image size of job updated: 772216
	523  -  MemoryUsage of job (MB)
	535124  -  ResidentSetSize of job (KB)
...
006 (878411.000.000) 11/03 09:49:52 Image size of job updated: 773500
	526  -  MemoryUsage of job (MB)
	537700  -  ResidentSetSize of job (KB)
...
005 (878411.000.000) 11/03 09:51:30 Job terminated.
	(1) Normal termination (return value 0)
		Usr 0 00:13:28, Sys 0 00:00:35  -  Run Remote Usage
		Usr 0 00:00:00, Sys 0 00:00:00  -  Run Local Usage
		Usr 0 00:13:28, Sys 0 00:00:35  -  Total Remote Usage
		Usr 0 00:00:00, Sys 0 00:00:00  -  Total Local Usage
	0  -  Run Bytes Sent By Job
	0  -  Run Bytes Received By Job
	0  -  Total Bytes Sent By Job
	0  -  Total Bytes Received By Job
	Partitionable Resources :    Usage  Request          
	   Cpus                 :                 1          
	   Disk (KB)            :        1        1          
	   Memory (MB)          :      526      526          
...
