000 (878426.000.000) 11/03 09:19:31 Job submitted from host: <128.120.80.20:33339>
...
001 (878426.000.000) 11/03 09:19:42 Job executing on host: <10.8.255.2:48282>
...
006 (878426.000.000) 11/03 09:19:50 Image size of job updated: 93004
	2  -  MemoryUsage of job (MB)
	1140  -  ResidentSetSize of job (KB)
...
006 (878426.000.000) 11/03 09:24:50 Image size of job updated: 733712
	499  -  MemoryUsage of job (MB)
	509968  -  ResidentSetSize of job (KB)
...
006 (878426.000.000) 11/03 09:29:50 Image size of job updated: 780560
	539  -  MemoryUsage of job (MB)
	551884  -  ResidentSetSize of job (KB)
...
006 (878426.000.000) 11/03 09:34:51 Image size of job updated: 781840
	539  -  MemoryUsage of job (MB)
	551884  -  ResidentSetSize of job (KB)
...
006 (878426.000.000) 11/03 09:39:52 Image size of job updated: 795152
	560  -  MemoryUsage of job (MB)
	573312  -  ResidentSetSize of job (KB)
...
006 (878426.000.000) 11/03 09:44:52 Image size of job updated: 795920
	560  -  MemoryUsage of job (MB)
	573312  -  ResidentSetSize of job (KB)
...
006 (878426.000.000) 11/03 10:04:27 Image size of job updated: 801300
	560  -  MemoryUsage of job (MB)
	573312  -  ResidentSetSize of job (KB)
...
005 (878426.000.000) 11/03 10:04:27 Job terminated.
	(1) Normal termination (return value 0)
		Usr 0 00:20:46, Sys 0 00:01:27  -  Run Remote Usage
		Usr 0 00:00:00, Sys 0 00:00:00  -  Run Local Usage
		Usr 0 00:20:46, Sys 0 00:01:27  -  Total Remote Usage
		Usr 0 00:00:00, Sys 0 00:00:00  -  Total Local Usage
	0  -  Run Bytes Sent By Job
	0  -  Run Bytes Received By Job
	0  -  Total Bytes Sent By Job
	0  -  Total Bytes Received By Job
	Partitionable Resources :    Usage  Request          
	   Cpus                 :                 1          
	   Disk (KB)            :        1        1          
	   Memory (MB)          :      560      560          
...
