000 (878413.000.000) 11/03 09:19:28 Job submitted from host: <128.120.80.20:33339>
...
001 (878413.000.000) 11/03 09:19:40 Job executing on host: <10.8.255.0:33999>
...
006 (878413.000.000) 11/03 09:19:49 Image size of job updated: 11332
	2  -  MemoryUsage of job (MB)
	1140  -  ResidentSetSize of job (KB)
...
006 (878413.000.000) 11/03 09:24:49 Image size of job updated: 767324
	526  -  MemoryUsage of job (MB)
	537840  -  ResidentSetSize of job (KB)
...
006 (878413.000.000) 11/03 09:29:49 Image size of job updated: 785244
	553  -  MemoryUsage of job (MB)
	565692  -  ResidentSetSize of job (KB)
...
006 (878413.000.000) 11/03 09:34:50 Image size of job updated: 798556
	553  -  MemoryUsage of job (MB)
	565692  -  ResidentSetSize of job (KB)
...
006 (878413.000.000) 11/03 09:44:51 Image size of job updated: 798556
	565  -  MemoryUsage of job (MB)
	578520  -  ResidentSetSize of job (KB)
...
006 (878413.000.000) 11/03 09:48:08 Image size of job updated: 799840
	565  -  MemoryUsage of job (MB)
	578520  -  ResidentSetSize of job (KB)
...
005 (878413.000.000) 11/03 09:48:08 Job terminated.
	(1) Normal termination (return value 0)
		Usr 0 00:13:05, Sys 0 00:00:44  -  Run Remote Usage
		Usr 0 00:00:00, Sys 0 00:00:00  -  Run Local Usage
		Usr 0 00:13:05, Sys 0 00:00:44  -  Total Remote Usage
		Usr 0 00:00:00, Sys 0 00:00:00  -  Total Local Usage
	0  -  Run Bytes Sent By Job
	0  -  Run Bytes Received By Job
	0  -  Total Bytes Sent By Job
	0  -  Total Bytes Received By Job
	Partitionable Resources :    Usage  Request          
	   Cpus                 :                 1          
	   Disk (KB)            :        1        1          
	   Memory (MB)          :      565      565          
...
