000 (878421.000.000) 11/03 09:19:30 Job submitted from host: <128.120.80.20:33339>
...
001 (878421.000.000) 11/03 09:19:41 Job executing on host: <10.8.255.26:44412>
...
006 (878421.000.000) 11/03 09:19:51 Image size of job updated: 11332
	2  -  MemoryUsage of job (MB)
	1140  -  ResidentSetSize of job (KB)
...
006 (878421.000.000) 11/03 09:24:51 Image size of job updated: 733536
	505  -  MemoryUsage of job (MB)
	517060  -  ResidentSetSize of job (KB)
...
006 (878421.000.000) 11/03 09:29:51 Image size of job updated: 767584
	523  -  MemoryUsage of job (MB)
	534756  -  ResidentSetSize of job (KB)
...
006 (878421.000.000) 11/03 09:34:51 Image size of job updated: 773984
	523  -  MemoryUsage of job (MB)
	534756  -  ResidentSetSize of job (KB)
...
006 (878421.000.000) 11/03 09:39:53 Image size of job updated: 782944
	536  -  MemoryUsage of job (MB)
	548652  -  ResidentSetSize of job (KB)
...
006 (878421.000.000) 11/03 09:44:53 Image size of job updated: 790880
	536  -  MemoryUsage of job (MB)
	548652  -  ResidentSetSize of job (KB)
...
006 (878421.000.000) 11/03 09:59:55 Image size of job updated: 790880
	538  -  MemoryUsage of job (MB)
	550140  -  ResidentSetSize of job (KB)
...
006 (878421.000.000) 11/03 10:04:00 Image size of job updated: 792160
	538  -  MemoryUsage of job (MB)
	550140  -  ResidentSetSize of job (KB)
...
005 (878421.000.000) 11/03 10:04:00 Job terminated.
	(1) Normal termination (return value 0)
		Usr 0 00:21:00, Sys 0 00:01:13  -  Run Remote Usage
		Usr 0 00:00:00, Sys 0 00:00:00  -  Run Local Usage
		Usr 0 00:21:00, Sys 0 00:01:13  -  Total Remote Usage
		Usr 0 00:00:00, Sys 0 00:00:00  -  Total Local Usage
	0  -  Run Bytes Sent By Job
	0  -  Run Bytes Received By Job
	0  -  Total Bytes Sent By Job
	0  -  Total Bytes Received By Job
	Partitionable Resources :    Usage  Request          
	   Cpus                 :                 1          
	   Disk (KB)            :        1        1          
	   Memory (MB)          :      538      538          
...
