000 (878245.000.000) 10/28 12:02:19 Job submitted from host: <128.120.80.20:33339>
...
007 (878245.000.000) 10/28 12:02:21 Shadow exception!
	Error from slot4@c1-1.cms.tier3.ucdavis.edu: Failed to open '/home/kmtos/NMSSM_Analysis/CMSSW_5_3_11/src/BoostedTauAnalysis/TauAnalyzer/test/z6/Csubmit_tauanalyzer_SingleMu_Run2012A_1_cfg.out' as standard output: No such file or directory (errno 2)
	0  -  Run Bytes Sent By Job
	0  -  Run Bytes Received By Job
...
012 (878245.000.000) 10/28 12:02:21 Job was held.
	Error from slot4@c1-1.cms.tier3.ucdavis.edu: Failed to open '/home/kmtos/NMSSM_Analysis/CMSSW_5_3_11/src/BoostedTauAnalysis/TauAnalyzer/test/z6/Csubmit_tauanalyzer_SingleMu_Run2012A_1_cfg.out' as standard output: No such file or directory (errno 2)
	Code 7 Subcode 2
...
009 (878245.000.000) 10/28 12:06:42 Job was aborted by the user.
	via condor_rm (by user kmtos)
...
000 (878295.000.000) 10/28 12:06:47 Job submitted from host: <128.120.80.20:33339>
...
001 (878295.000.000) 10/28 12:06:56 Job executing on host: <10.8.254.1:36435>
...
006 (878295.000.000) 10/28 12:07:05 Image size of job updated: 225832
	112  -  MemoryUsage of job (MB)
	114608  -  ResidentSetSize of job (KB)
...
006 (878295.000.000) 10/28 12:12:06 Image size of job updated: 781656
	477  -  MemoryUsage of job (MB)
	488052  -  ResidentSetSize of job (KB)
...
006 (878295.000.000) 10/28 12:17:06 Image size of job updated: 781656
	534  -  MemoryUsage of job (MB)
	546176  -  ResidentSetSize of job (KB)
...
006 (878295.000.000) 10/28 12:18:35 Image size of job updated: 790872
	534  -  MemoryUsage of job (MB)
	546176  -  ResidentSetSize of job (KB)
...
005 (878295.000.000) 10/28 12:18:35 Job terminated.
	(1) Normal termination (return value 0)
		Usr 0 00:04:12, Sys 0 00:00:12  -  Run Remote Usage
		Usr 0 00:00:00, Sys 0 00:00:00  -  Run Local Usage
		Usr 0 00:04:12, Sys 0 00:00:12  -  Total Remote Usage
		Usr 0 00:00:00, Sys 0 00:00:00  -  Total Local Usage
	0  -  Run Bytes Sent By Job
	0  -  Run Bytes Received By Job
	0  -  Total Bytes Sent By Job
	0  -  Total Bytes Received By Job
	Partitionable Resources :    Usage  Request          
	   Cpus                 :                 1          
	   Disk (KB)            :        1        1          
	   Memory (MB)          :      534      534          
...
