000 (878282.000.000) 10/28 12:02:30 Job submitted from host: <128.120.80.20:33339>
...
001 (878282.000.000) 10/28 12:02:43 Job executing on host: <10.8.254.8:45053>
...
006 (878282.000.000) 10/28 12:02:51 Image size of job updated: 61136
	3  -  MemoryUsage of job (MB)
	2192  -  ResidentSetSize of job (KB)
...
006 (878282.000.000) 10/28 12:06:40 Image size of job updated: 670420
	3  -  MemoryUsage of job (MB)
	2192  -  ResidentSetSize of job (KB)
...
004 (878282.000.000) 10/28 12:06:40 Job was evicted.
	(0) Job was not checkpointed.
		Usr 0 00:02:48, Sys 0 00:00:05  -  Run Remote Usage
		Usr 0 00:00:00, Sys 0 00:00:00  -  Run Local Usage
	0  -  Run Bytes Sent By Job
	0  -  Run Bytes Received By Job
	Partitionable Resources :    Usage  Request          
	   Cpus                 :                 1          
	   Disk (KB)            :        1        1          
	   Memory (MB)          :        3        3          
...
009 (878282.000.000) 10/28 12:06:41 Job was aborted by the user.
	via condor_rm (by user kmtos)
...
000 (878332.000.000) 10/28 12:06:54 Job submitted from host: <128.120.80.20:33339>
...
001 (878332.000.000) 10/28 12:06:59 Job executing on host: <10.8.254.8:45053>
...
006 (878332.000.000) 10/28 12:07:08 Image size of job updated: 119388
	42  -  MemoryUsage of job (MB)
	42884  -  ResidentSetSize of job (KB)
...
006 (878332.000.000) 10/28 12:12:08 Image size of job updated: 675528
	424  -  MemoryUsage of job (MB)
	434172  -  ResidentSetSize of job (KB)
...
006 (878332.000.000) 10/28 12:17:08 Image size of job updated: 697288
	424  -  MemoryUsage of job (MB)
	434172  -  ResidentSetSize of job (KB)
...
006 (878332.000.000) 10/28 12:32:10 Image size of job updated: 697288
	445  -  MemoryUsage of job (MB)
	455404  -  ResidentSetSize of job (KB)
...
006 (878332.000.000) 10/28 12:52:12 Image size of job updated: 697288
	459  -  MemoryUsage of job (MB)
	469984  -  ResidentSetSize of job (KB)
...
005 (878332.000.000) 10/28 12:57:59 Job terminated.
	(1) Normal termination (return value 0)
		Usr 0 00:38:23, Sys 0 00:00:51  -  Run Remote Usage
		Usr 0 00:00:00, Sys 0 00:00:00  -  Run Local Usage
		Usr 0 00:38:23, Sys 0 00:00:51  -  Total Remote Usage
		Usr 0 00:00:00, Sys 0 00:00:00  -  Total Local Usage
	0  -  Run Bytes Sent By Job
	0  -  Run Bytes Received By Job
	0  -  Total Bytes Sent By Job
	0  -  Total Bytes Received By Job
	Partitionable Resources :    Usage  Request          
	   Cpus                 :                 1          
	   Disk (KB)            :        1        1          
	   Memory (MB)          :      459      459          
...
