000 (878283.000.000) 10/28 12:02:30 Job submitted from host: <128.120.80.20:33339>
...
001 (878283.000.000) 10/28 12:02:44 Job executing on host: <10.8.255.6:37183>
...
006 (878283.000.000) 10/28 12:02:53 Image size of job updated: 11332
	2  -  MemoryUsage of job (MB)
	1140  -  ResidentSetSize of job (KB)
...
006 (878283.000.000) 10/28 12:05:53 Image size of job updated: 670004
	2  -  MemoryUsage of job (MB)
	1140  -  ResidentSetSize of job (KB)
...
005 (878283.000.000) 10/28 12:05:53 Job terminated.
	(1) Normal termination (return value 0)
		Usr 0 00:02:09, Sys 0 00:00:06  -  Run Remote Usage
		Usr 0 00:00:00, Sys 0 00:00:00  -  Run Local Usage
		Usr 0 00:02:09, Sys 0 00:00:06  -  Total Remote Usage
		Usr 0 00:00:00, Sys 0 00:00:00  -  Total Local Usage
	0  -  Run Bytes Sent By Job
	0  -  Run Bytes Received By Job
	0  -  Total Bytes Sent By Job
	0  -  Total Bytes Received By Job
	Partitionable Resources :    Usage  Request          
	   Cpus                 :                 1          
	   Disk (KB)            :        1        1          
	   Memory (MB)          :        2        2          
...
000 (878333.000.000) 10/28 12:06:54 Job submitted from host: <128.120.80.20:33339>
...
001 (878333.000.000) 10/28 12:06:59 Job executing on host: <10.8.254.9:50776>
...
006 (878333.000.000) 10/28 12:07:08 Image size of job updated: 69356
	13  -  MemoryUsage of job (MB)
	13256  -  ResidentSetSize of job (KB)
...
006 (878333.000.000) 10/28 12:09:55 Image size of job updated: 669768
	13  -  MemoryUsage of job (MB)
	13256  -  ResidentSetSize of job (KB)
...
005 (878333.000.000) 10/28 12:09:55 Job terminated.
	(1) Normal termination (return value 0)
		Usr 0 00:02:02, Sys 0 00:00:04  -  Run Remote Usage
		Usr 0 00:00:00, Sys 0 00:00:00  -  Run Local Usage
		Usr 0 00:02:02, Sys 0 00:00:04  -  Total Remote Usage
		Usr 0 00:00:00, Sys 0 00:00:00  -  Total Local Usage
	0  -  Run Bytes Sent By Job
	0  -  Run Bytes Received By Job
	0  -  Total Bytes Sent By Job
	0  -  Total Bytes Received By Job
	Partitionable Resources :    Usage  Request          
	   Cpus                 :                 1          
	   Disk (KB)            :        1        1          
	   Memory (MB)          :       13       13          
...
