000 (878285.000.000) 10/28 12:02:31 Job submitted from host: <128.120.80.20:33339>
...
001 (878285.000.000) 10/28 12:02:44 Job executing on host: <10.8.255.8:37901>
...
006 (878285.000.000) 10/28 12:02:53 Image size of job updated: 11332
	2  -  MemoryUsage of job (MB)
	1140  -  ResidentSetSize of job (KB)
...
006 (878285.000.000) 10/28 12:06:44 Image size of job updated: 644796
	2  -  MemoryUsage of job (MB)
	1140  -  ResidentSetSize of job (KB)
...
004 (878285.000.000) 10/28 12:06:44 Job was evicted.
	(0) Job was not checkpointed.
		Usr 0 00:02:57, Sys 0 00:00:07  -  Run Remote Usage
		Usr 0 00:00:00, Sys 0 00:00:00  -  Run Local Usage
	0  -  Run Bytes Sent By Job
	0  -  Run Bytes Received By Job
	Partitionable Resources :    Usage  Request          
	   Cpus                 :                 1          
	   Disk (KB)            :        1        1          
	   Memory (MB)          :        2        2          
...
009 (878285.000.000) 10/28 12:06:45 Job was aborted by the user.
	via condor_rm (by user kmtos)
...
000 (878335.000.000) 10/28 12:06:55 Job submitted from host: <128.120.80.20:33339>
...
001 (878335.000.000) 10/28 12:07:00 Job executing on host: <10.8.254.8:45053>
...
006 (878335.000.000) 10/28 12:07:08 Image size of job updated: 117600
	42  -  MemoryUsage of job (MB)
	42844  -  ResidentSetSize of job (KB)
...
006 (878335.000.000) 10/28 12:12:08 Image size of job updated: 644948
	414  -  MemoryUsage of job (MB)
	423520  -  ResidentSetSize of job (KB)
...
006 (878335.000.000) 10/28 12:17:09 Image size of job updated: 645972
	414  -  MemoryUsage of job (MB)
	423520  -  ResidentSetSize of job (KB)
...
006 (878335.000.000) 10/28 12:22:10 Image size of job updated: 651092
	429  -  MemoryUsage of job (MB)
	438328  -  ResidentSetSize of job (KB)
...
006 (878335.000.000) 10/28 12:27:10 Image size of job updated: 653140
	429  -  MemoryUsage of job (MB)
	438328  -  ResidentSetSize of job (KB)
...
006 (878335.000.000) 10/28 12:37:12 Image size of job updated: 654164
	429  -  MemoryUsage of job (MB)
	438328  -  ResidentSetSize of job (KB)
...
006 (878335.000.000) 10/28 12:42:12 Image size of job updated: 654420
	429  -  MemoryUsage of job (MB)
	438328  -  ResidentSetSize of job (KB)
...
006 (878335.000.000) 10/28 12:47:12 Image size of job updated: 657492
	429  -  MemoryUsage of job (MB)
	438328  -  ResidentSetSize of job (KB)
...
006 (878335.000.000) 10/28 12:52:13 Image size of job updated: 659028
	429  -  MemoryUsage of job (MB)
	438328  -  ResidentSetSize of job (KB)
...
006 (878335.000.000) 10/28 13:12:15 Image size of job updated: 659028
	429  -  MemoryUsage of job (MB)
	438672  -  ResidentSetSize of job (KB)
...
005 (878335.000.000) 10/28 13:24:16 Job terminated.
	(1) Normal termination (return value 0)
		Usr 0 00:57:37, Sys 0 00:01:20  -  Run Remote Usage
		Usr 0 00:00:00, Sys 0 00:00:00  -  Run Local Usage
		Usr 0 00:57:37, Sys 0 00:01:20  -  Total Remote Usage
		Usr 0 00:00:00, Sys 0 00:00:00  -  Total Local Usage
	0  -  Run Bytes Sent By Job
	0  -  Run Bytes Received By Job
	0  -  Total Bytes Sent By Job
	0  -  Total Bytes Received By Job
	Partitionable Resources :    Usage  Request          
	   Cpus                 :                 1          
	   Disk (KB)            :        1        1          
	   Memory (MB)          :      429      429          
...
