000 (878271.000.000) 10/28 12:02:28 Job submitted from host: <128.120.80.20:33339>
...
001 (878271.000.000) 10/28 12:02:42 Job executing on host: <10.8.255.3:42410>
...
006 (878271.000.000) 10/28 12:02:51 Image size of job updated: 176284
	80  -  MemoryUsage of job (MB)
	81004  -  ResidentSetSize of job (KB)
...
006 (878271.000.000) 10/28 12:06:40 Image size of job updated: 753244
	80  -  MemoryUsage of job (MB)
	81004  -  ResidentSetSize of job (KB)
...
004 (878271.000.000) 10/28 12:06:40 Job was evicted.
	(0) Job was not checkpointed.
		Usr 0 00:02:24, Sys 0 00:00:05  -  Run Remote Usage
		Usr 0 00:00:00, Sys 0 00:00:00  -  Run Local Usage
	0  -  Run Bytes Sent By Job
	0  -  Run Bytes Received By Job
	Partitionable Resources :    Usage  Request          
	   Cpus                 :                 1          
	   Disk (KB)            :        1        1          
	   Memory (MB)          :       80       80          
...
009 (878271.000.000) 10/28 12:06:41 Job was aborted by the user.
	via condor_rm (by user kmtos)
...
000 (878321.000.000) 10/28 12:06:52 Job submitted from host: <128.120.80.20:33339>
...
001 (878321.000.000) 10/28 12:06:59 Job executing on host: <10.8.255.3:42410>
...
006 (878321.000.000) 10/28 12:07:08 Image size of job updated: 188636
	91  -  MemoryUsage of job (MB)
	92652  -  ResidentSetSize of job (KB)
...
006 (878321.000.000) 10/28 12:12:09 Image size of job updated: 760676
	511  -  MemoryUsage of job (MB)
	523188  -  ResidentSetSize of job (KB)
...
006 (878321.000.000) 10/28 12:17:10 Image size of job updated: 786788
	559  -  MemoryUsage of job (MB)
	571992  -  ResidentSetSize of job (KB)
...
006 (878321.000.000) 10/28 12:22:10 Image size of job updated: 796516
	559  -  MemoryUsage of job (MB)
	571992  -  ResidentSetSize of job (KB)
...
006 (878321.000.000) 10/28 12:27:10 Image size of job updated: 798052
	560  -  MemoryUsage of job (MB)
	572676  -  ResidentSetSize of job (KB)
...
006 (878321.000.000) 10/28 12:32:12 Image size of job updated: 808292
	560  -  MemoryUsage of job (MB)
	572676  -  ResidentSetSize of job (KB)
...
006 (878321.000.000) 10/28 12:42:12 Image size of job updated: 808292
	575  -  MemoryUsage of job (MB)
	588084  -  ResidentSetSize of job (KB)
...
006 (878321.000.000) 10/28 12:47:13 Image size of job updated: 808544
	575  -  MemoryUsage of job (MB)
	588084  -  ResidentSetSize of job (KB)
...
005 (878321.000.000) 10/28 12:47:46 Job terminated.
	(1) Normal termination (return value 0)
		Usr 0 00:21:10, Sys 0 00:00:52  -  Run Remote Usage
		Usr 0 00:00:00, Sys 0 00:00:00  -  Run Local Usage
		Usr 0 00:21:10, Sys 0 00:00:52  -  Total Remote Usage
		Usr 0 00:00:00, Sys 0 00:00:00  -  Total Local Usage
	0  -  Run Bytes Sent By Job
	0  -  Run Bytes Received By Job
	0  -  Total Bytes Sent By Job
	0  -  Total Bytes Received By Job
	Partitionable Resources :    Usage  Request          
	   Cpus                 :                 1          
	   Disk (KB)            :        1        1          
	   Memory (MB)          :      575      575          
...
