000 (878276.000.000) 10/28 12:02:29 Job submitted from host: <128.120.80.20:33339>
...
001 (878276.000.000) 10/28 12:02:44 Job executing on host: <10.8.255.6:37183>
...
006 (878276.000.000) 10/28 12:02:52 Image size of job updated: 93048
	2  -  MemoryUsage of job (MB)
	1144  -  ResidentSetSize of job (KB)
...
006 (878276.000.000) 10/28 12:06:42 Image size of job updated: 647480
	2  -  MemoryUsage of job (MB)
	1144  -  ResidentSetSize of job (KB)
...
004 (878276.000.000) 10/28 12:06:42 Job was evicted.
	(0) Job was not checkpointed.
		Usr 0 00:02:59, Sys 0 00:00:07  -  Run Remote Usage
		Usr 0 00:00:00, Sys 0 00:00:00  -  Run Local Usage
	0  -  Run Bytes Sent By Job
	0  -  Run Bytes Received By Job
	Partitionable Resources :    Usage  Request          
	   Cpus                 :                 1          
	   Disk (KB)            :        1        1          
	   Memory (MB)          :        2        2          
...
009 (878276.000.000) 10/28 12:06:43 Job was aborted by the user.
	via condor_rm (by user kmtos)
...
000 (878326.000.000) 10/28 12:06:53 Job submitted from host: <128.120.80.20:33339>
...
001 (878326.000.000) 10/28 12:07:00 Job executing on host: <10.8.254.7:50863>
...
006 (878326.000.000) 10/28 12:07:09 Image size of job updated: 176384
	75  -  MemoryUsage of job (MB)
	76400  -  ResidentSetSize of job (KB)
...
006 (878326.000.000) 10/28 12:12:10 Image size of job updated: 649784
	407  -  MemoryUsage of job (MB)
	416564  -  ResidentSetSize of job (KB)
...
006 (878326.000.000) 10/28 12:17:11 Image size of job updated: 655672
	407  -  MemoryUsage of job (MB)
	416564  -  ResidentSetSize of job (KB)
...
006 (878326.000.000) 10/28 12:22:11 Image size of job updated: 677432
	411  -  MemoryUsage of job (MB)
	420516  -  ResidentSetSize of job (KB)
...
006 (878326.000.000) 10/28 12:27:12 Image size of job updated: 678456
	417  -  MemoryUsage of job (MB)
	426372  -  ResidentSetSize of job (KB)
...
006 (878326.000.000) 10/28 12:32:13 Image size of job updated: 682552
	417  -  MemoryUsage of job (MB)
	426372  -  ResidentSetSize of job (KB)
...
006 (878326.000.000) 10/28 12:37:13 Image size of job updated: 682808
	419  -  MemoryUsage of job (MB)
	428980  -  ResidentSetSize of job (KB)
...
006 (878326.000.000) 10/28 12:42:13 Image size of job updated: 685624
	421  -  MemoryUsage of job (MB)
	430104  -  ResidentSetSize of job (KB)
...
006 (878326.000.000) 10/28 12:47:14 Image size of job updated: 686904
	421  -  MemoryUsage of job (MB)
	430104  -  ResidentSetSize of job (KB)
...
006 (878326.000.000) 10/28 13:17:17 Image size of job updated: 686904
	438  -  MemoryUsage of job (MB)
	447944  -  ResidentSetSize of job (KB)
...
006 (878326.000.000) 10/28 13:27:18 Image size of job updated: 687416
	438  -  MemoryUsage of job (MB)
	447944  -  ResidentSetSize of job (KB)
...
005 (878326.000.000) 10/28 13:31:11 Job terminated.
	(1) Normal termination (return value 0)
		Usr 0 01:07:49, Sys 0 00:01:39  -  Run Remote Usage
		Usr 0 00:00:00, Sys 0 00:00:00  -  Run Local Usage
		Usr 0 01:07:49, Sys 0 00:01:39  -  Total Remote Usage
		Usr 0 00:00:00, Sys 0 00:00:00  -  Total Local Usage
	0  -  Run Bytes Sent By Job
	0  -  Run Bytes Received By Job
	0  -  Total Bytes Sent By Job
	0  -  Total Bytes Received By Job
	Partitionable Resources :    Usage  Request          
	   Cpus                 :                 1          
	   Disk (KB)            :        1        1          
	   Memory (MB)          :      438      438          
...
