000 (878255.000.000) 10/28 12:02:23 Job submitted from host: <128.120.80.20:33339>
...
007 (878255.000.000) 10/28 12:02:23 Shadow exception!
	Error from slot1@c1-1.cms.tier3.ucdavis.edu: Failed to open '/home/kmtos/NMSSM_Analysis/CMSSW_5_3_11/src/BoostedTauAnalysis/TauAnalyzer/test/z6/Csubmit_tauanalyzer_SingleMu_Run2012B_3_cfg.out' as standard output: No such file or directory (errno 2)
	0  -  Run Bytes Sent By Job
	0  -  Run Bytes Received By Job
...
012 (878255.000.000) 10/28 12:02:25 Job was held.
	Error from slot1@c1-1.cms.tier3.ucdavis.edu: Failed to open '/home/kmtos/NMSSM_Analysis/CMSSW_5_3_11/src/BoostedTauAnalysis/TauAnalyzer/test/z6/Csubmit_tauanalyzer_SingleMu_Run2012B_3_cfg.out' as standard output: No such file or directory (errno 2)
	Code 7 Subcode 2
...
009 (878255.000.000) 10/28 12:06:41 Job was aborted by the user.
	via condor_rm (by user kmtos)
...
000 (878305.000.000) 10/28 12:06:49 Job submitted from host: <128.120.80.20:33339>
...
001 (878305.000.000) 10/28 12:06:57 Job executing on host: <10.8.254.8:45053>
...
006 (878305.000.000) 10/28 12:07:06 Image size of job updated: 123160
	45  -  MemoryUsage of job (MB)
	45088  -  ResidentSetSize of job (KB)
...
006 (878305.000.000) 10/28 12:12:07 Image size of job updated: 763924
	535  -  MemoryUsage of job (MB)
	547160  -  ResidentSetSize of job (KB)
...
006 (878305.000.000) 10/28 12:17:07 Image size of job updated: 777236
	535  -  MemoryUsage of job (MB)
	547160  -  ResidentSetSize of job (KB)
...
006 (878305.000.000) 10/28 12:22:07 Image size of job updated: 789524
	562  -  MemoryUsage of job (MB)
	575464  -  ResidentSetSize of job (KB)
...
006 (878305.000.000) 10/28 12:39:14 Image size of job updated: 796436
	562  -  MemoryUsage of job (MB)
	575464  -  ResidentSetSize of job (KB)
...
005 (878305.000.000) 10/28 12:39:14 Job terminated.
	(1) Normal termination (return value 0)
		Usr 0 00:14:32, Sys 0 00:00:43  -  Run Remote Usage
		Usr 0 00:00:00, Sys 0 00:00:00  -  Run Local Usage
		Usr 0 00:14:32, Sys 0 00:00:43  -  Total Remote Usage
		Usr 0 00:00:00, Sys 0 00:00:00  -  Total Local Usage
	0  -  Run Bytes Sent By Job
	0  -  Run Bytes Received By Job
	0  -  Total Bytes Sent By Job
	0  -  Total Bytes Received By Job
	Partitionable Resources :    Usage  Request          
	   Cpus                 :                 1          
	   Disk (KB)            :        1        1          
	   Memory (MB)          :      562      562          
...
