000 (878281.000.000) 10/28 12:02:30 Job submitted from host: <128.120.80.20:33339>
...
001 (878281.000.000) 10/28 12:02:44 Job executing on host: <10.8.255.8:37901>
...
006 (878281.000.000) 10/28 12:02:53 Image size of job updated: 11332
	2  -  MemoryUsage of job (MB)
	1140  -  ResidentSetSize of job (KB)
...
006 (878281.000.000) 10/28 12:06:43 Image size of job updated: 692272
	2  -  MemoryUsage of job (MB)
	1140  -  ResidentSetSize of job (KB)
...
004 (878281.000.000) 10/28 12:06:43 Job was evicted.
	(0) Job was not checkpointed.
		Usr 0 00:02:53, Sys 0 00:00:05  -  Run Remote Usage
		Usr 0 00:00:00, Sys 0 00:00:00  -  Run Local Usage
	0  -  Run Bytes Sent By Job
	0  -  Run Bytes Received By Job
	Partitionable Resources :    Usage  Request          
	   Cpus                 :                 1          
	   Disk (KB)            :        1        1          
	   Memory (MB)          :        2        2          
...
009 (878281.000.000) 10/28 12:06:45 Job was aborted by the user.
	via condor_rm (by user kmtos)
...
000 (878331.000.000) 10/28 12:06:54 Job submitted from host: <128.120.80.20:33339>
...
001 (878331.000.000) 10/28 12:07:00 Job executing on host: <10.8.255.8:37901>
...
006 (878331.000.000) 10/28 12:07:10 Image size of job updated: 242768
	130  -  MemoryUsage of job (MB)
	132896  -  ResidentSetSize of job (KB)
...
006 (878331.000.000) 10/28 12:11:30 Image size of job updated: 672820
	130  -  MemoryUsage of job (MB)
	132896  -  ResidentSetSize of job (KB)
...
005 (878331.000.000) 10/28 12:11:30 Job terminated.
	(1) Normal termination (return value 0)
		Usr 0 00:03:35, Sys 0 00:00:06  -  Run Remote Usage
		Usr 0 00:00:00, Sys 0 00:00:00  -  Run Local Usage
		Usr 0 00:03:35, Sys 0 00:00:06  -  Total Remote Usage
		Usr 0 00:00:00, Sys 0 00:00:00  -  Total Local Usage
	0  -  Run Bytes Sent By Job
	0  -  Run Bytes Received By Job
	0  -  Total Bytes Sent By Job
	0  -  Total Bytes Received By Job
	Partitionable Resources :    Usage  Request          
	   Cpus                 :                 1          
	   Disk (KB)            :        1        1          
	   Memory (MB)          :      130      130          
...
