000 (878262.000.000) 10/28 12:02:26 Job submitted from host: <128.120.80.20:33339>
...
001 (878262.000.000) 10/28 12:03:25 Job executing on host: <10.8.255.26:44412>
...
006 (878262.000.000) 10/28 12:03:33 Image size of job updated: 48964
	5  -  MemoryUsage of job (MB)
	5032  -  ResidentSetSize of job (KB)
...
006 (878262.000.000) 10/28 12:06:42 Image size of job updated: 736860
	5  -  MemoryUsage of job (MB)
	5032  -  ResidentSetSize of job (KB)
...
004 (878262.000.000) 10/28 12:06:42 Job was evicted.
	(0) Job was not checkpointed.
		Usr 0 00:02:02, Sys 0 00:00:08  -  Run Remote Usage
		Usr 0 00:00:00, Sys 0 00:00:00  -  Run Local Usage
	0  -  Run Bytes Sent By Job
	0  -  Run Bytes Received By Job
	Partitionable Resources :    Usage  Request          
	   Cpus                 :                 1          
	   Disk (KB)            :        1        1          
	   Memory (MB)          :        5        5          
...
009 (878262.000.000) 10/28 12:06:43 Job was aborted by the user.
	via condor_rm (by user kmtos)
...
000 (878312.000.000) 10/28 12:06:50 Job submitted from host: <128.120.80.20:33339>
...
001 (878312.000.000) 10/28 12:06:58 Job executing on host: <10.8.254.9:50776>
...
006 (878312.000.000) 10/28 12:07:06 Image size of job updated: 119512
	44  -  MemoryUsage of job (MB)
	44540  -  ResidentSetSize of job (KB)
...
006 (878312.000.000) 10/28 12:12:06 Image size of job updated: 755848
	519  -  MemoryUsage of job (MB)
	530904  -  ResidentSetSize of job (KB)
...
006 (878312.000.000) 10/28 12:17:07 Image size of job updated: 785544
	540  -  MemoryUsage of job (MB)
	552744  -  ResidentSetSize of job (KB)
...
006 (878312.000.000) 10/28 12:27:07 Image size of job updated: 785544
	548  -  MemoryUsage of job (MB)
	560788  -  ResidentSetSize of job (KB)
...
006 (878312.000.000) 10/28 12:42:09 Image size of job updated: 787336
	548  -  MemoryUsage of job (MB)
	560788  -  ResidentSetSize of job (KB)
...
006 (878312.000.000) 10/28 12:47:09 Image size of job updated: 790152
	548  -  MemoryUsage of job (MB)
	560788  -  ResidentSetSize of job (KB)
...
005 (878312.000.000) 10/28 12:47:09 Job terminated.
	(1) Normal termination (return value 0)
		Usr 0 00:21:00, Sys 0 00:00:50  -  Run Remote Usage
		Usr 0 00:00:00, Sys 0 00:00:00  -  Run Local Usage
		Usr 0 00:21:00, Sys 0 00:00:50  -  Total Remote Usage
		Usr 0 00:00:00, Sys 0 00:00:00  -  Total Local Usage
	0  -  Run Bytes Sent By Job
	0  -  Run Bytes Received By Job
	0  -  Total Bytes Sent By Job
	0  -  Total Bytes Received By Job
	Partitionable Resources :    Usage  Request          
	   Cpus                 :                 1          
	   Disk (KB)            :        1        1          
	   Memory (MB)          :      548      548          
...
