000 (878261.000.000) 10/28 12:02:26 Job submitted from host: <128.120.80.20:33339>
...
001 (878261.000.000) 10/28 12:02:42 Job executing on host: <10.8.254.1:36435>
...
006 (878261.000.000) 10/28 12:02:51 Image size of job updated: 197096
	97  -  MemoryUsage of job (MB)
	98612  -  ResidentSetSize of job (KB)
...
006 (878261.000.000) 10/28 12:06:41 Image size of job updated: 769888
	97  -  MemoryUsage of job (MB)
	98612  -  ResidentSetSize of job (KB)
...
004 (878261.000.000) 10/28 12:06:41 Job was evicted.
	(0) Job was not checkpointed.
		Usr 0 00:02:20, Sys 0 00:00:07  -  Run Remote Usage
		Usr 0 00:00:00, Sys 0 00:00:00  -  Run Local Usage
	0  -  Run Bytes Sent By Job
	0  -  Run Bytes Received By Job
	Partitionable Resources :    Usage  Request          
	   Cpus                 :                 1          
	   Disk (KB)            :        1        1          
	   Memory (MB)          :       97       97          
...
009 (878261.000.000) 10/28 12:06:42 Job was aborted by the user.
	via condor_rm (by user kmtos)
...
000 (878311.000.000) 10/28 12:06:50 Job submitted from host: <128.120.80.20:33339>
...
001 (878311.000.000) 10/28 12:06:58 Job executing on host: <10.8.255.4:33000>
...
006 (878311.000.000) 10/28 12:07:07 Image size of job updated: 1
	2  -  MemoryUsage of job (MB)
	1652  -  ResidentSetSize of job (KB)
...
006 (878311.000.000) 10/28 12:12:08 Image size of job updated: 769408
	526  -  MemoryUsage of job (MB)
	537700  -  ResidentSetSize of job (KB)
...
006 (878311.000.000) 10/28 12:17:09 Image size of job updated: 775296
	530  -  MemoryUsage of job (MB)
	541776  -  ResidentSetSize of job (KB)
...
006 (878311.000.000) 10/28 12:22:09 Image size of job updated: 785536
	546  -  MemoryUsage of job (MB)
	558904  -  ResidentSetSize of job (KB)
...
006 (878311.000.000) 10/28 12:27:09 Image size of job updated: 787072
	546  -  MemoryUsage of job (MB)
	558904  -  ResidentSetSize of job (KB)
...
006 (878311.000.000) 10/28 12:42:11 Image size of job updated: 788864
	546  -  MemoryUsage of job (MB)
	558904  -  ResidentSetSize of job (KB)
...
005 (878311.000.000) 10/28 12:43:53 Job terminated.
	(1) Normal termination (return value 0)
		Usr 0 00:19:49, Sys 0 00:01:00  -  Run Remote Usage
		Usr 0 00:00:00, Sys 0 00:00:00  -  Run Local Usage
		Usr 0 00:19:49, Sys 0 00:01:00  -  Total Remote Usage
		Usr 0 00:00:00, Sys 0 00:00:00  -  Total Local Usage
	0  -  Run Bytes Sent By Job
	0  -  Run Bytes Received By Job
	0  -  Total Bytes Sent By Job
	0  -  Total Bytes Received By Job
	Partitionable Resources :    Usage  Request          
	   Cpus                 :                 1          
	   Disk (KB)            :        1        1          
	   Memory (MB)          :      546      546          
...
