000 (878290.000.000) 10/28 12:02:32 Job submitted from host: <128.120.80.20:33339>
...
001 (878290.000.000) 10/28 12:02:45 Job executing on host: <10.8.255.8:37901>
...
006 (878290.000.000) 10/28 12:02:53 Image size of job updated: 11332
	2  -  MemoryUsage of job (MB)
	1140  -  ResidentSetSize of job (KB)
...
006 (878290.000.000) 10/28 12:06:42 Image size of job updated: 767352
	2  -  MemoryUsage of job (MB)
	1140  -  ResidentSetSize of job (KB)
...
004 (878290.000.000) 10/28 12:06:42 Job was evicted.
	(0) Job was not checkpointed.
		Usr 0 00:02:40, Sys 0 00:00:07  -  Run Remote Usage
		Usr 0 00:00:00, Sys 0 00:00:00  -  Run Local Usage
	0  -  Run Bytes Sent By Job
	0  -  Run Bytes Received By Job
	Partitionable Resources :    Usage  Request          
	   Cpus                 :                 1          
	   Disk (KB)            :        1        1          
	   Memory (MB)          :        2        2          
...
009 (878290.000.000) 10/28 12:06:43 Job was aborted by the user.
	via condor_rm (by user kmtos)
...
000 (878340.000.000) 10/28 12:06:56 Job submitted from host: <128.120.80.20:33339>
...
001 (878340.000.000) 10/28 12:07:21 Job executing on host: <10.8.254.9:50776>
...
006 (878340.000.000) 10/28 12:07:30 Image size of job updated: 240244
	130  -  MemoryUsage of job (MB)
	132136  -  ResidentSetSize of job (KB)
...
006 (878340.000.000) 10/28 12:12:31 Image size of job updated: 767880
	463  -  MemoryUsage of job (MB)
	473716  -  ResidentSetSize of job (KB)
...
006 (878340.000.000) 10/28 12:15:10 Image size of job updated: 768900
	463  -  MemoryUsage of job (MB)
	473716  -  ResidentSetSize of job (KB)
...
005 (878340.000.000) 10/28 12:15:10 Job terminated.
	(1) Normal termination (return value 0)
		Usr 0 00:03:24, Sys 0 00:00:09  -  Run Remote Usage
		Usr 0 00:00:00, Sys 0 00:00:00  -  Run Local Usage
		Usr 0 00:03:24, Sys 0 00:00:09  -  Total Remote Usage
		Usr 0 00:00:00, Sys 0 00:00:00  -  Total Local Usage
	0  -  Run Bytes Sent By Job
	0  -  Run Bytes Received By Job
	0  -  Total Bytes Sent By Job
	0  -  Total Bytes Received By Job
	Partitionable Resources :    Usage  Request          
	   Cpus                 :                 1          
	   Disk (KB)            :        1        1          
	   Memory (MB)          :      463      463          
...
