000 (878264.000.000) 10/28 12:02:26 Job submitted from host: <128.120.80.20:33339>
...
001 (878264.000.000) 10/28 12:03:25 Job executing on host: <10.8.254.8:45053>
...
006 (878264.000.000) 10/28 12:03:34 Image size of job updated: 195088
	93  -  MemoryUsage of job (MB)
	95012  -  ResidentSetSize of job (KB)
...
006 (878264.000.000) 10/28 12:06:40 Image size of job updated: 762896
	93  -  MemoryUsage of job (MB)
	95012  -  ResidentSetSize of job (KB)
...
004 (878264.000.000) 10/28 12:06:40 Job was evicted.
	(0) Job was not checkpointed.
		Usr 0 00:01:45, Sys 0 00:00:05  -  Run Remote Usage
		Usr 0 00:00:00, Sys 0 00:00:00  -  Run Local Usage
	0  -  Run Bytes Sent By Job
	0  -  Run Bytes Received By Job
	Partitionable Resources :    Usage  Request          
	   Cpus                 :                 1          
	   Disk (KB)            :        1        1          
	   Memory (MB)          :       93       93          
...
009 (878264.000.000) 10/28 12:06:41 Job was aborted by the user.
	via condor_rm (by user kmtos)
...
000 (878314.000.000) 10/28 12:06:51 Job submitted from host: <128.120.80.20:33339>
...
001 (878314.000.000) 10/28 12:06:58 Job executing on host: <10.8.254.7:50863>
...
006 (878314.000.000) 10/28 12:07:07 Image size of job updated: 179356
	82  -  MemoryUsage of job (MB)
	83536  -  ResidentSetSize of job (KB)
...
006 (878314.000.000) 10/28 12:12:08 Image size of job updated: 764028
	517  -  MemoryUsage of job (MB)
	528724  -  ResidentSetSize of job (KB)
...
006 (878314.000.000) 10/28 12:17:08 Image size of job updated: 776316
	526  -  MemoryUsage of job (MB)
	538592  -  ResidentSetSize of job (KB)
...
006 (878314.000.000) 10/28 12:22:08 Image size of job updated: 778108
	543  -  MemoryUsage of job (MB)
	555704  -  ResidentSetSize of job (KB)
...
006 (878314.000.000) 10/28 12:27:09 Image size of job updated: 790396
	543  -  MemoryUsage of job (MB)
	555704  -  ResidentSetSize of job (KB)
...
006 (878314.000.000) 10/28 12:42:11 Image size of job updated: 790396
	568  -  MemoryUsage of job (MB)
	581568  -  ResidentSetSize of job (KB)
...
006 (878314.000.000) 10/28 12:46:49 Image size of job updated: 791420
	568  -  MemoryUsage of job (MB)
	581568  -  ResidentSetSize of job (KB)
...
005 (878314.000.000) 10/28 12:46:49 Job terminated.
	(1) Normal termination (return value 0)
		Usr 0 00:22:27, Sys 0 00:01:16  -  Run Remote Usage
		Usr 0 00:00:00, Sys 0 00:00:00  -  Run Local Usage
		Usr 0 00:22:27, Sys 0 00:01:16  -  Total Remote Usage
		Usr 0 00:00:00, Sys 0 00:00:00  -  Total Local Usage
	0  -  Run Bytes Sent By Job
	0  -  Run Bytes Received By Job
	0  -  Total Bytes Sent By Job
	0  -  Total Bytes Received By Job
	Partitionable Resources :    Usage  Request          
	   Cpus                 :                 1          
	   Disk (KB)            :        1        1          
	   Memory (MB)          :      568      568          
...
