000 (878267.000.000) 10/28 12:02:27 Job submitted from host: <128.120.80.20:33339>
...
001 (878267.000.000) 10/28 12:02:43 Job executing on host: <10.8.255.4:33000>
...
006 (878267.000.000) 10/28 12:02:52 Image size of job updated: 52128
	7  -  MemoryUsage of job (MB)
	6188  -  ResidentSetSize of job (KB)
...
006 (878267.000.000) 10/28 12:06:44 Image size of job updated: 768632
	7  -  MemoryUsage of job (MB)
	6188  -  ResidentSetSize of job (KB)
...
004 (878267.000.000) 10/28 12:06:44 Job was evicted.
	(0) Job was not checkpointed.
		Usr 0 00:02:34, Sys 0 00:00:07  -  Run Remote Usage
		Usr 0 00:00:00, Sys 0 00:00:00  -  Run Local Usage
	0  -  Run Bytes Sent By Job
	0  -  Run Bytes Received By Job
	Partitionable Resources :    Usage  Request          
	   Cpus                 :                 1          
	   Disk (KB)            :        1        1          
	   Memory (MB)          :        7        7          
...
009 (878267.000.000) 10/28 12:06:45 Job was aborted by the user.
	via condor_rm (by user kmtos)
...
000 (878317.000.000) 10/28 12:06:51 Job submitted from host: <128.120.80.20:33339>
...
001 (878317.000.000) 10/28 12:06:58 Job executing on host: <10.8.254.7:50863>
...
006 (878317.000.000) 10/28 12:07:07 Image size of job updated: 179416
	83  -  MemoryUsage of job (MB)
	84596  -  ResidentSetSize of job (KB)
...
006 (878317.000.000) 10/28 12:12:07 Image size of job updated: 768892
	518  -  MemoryUsage of job (MB)
	529836  -  ResidentSetSize of job (KB)
...
006 (878317.000.000) 10/28 12:17:07 Image size of job updated: 770428
	520  -  MemoryUsage of job (MB)
	532152  -  ResidentSetSize of job (KB)
...
006 (878317.000.000) 10/28 12:22:08 Image size of job updated: 776060
	521  -  MemoryUsage of job (MB)
	533288  -  ResidentSetSize of job (KB)
...
006 (878317.000.000) 10/28 12:27:09 Image size of job updated: 781180
	535  -  MemoryUsage of job (MB)
	547448  -  ResidentSetSize of job (KB)
...
006 (878317.000.000) 10/28 12:32:09 Image size of job updated: 791164
	535  -  MemoryUsage of job (MB)
	547448  -  ResidentSetSize of job (KB)
...
006 (878317.000.000) 10/28 12:47:11 Image size of job updated: 791164
	537  -  MemoryUsage of job (MB)
	549576  -  ResidentSetSize of job (KB)
...
005 (878317.000.000) 10/28 12:48:33 Job terminated.
	(1) Normal termination (return value 0)
		Usr 0 00:22:42, Sys 0 00:01:23  -  Run Remote Usage
		Usr 0 00:00:00, Sys 0 00:00:00  -  Run Local Usage
		Usr 0 00:22:42, Sys 0 00:01:23  -  Total Remote Usage
		Usr 0 00:00:00, Sys 0 00:00:00  -  Total Local Usage
	0  -  Run Bytes Sent By Job
	0  -  Run Bytes Received By Job
	0  -  Total Bytes Sent By Job
	0  -  Total Bytes Received By Job
	Partitionable Resources :    Usage  Request          
	   Cpus                 :                 1          
	   Disk (KB)            :        1        1          
	   Memory (MB)          :      537      537          
...
