000 (878274.000.000) 10/28 12:02:28 Job submitted from host: <128.120.80.20:33339>
...
001 (878274.000.000) 10/28 12:04:04 Job executing on host: <10.8.254.7:50863>
...
006 (878274.000.000) 10/28 12:04:13 Image size of job updated: 1
	2  -  MemoryUsage of job (MB)
	1660  -  ResidentSetSize of job (KB)
...
006 (878274.000.000) 10/28 12:06:43 Image size of job updated: 756600
	2  -  MemoryUsage of job (MB)
	1660  -  ResidentSetSize of job (KB)
...
004 (878274.000.000) 10/28 12:06:43 Job was evicted.
	(0) Job was not checkpointed.
		Usr 0 00:01:37, Sys 0 00:00:05  -  Run Remote Usage
		Usr 0 00:00:00, Sys 0 00:00:00  -  Run Local Usage
	0  -  Run Bytes Sent By Job
	0  -  Run Bytes Received By Job
	Partitionable Resources :    Usage  Request          
	   Cpus                 :                 1          
	   Disk (KB)            :        1        1          
	   Memory (MB)          :        2        2          
...
009 (878274.000.000) 10/28 12:06:45 Job was aborted by the user.
	via condor_rm (by user kmtos)
...
000 (878324.000.000) 10/28 12:06:52 Job submitted from host: <128.120.80.20:33339>
...
001 (878324.000.000) 10/28 12:06:59 Job executing on host: <10.8.255.26:44412>
...
006 (878324.000.000) 10/28 12:07:08 Image size of job updated: 219256
	102  -  MemoryUsage of job (MB)
	104296  -  ResidentSetSize of job (KB)
...
006 (878324.000.000) 10/28 12:12:09 Image size of job updated: 780896
	537  -  MemoryUsage of job (MB)
	549168  -  ResidentSetSize of job (KB)
...
006 (878324.000.000) 10/28 12:17:09 Image size of job updated: 783968
	537  -  MemoryUsage of job (MB)
	549168  -  ResidentSetSize of job (KB)
...
006 (878324.000.000) 10/28 12:22:09 Image size of job updated: 785248
	537  -  MemoryUsage of job (MB)
	549208  -  ResidentSetSize of job (KB)
...
006 (878324.000.000) 10/28 12:27:10 Image size of job updated: 785504
	537  -  MemoryUsage of job (MB)
	549484  -  ResidentSetSize of job (KB)
...
006 (878324.000.000) 10/28 12:42:12 Image size of job updated: 788060
	544  -  MemoryUsage of job (MB)
	556980  -  ResidentSetSize of job (KB)
...
005 (878324.000.000) 10/28 12:46:51 Job terminated.
	(1) Normal termination (return value 0)
		Usr 0 00:20:00, Sys 0 00:01:19  -  Run Remote Usage
		Usr 0 00:00:00, Sys 0 00:00:00  -  Run Local Usage
		Usr 0 00:20:00, Sys 0 00:01:19  -  Total Remote Usage
		Usr 0 00:00:00, Sys 0 00:00:00  -  Total Local Usage
	0  -  Run Bytes Sent By Job
	0  -  Run Bytes Received By Job
	0  -  Total Bytes Sent By Job
	0  -  Total Bytes Received By Job
	Partitionable Resources :    Usage  Request          
	   Cpus                 :                 1          
	   Disk (KB)            :        1        1          
	   Memory (MB)          :      544      544          
...
