000 (878279.000.000) 10/28 12:02:29 Job submitted from host: <128.120.80.20:33339>
...
001 (878279.000.000) 10/28 12:02:44 Job executing on host: <10.8.255.6:37183>
...
006 (878279.000.000) 10/28 12:02:52 Image size of job updated: 11332
	2  -  MemoryUsage of job (MB)
	1140  -  ResidentSetSize of job (KB)
...
006 (878279.000.000) 10/28 12:06:41 Image size of job updated: 671536
	2  -  MemoryUsage of job (MB)
	1140  -  ResidentSetSize of job (KB)
...
004 (878279.000.000) 10/28 12:06:41 Job was evicted.
	(0) Job was not checkpointed.
		Usr 0 00:03:05, Sys 0 00:00:07  -  Run Remote Usage
		Usr 0 00:00:00, Sys 0 00:00:00  -  Run Local Usage
	0  -  Run Bytes Sent By Job
	0  -  Run Bytes Received By Job
	Partitionable Resources :    Usage  Request          
	   Cpus                 :                 1          
	   Disk (KB)            :        1        1          
	   Memory (MB)          :        2        2          
...
009 (878279.000.000) 10/28 12:06:42 Job was aborted by the user.
	via condor_rm (by user kmtos)
...
000 (878329.000.000) 10/28 12:06:53 Job submitted from host: <128.120.80.20:33339>
...
001 (878329.000.000) 10/28 12:06:59 Job executing on host: <10.8.254.9:50776>
...
006 (878329.000.000) 10/28 12:07:08 Image size of job updated: 93060
	14  -  MemoryUsage of job (MB)
	13328  -  ResidentSetSize of job (KB)
...
006 (878329.000.000) 10/28 12:12:08 Image size of job updated: 652104
	421  -  MemoryUsage of job (MB)
	430128  -  ResidentSetSize of job (KB)
...
006 (878329.000.000) 10/28 12:17:08 Image size of job updated: 702536
	430  -  MemoryUsage of job (MB)
	440196  -  ResidentSetSize of job (KB)
...
006 (878329.000.000) 10/28 12:22:09 Image size of job updated: 702536
	433  -  MemoryUsage of job (MB)
	443168  -  ResidentSetSize of job (KB)
...
006 (878329.000.000) 10/28 12:32:10 Image size of job updated: 708936
	433  -  MemoryUsage of job (MB)
	443168  -  ResidentSetSize of job (KB)
...
006 (878329.000.000) 10/28 12:37:11 Image size of job updated: 708936
	436  -  MemoryUsage of job (MB)
	446236  -  ResidentSetSize of job (KB)
...
006 (878329.000.000) 10/28 12:42:12 Image size of job updated: 720200
	466  -  MemoryUsage of job (MB)
	476756  -  ResidentSetSize of job (KB)
...
006 (878329.000.000) 10/28 12:47:12 Image size of job updated: 726088
	466  -  MemoryUsage of job (MB)
	476756  -  ResidentSetSize of job (KB)
...
006 (878329.000.000) 10/28 12:52:12 Image size of job updated: 732744
	470  -  MemoryUsage of job (MB)
	480336  -  ResidentSetSize of job (KB)
...
006 (878329.000.000) 10/28 12:57:14 Image size of job updated: 736840
	470  -  MemoryUsage of job (MB)
	480336  -  ResidentSetSize of job (KB)
...
006 (878329.000.000) 10/28 13:02:14 Image size of job updated: 744264
	470  -  MemoryUsage of job (MB)
	480336  -  ResidentSetSize of job (KB)
...
006 (878329.000.000) 10/28 13:37:18 Image size of job updated: 745800
	470  -  MemoryUsage of job (MB)
	480336  -  ResidentSetSize of job (KB)
...
006 (878329.000.000) 10/28 13:42:18 Image size of job updated: 745800
	472  -  MemoryUsage of job (MB)
	482628  -  ResidentSetSize of job (KB)
...
005 (878329.000.000) 10/28 13:49:47 Job terminated.
	(1) Normal termination (return value 0)
		Usr 0 01:24:28, Sys 0 00:01:12  -  Run Remote Usage
		Usr 0 00:00:00, Sys 0 00:00:00  -  Run Local Usage
		Usr 0 01:24:28, Sys 0 00:01:12  -  Total Remote Usage
		Usr 0 00:00:00, Sys 0 00:00:00  -  Total Local Usage
	0  -  Run Bytes Sent By Job
	0  -  Run Bytes Received By Job
	0  -  Total Bytes Sent By Job
	0  -  Total Bytes Received By Job
	Partitionable Resources :    Usage  Request          
	   Cpus                 :                 1          
	   Disk (KB)            :        1        1          
	   Memory (MB)          :      472      472          
...
