000 (878258.000.000) 10/28 12:02:25 Job submitted from host: <128.120.80.20:33339>
...
001 (878258.000.000) 10/28 12:02:25 Job executing on host: <10.8.254.1:36435>
...
006 (878258.000.000) 10/28 12:02:35 Image size of job updated: 157524
	72  -  MemoryUsage of job (MB)
	72996  -  ResidentSetSize of job (KB)
...
006 (878258.000.000) 10/28 12:06:42 Image size of job updated: 733788
	72  -  MemoryUsage of job (MB)
	72996  -  ResidentSetSize of job (KB)
...
004 (878258.000.000) 10/28 12:06:42 Job was evicted.
	(0) Job was not checkpointed.
		Usr 0 00:02:09, Sys 0 00:00:06  -  Run Remote Usage
		Usr 0 00:00:00, Sys 0 00:00:00  -  Run Local Usage
	0  -  Run Bytes Sent By Job
	0  -  Run Bytes Received By Job
	Partitionable Resources :    Usage  Request          
	   Cpus                 :                 1          
	   Disk (KB)            :        1        1          
	   Memory (MB)          :       72       72          
...
009 (878258.000.000) 10/28 12:06:42 Job was aborted by the user.
	via condor_rm (by user kmtos)
...
000 (878308.000.000) 10/28 12:06:50 Job submitted from host: <128.120.80.20:33339>
...
001 (878308.000.000) 10/28 12:06:58 Job executing on host: <10.8.254.8:45053>
...
006 (878308.000.000) 10/28 12:07:06 Image size of job updated: 122980
	45  -  MemoryUsage of job (MB)
	45280  -  ResidentSetSize of job (KB)
...
006 (878308.000.000) 10/28 12:12:06 Image size of job updated: 730388
	485  -  MemoryUsage of job (MB)
	496196  -  ResidentSetSize of job (KB)
...
006 (878308.000.000) 10/28 12:17:06 Image size of job updated: 753684
	497  -  MemoryUsage of job (MB)
	508224  -  ResidentSetSize of job (KB)
...
006 (878308.000.000) 10/28 12:22:07 Image size of job updated: 756244
	516  -  MemoryUsage of job (MB)
	527400  -  ResidentSetSize of job (KB)
...
006 (878308.000.000) 10/28 12:36:28 Image size of job updated: 786196
	516  -  MemoryUsage of job (MB)
	527400  -  ResidentSetSize of job (KB)
...
005 (878308.000.000) 10/28 12:36:28 Job terminated.
	(1) Normal termination (return value 0)
		Usr 0 00:12:51, Sys 0 00:00:35  -  Run Remote Usage
		Usr 0 00:00:00, Sys 0 00:00:00  -  Run Local Usage
		Usr 0 00:12:51, Sys 0 00:00:35  -  Total Remote Usage
		Usr 0 00:00:00, Sys 0 00:00:00  -  Total Local Usage
	0  -  Run Bytes Sent By Job
	0  -  Run Bytes Received By Job
	0  -  Total Bytes Sent By Job
	0  -  Total Bytes Received By Job
	Partitionable Resources :    Usage  Request          
	   Cpus                 :                 1          
	   Disk (KB)            :        1        1          
	   Memory (MB)          :      516      516          
...
