000 (878278.000.000) 10/28 12:02:29 Job submitted from host: <128.120.80.20:33339>
...
001 (878278.000.000) 10/28 12:02:43 Job executing on host: <10.8.254.8:45053>
...
006 (878278.000.000) 10/28 12:02:51 Image size of job updated: 93008
	3  -  MemoryUsage of job (MB)
	2188  -  ResidentSetSize of job (KB)
...
006 (878278.000.000) 10/28 12:06:40 Image size of job updated: 647892
	3  -  MemoryUsage of job (MB)
	2188  -  ResidentSetSize of job (KB)
...
004 (878278.000.000) 10/28 12:06:40 Job was evicted.
	(0) Job was not checkpointed.
		Usr 0 00:02:40, Sys 0 00:00:05  -  Run Remote Usage
		Usr 0 00:00:00, Sys 0 00:00:00  -  Run Local Usage
	0  -  Run Bytes Sent By Job
	0  -  Run Bytes Received By Job
	Partitionable Resources :    Usage  Request          
	   Cpus                 :                 1          
	   Disk (KB)            :        1        1          
	   Memory (MB)          :        3        3          
...
009 (878278.000.000) 10/28 12:06:40 Job was aborted by the user.
	via condor_rm (by user kmtos)
...
000 (878328.000.000) 10/28 12:06:53 Job submitted from host: <128.120.80.20:33339>
...
001 (878328.000.000) 10/28 12:06:59 Job executing on host: <10.8.254.8:45053>
...
006 (878328.000.000) 10/28 12:07:08 Image size of job updated: 119900
	44  -  MemoryUsage of job (MB)
	44644  -  ResidentSetSize of job (KB)
...
006 (878328.000.000) 10/28 12:12:08 Image size of job updated: 648392
	410  -  MemoryUsage of job (MB)
	418828  -  ResidentSetSize of job (KB)
...
006 (878328.000.000) 10/28 12:17:08 Image size of job updated: 655816
	417  -  MemoryUsage of job (MB)
	426108  -  ResidentSetSize of job (KB)
...
006 (878328.000.000) 10/28 12:22:09 Image size of job updated: 658888
	440  -  MemoryUsage of job (MB)
	450156  -  ResidentSetSize of job (KB)
...
006 (878328.000.000) 10/28 12:27:10 Image size of job updated: 659656
	440  -  MemoryUsage of job (MB)
	450156  -  ResidentSetSize of job (KB)
...
006 (878328.000.000) 10/28 12:32:10 Image size of job updated: 662728
	440  -  MemoryUsage of job (MB)
	450156  -  ResidentSetSize of job (KB)
...
006 (878328.000.000) 10/28 12:37:11 Image size of job updated: 666312
	440  -  MemoryUsage of job (MB)
	450156  -  ResidentSetSize of job (KB)
...
006 (878328.000.000) 10/28 12:42:12 Image size of job updated: 669128
	444  -  MemoryUsage of job (MB)
	453636  -  ResidentSetSize of job (KB)
...
006 (878328.000.000) 10/28 12:47:12 Image size of job updated: 673736
	444  -  MemoryUsage of job (MB)
	454456  -  ResidentSetSize of job (KB)
...
006 (878328.000.000) 10/28 12:52:12 Image size of job updated: 676296
	457  -  MemoryUsage of job (MB)
	467300  -  ResidentSetSize of job (KB)
...
006 (878328.000.000) 10/28 12:57:13 Image size of job updated: 678856
	457  -  MemoryUsage of job (MB)
	467300  -  ResidentSetSize of job (KB)
...
006 (878328.000.000) 10/28 13:02:13 Image size of job updated: 684488
	457  -  MemoryUsage of job (MB)
	467300  -  ResidentSetSize of job (KB)
...
006 (878328.000.000) 10/28 13:07:13 Image size of job updated: 688328
	462  -  MemoryUsage of job (MB)
	472208  -  ResidentSetSize of job (KB)
...
006 (878328.000.000) 10/28 13:12:14 Image size of job updated: 693704
	463  -  MemoryUsage of job (MB)
	473916  -  ResidentSetSize of job (KB)
...
006 (878328.000.000) 10/28 13:17:15 Image size of job updated: 696776
	463  -  MemoryUsage of job (MB)
	473916  -  ResidentSetSize of job (KB)
...
006 (878328.000.000) 10/28 13:22:15 Image size of job updated: 699080
	463  -  MemoryUsage of job (MB)
	473916  -  ResidentSetSize of job (KB)
...
006 (878328.000.000) 10/28 14:12:20 Image size of job updated: 699080
	466  -  MemoryUsage of job (MB)
	477120  -  ResidentSetSize of job (KB)
...
006 (878328.000.000) 10/28 14:17:20 Image size of job updated: 699080
	468  -  MemoryUsage of job (MB)
	478916  -  ResidentSetSize of job (KB)
...
006 (878328.000.000) 10/28 14:22:20 Image size of job updated: 699080
	473  -  MemoryUsage of job (MB)
	484200  -  ResidentSetSize of job (KB)
...
006 (878328.000.000) 10/28 14:27:21 Image size of job updated: 699336
	473  -  MemoryUsage of job (MB)
	484200  -  ResidentSetSize of job (KB)
...
005 (878328.000.000) 10/28 14:28:27 Job terminated.
	(1) Normal termination (return value 0)
		Usr 0 01:53:17, Sys 0 00:02:10  -  Run Remote Usage
		Usr 0 00:00:00, Sys 0 00:00:00  -  Run Local Usage
		Usr 0 01:53:17, Sys 0 00:02:10  -  Total Remote Usage
		Usr 0 00:00:00, Sys 0 00:00:00  -  Total Local Usage
	0  -  Run Bytes Sent By Job
	0  -  Run Bytes Received By Job
	0  -  Total Bytes Sent By Job
	0  -  Total Bytes Received By Job
	Partitionable Resources :    Usage  Request          
	   Cpus                 :                 1          
	   Disk (KB)            :        1        1          
	   Memory (MB)          :      473      473          
...
