000 (878243.000.000) 10/28 12:02:19 Job submitted from host: <128.120.80.20:33339>
...
007 (878243.000.000) 10/28 12:02:20 Shadow exception!
	Error from slot2@c1-1.cms.tier3.ucdavis.edu: Failed to open '/home/kmtos/NMSSM_Analysis/CMSSW_5_3_11/src/BoostedTauAnalysis/TauAnalyzer/test/z6/Csubmit_tauanalyzer_DYJetsToLL_M-50_cfg.out' as standard output: No such file or directory (errno 2)
	0  -  Run Bytes Sent By Job
	0  -  Run Bytes Received By Job
...
012 (878243.000.000) 10/28 12:02:20 Job was held.
	Error from slot2@c1-1.cms.tier3.ucdavis.edu: Failed to open '/home/kmtos/NMSSM_Analysis/CMSSW_5_3_11/src/BoostedTauAnalysis/TauAnalyzer/test/z6/Csubmit_tauanalyzer_DYJetsToLL_M-50_cfg.out' as standard output: No such file or directory (errno 2)
	Code 7 Subcode 2
...
009 (878243.000.000) 10/28 12:06:40 Job was aborted by the user.
	via condor_rm (by user kmtos)
...
000 (878293.000.000) 10/28 12:06:47 Job submitted from host: <128.120.80.20:33339>
...
001 (878293.000.000) 10/28 12:06:56 Job executing on host: <10.8.254.1:36435>
...
006 (878293.000.000) 10/28 12:07:04 Image size of job updated: 226352
	113  -  MemoryUsage of job (MB)
	115572  -  ResidentSetSize of job (KB)
...
006 (878293.000.000) 10/28 12:12:04 Image size of job updated: 672028
	422  -  MemoryUsage of job (MB)
	431440  -  ResidentSetSize of job (KB)
...
006 (878293.000.000) 10/28 12:17:05 Image size of job updated: 679964
	427  -  MemoryUsage of job (MB)
	436532  -  ResidentSetSize of job (KB)
...
006 (878293.000.000) 10/28 12:22:06 Image size of job updated: 687900
	428  -  MemoryUsage of job (MB)
	437472  -  ResidentSetSize of job (KB)
...
006 (878293.000.000) 10/28 12:27:06 Image size of job updated: 687900
	432  -  MemoryUsage of job (MB)
	441956  -  ResidentSetSize of job (KB)
...
006 (878293.000.000) 10/28 12:37:08 Image size of job updated: 691740
	432  -  MemoryUsage of job (MB)
	441956  -  ResidentSetSize of job (KB)
...
006 (878293.000.000) 10/28 12:42:08 Image size of job updated: 692252
	432  -  MemoryUsage of job (MB)
	441956  -  ResidentSetSize of job (KB)
...
006 (878293.000.000) 10/28 12:52:09 Image size of job updated: 694300
	432  -  MemoryUsage of job (MB)
	441956  -  ResidentSetSize of job (KB)
...
006 (878293.000.000) 10/28 12:57:10 Image size of job updated: 694300
	441  -  MemoryUsage of job (MB)
	450588  -  ResidentSetSize of job (KB)
...
006 (878293.000.000) 10/28 13:02:10 Image size of job updated: 694300
	443  -  MemoryUsage of job (MB)
	453620  -  ResidentSetSize of job (KB)
...
006 (878293.000.000) 10/28 13:07:10 Image size of job updated: 700956
	443  -  MemoryUsage of job (MB)
	453620  -  ResidentSetSize of job (KB)
...
006 (878293.000.000) 10/28 13:12:11 Image size of job updated: 703004
	443  -  MemoryUsage of job (MB)
	453620  -  ResidentSetSize of job (KB)
...
006 (878293.000.000) 10/28 13:22:11 Image size of job updated: 706332
	443  -  MemoryUsage of job (MB)
	453620  -  ResidentSetSize of job (KB)
...
006 (878293.000.000) 10/28 13:32:13 Image size of job updated: 707612
	443  -  MemoryUsage of job (MB)
	453620  -  ResidentSetSize of job (KB)
...
006 (878293.000.000) 10/28 14:02:15 Image size of job updated: 711704
	443  -  MemoryUsage of job (MB)
	453620  -  ResidentSetSize of job (KB)
...
006 (878293.000.000) 10/28 14:07:16 Image size of job updated: 711704
	447  -  MemoryUsage of job (MB)
	457312  -  ResidentSetSize of job (KB)
...
006 (878293.000.000) 10/28 14:42:19 Image size of job updated: 711704
	451  -  MemoryUsage of job (MB)
	461780  -  ResidentSetSize of job (KB)
...
005 (878293.000.000) 10/28 14:43:36 Job terminated.
	(1) Normal termination (return value 0)
		Usr 0 02:02:29, Sys 0 00:01:54  -  Run Remote Usage
		Usr 0 00:00:00, Sys 0 00:00:00  -  Run Local Usage
		Usr 0 02:02:29, Sys 0 00:01:54  -  Total Remote Usage
		Usr 0 00:00:00, Sys 0 00:00:00  -  Total Local Usage
	0  -  Run Bytes Sent By Job
	0  -  Run Bytes Received By Job
	0  -  Total Bytes Sent By Job
	0  -  Total Bytes Received By Job
	Partitionable Resources :    Usage  Request          
	   Cpus                 :                 1          
	   Disk (KB)            :        1        1          
	   Memory (MB)          :      451      451          
...
