000 (878269.000.000) 10/28 12:02:27 Job submitted from host: <128.120.80.20:33339>
...
001 (878269.000.000) 10/28 12:02:44 Job executing on host: <10.8.255.6:37183>
...
006 (878269.000.000) 10/28 12:02:52 Image size of job updated: 11332
	2  -  MemoryUsage of job (MB)
	1144  -  ResidentSetSize of job (KB)
...
006 (878269.000.000) 10/28 12:06:42 Image size of job updated: 773760
	2  -  MemoryUsage of job (MB)
	1144  -  ResidentSetSize of job (KB)
...
004 (878269.000.000) 10/28 12:06:42 Job was evicted.
	(0) Job was not checkpointed.
		Usr 0 00:02:23, Sys 0 00:00:09  -  Run Remote Usage
		Usr 0 00:00:00, Sys 0 00:00:00  -  Run Local Usage
	0  -  Run Bytes Sent By Job
	0  -  Run Bytes Received By Job
	Partitionable Resources :    Usage  Request          
	   Cpus                 :                 1          
	   Disk (KB)            :        1        1          
	   Memory (MB)          :        2        2          
...
009 (878269.000.000) 10/28 12:06:43 Job was aborted by the user.
	via condor_rm (by user kmtos)
...
000 (878319.000.000) 10/28 12:06:52 Job submitted from host: <128.120.80.20:33339>
...
001 (878319.000.000) 10/28 12:06:59 Job executing on host: <10.8.255.3:42410>
...
006 (878319.000.000) 10/28 12:07:07 Image size of job updated: 188632
	91  -  MemoryUsage of job (MB)
	93008  -  ResidentSetSize of job (KB)
...
006 (878319.000.000) 10/28 12:12:07 Image size of job updated: 772960
	524  -  MemoryUsage of job (MB)
	536428  -  ResidentSetSize of job (KB)
...
006 (878319.000.000) 10/28 12:17:07 Image size of job updated: 788576
	533  -  MemoryUsage of job (MB)
	545556  -  ResidentSetSize of job (KB)
...
006 (878319.000.000) 10/28 12:22:08 Image size of job updated: 789088
	535  -  MemoryUsage of job (MB)
	547272  -  ResidentSetSize of job (KB)
...
006 (878319.000.000) 10/28 12:32:08 Image size of job updated: 789088
	558  -  MemoryUsage of job (MB)
	570924  -  ResidentSetSize of job (KB)
...
006 (878319.000.000) 10/28 12:47:08 Image size of job updated: 791904
	558  -  MemoryUsage of job (MB)
	570924  -  ResidentSetSize of job (KB)
...
005 (878319.000.000) 10/28 12:47:08 Job terminated.
	(1) Normal termination (return value 0)
		Usr 0 00:21:11, Sys 0 00:00:49  -  Run Remote Usage
		Usr 0 00:00:00, Sys 0 00:00:00  -  Run Local Usage
		Usr 0 00:21:11, Sys 0 00:00:49  -  Total Remote Usage
		Usr 0 00:00:00, Sys 0 00:00:00  -  Total Local Usage
	0  -  Run Bytes Sent By Job
	0  -  Run Bytes Received By Job
	0  -  Total Bytes Sent By Job
	0  -  Total Bytes Received By Job
	Partitionable Resources :    Usage  Request          
	   Cpus                 :                 1          
	   Disk (KB)            :        1        1          
	   Memory (MB)          :      558      558          
...
