000 (878260.000.000) 10/28 12:02:25 Job submitted from host: <128.120.80.20:33339>
...
001 (878260.000.000) 10/28 12:02:42 Job executing on host: <10.8.254.1:36435>
...
006 (878260.000.000) 10/28 12:02:51 Image size of job updated: 195752
	95  -  MemoryUsage of job (MB)
	96852  -  ResidentSetSize of job (KB)
...
006 (878260.000.000) 10/28 12:06:40 Image size of job updated: 765788
	95  -  MemoryUsage of job (MB)
	96852  -  ResidentSetSize of job (KB)
...
004 (878260.000.000) 10/28 12:06:40 Job was evicted.
	(0) Job was not checkpointed.
		Usr 0 00:02:28, Sys 0 00:00:07  -  Run Remote Usage
		Usr 0 00:00:00, Sys 0 00:00:00  -  Run Local Usage
	0  -  Run Bytes Sent By Job
	0  -  Run Bytes Received By Job
	Partitionable Resources :    Usage  Request          
	   Cpus                 :                 1          
	   Disk (KB)            :        1        1          
	   Memory (MB)          :       95       95          
...
009 (878260.000.000) 10/28 12:06:40 Job was aborted by the user.
	via condor_rm (by user kmtos)
...
000 (878310.000.000) 10/28 12:06:50 Job submitted from host: <128.120.80.20:33339>
...
001 (878310.000.000) 10/28 12:06:58 Job executing on host: <10.8.255.4:33000>
...
006 (878310.000.000) 10/28 12:07:06 Image size of job updated: 48616
	5  -  MemoryUsage of job (MB)
	4604  -  ResidentSetSize of job (KB)
...
006 (878310.000.000) 10/28 12:12:06 Image size of job updated: 765564
	524  -  MemoryUsage of job (MB)
	535768  -  ResidentSetSize of job (KB)
...
006 (878310.000.000) 10/28 12:17:07 Image size of job updated: 767612
	529  -  MemoryUsage of job (MB)
	541444  -  ResidentSetSize of job (KB)
...
006 (878310.000.000) 10/28 12:22:08 Image size of job updated: 777596
	531  -  MemoryUsage of job (MB)
	543008  -  ResidentSetSize of job (KB)
...
006 (878310.000.000) 10/28 12:27:08 Image size of job updated: 783228
	531  -  MemoryUsage of job (MB)
	543008  -  ResidentSetSize of job (KB)
...
006 (878310.000.000) 10/28 12:37:10 Image size of job updated: 783228
	533  -  MemoryUsage of job (MB)
	545212  -  ResidentSetSize of job (KB)
...
006 (878310.000.000) 10/28 12:42:10 Image size of job updated: 783228
	545  -  MemoryUsage of job (MB)
	557756  -  ResidentSetSize of job (KB)
...
006 (878310.000.000) 10/28 12:45:06 Image size of job updated: 783740
	545  -  MemoryUsage of job (MB)
	557756  -  ResidentSetSize of job (KB)
...
005 (878310.000.000) 10/28 12:45:06 Job terminated.
	(1) Normal termination (return value 0)
		Usr 0 00:20:34, Sys 0 00:01:01  -  Run Remote Usage
		Usr 0 00:00:00, Sys 0 00:00:00  -  Run Local Usage
		Usr 0 00:20:34, Sys 0 00:01:01  -  Total Remote Usage
		Usr 0 00:00:00, Sys 0 00:00:00  -  Total Local Usage
	0  -  Run Bytes Sent By Job
	0  -  Run Bytes Received By Job
	0  -  Total Bytes Sent By Job
	0  -  Total Bytes Received By Job
	Partitionable Resources :    Usage  Request          
	   Cpus                 :                 1          
	   Disk (KB)            :        1        1          
	   Memory (MB)          :      545      545          
...
