000 (878256.000.000) 10/28 12:02:23 Job submitted from host: <128.120.80.20:33339>
...
007 (878256.000.000) 10/28 12:02:25 Shadow exception!
	Error from slot3@c1-1.cms.tier3.ucdavis.edu: Failed to open '/home/kmtos/NMSSM_Analysis/CMSSW_5_3_11/src/BoostedTauAnalysis/TauAnalyzer/test/z6/Csubmit_tauanalyzer_SingleMu_Run2012B_4_cfg.out' as standard output: No such file or directory (errno 2)
	0  -  Run Bytes Sent By Job
	0  -  Run Bytes Received By Job
...
012 (878256.000.000) 10/28 12:02:25 Job was held.
	Error from slot3@c1-1.cms.tier3.ucdavis.edu: Failed to open '/home/kmtos/NMSSM_Analysis/CMSSW_5_3_11/src/BoostedTauAnalysis/TauAnalyzer/test/z6/Csubmit_tauanalyzer_SingleMu_Run2012B_4_cfg.out' as standard output: No such file or directory (errno 2)
	Code 7 Subcode 2
...
009 (878256.000.000) 10/28 12:06:42 Job was aborted by the user.
	via condor_rm (by user kmtos)
...
000 (878306.000.000) 10/28 12:06:49 Job submitted from host: <128.120.80.20:33339>
...
001 (878306.000.000) 10/28 12:06:58 Job executing on host: <10.8.254.8:45053>
...
006 (878306.000.000) 10/28 12:07:06 Image size of job updated: 123492
	45  -  MemoryUsage of job (MB)
	45636  -  ResidentSetSize of job (KB)
...
006 (878306.000.000) 10/28 12:12:06 Image size of job updated: 748312
	504  -  MemoryUsage of job (MB)
	515972  -  ResidentSetSize of job (KB)
...
006 (878306.000.000) 10/28 12:17:06 Image size of job updated: 757016
	516  -  MemoryUsage of job (MB)
	528360  -  ResidentSetSize of job (KB)
...
006 (878306.000.000) 10/28 12:22:07 Image size of job updated: 761368
	522  -  MemoryUsage of job (MB)
	534056  -  ResidentSetSize of job (KB)
...
006 (878306.000.000) 10/28 12:32:07 Image size of job updated: 763668
	522  -  MemoryUsage of job (MB)
	534056  -  ResidentSetSize of job (KB)
...
006 (878306.000.000) 10/28 12:36:04 Image size of job updated: 770324
	522  -  MemoryUsage of job (MB)
	534056  -  ResidentSetSize of job (KB)
...
005 (878306.000.000) 10/28 12:36:04 Job terminated.
	(1) Normal termination (return value 0)
		Usr 0 00:13:50, Sys 0 00:00:43  -  Run Remote Usage
		Usr 0 00:00:00, Sys 0 00:00:00  -  Run Local Usage
		Usr 0 00:13:50, Sys 0 00:00:43  -  Total Remote Usage
		Usr 0 00:00:00, Sys 0 00:00:00  -  Total Local Usage
	0  -  Run Bytes Sent By Job
	0  -  Run Bytes Received By Job
	0  -  Total Bytes Sent By Job
	0  -  Total Bytes Received By Job
	Partitionable Resources :    Usage  Request          
	   Cpus                 :                 1          
	   Disk (KB)            :        1        1          
	   Memory (MB)          :      522      522          
...
