000 (878263.000.000) 10/28 12:02:26 Job submitted from host: <128.120.80.20:33339>
...
001 (878263.000.000) 10/28 12:03:25 Job executing on host: <10.8.255.26:44412>
...
006 (878263.000.000) 10/28 12:03:34 Image size of job updated: 332972
	190  -  MemoryUsage of job (MB)
	194400  -  ResidentSetSize of job (KB)
...
006 (878263.000.000) 10/28 12:06:43 Image size of job updated: 749916
	190  -  MemoryUsage of job (MB)
	194400  -  ResidentSetSize of job (KB)
...
004 (878263.000.000) 10/28 12:06:43 Job was evicted.
	(0) Job was not checkpointed.
		Usr 0 00:02:05, Sys 0 00:00:07  -  Run Remote Usage
		Usr 0 00:00:00, Sys 0 00:00:00  -  Run Local Usage
	0  -  Run Bytes Sent By Job
	0  -  Run Bytes Received By Job
	Partitionable Resources :    Usage  Request          
	   Cpus                 :                 1          
	   Disk (KB)            :        1        1          
	   Memory (MB)          :      190      190          
...
009 (878263.000.000) 10/28 12:06:45 Job was aborted by the user.
	via condor_rm (by user kmtos)
...
000 (878313.000.000) 10/28 12:06:50 Job submitted from host: <128.120.80.20:33339>
...
001 (878313.000.000) 10/28 12:06:58 Job executing on host: <10.8.255.7:35844>
...
006 (878313.000.000) 10/28 12:07:07 Image size of job updated: 279892
	146  -  MemoryUsage of job (MB)
	149096  -  ResidentSetSize of job (KB)
...
006 (878313.000.000) 10/28 12:12:08 Image size of job updated: 745592
	520  -  MemoryUsage of job (MB)
	532336  -  ResidentSetSize of job (KB)
...
006 (878313.000.000) 10/28 12:17:09 Image size of job updated: 748664
	534  -  MemoryUsage of job (MB)
	546424  -  ResidentSetSize of job (KB)
...
006 (878313.000.000) 10/28 12:22:09 Image size of job updated: 787320
	549  -  MemoryUsage of job (MB)
	562148  -  ResidentSetSize of job (KB)
...
006 (878313.000.000) 10/28 12:27:09 Image size of job updated: 796792
	549  -  MemoryUsage of job (MB)
	562148  -  ResidentSetSize of job (KB)
...
006 (878313.000.000) 10/28 12:42:11 Image size of job updated: 796792
	563  -  MemoryUsage of job (MB)
	576508  -  ResidentSetSize of job (KB)
...
006 (878313.000.000) 10/28 12:43:49 Image size of job updated: 798076
	563  -  MemoryUsage of job (MB)
	576508  -  ResidentSetSize of job (KB)
...
005 (878313.000.000) 10/28 12:43:49 Job terminated.
	(1) Normal termination (return value 0)
		Usr 0 00:20:15, Sys 0 00:00:43  -  Run Remote Usage
		Usr 0 00:00:00, Sys 0 00:00:00  -  Run Local Usage
		Usr 0 00:20:15, Sys 0 00:00:43  -  Total Remote Usage
		Usr 0 00:00:00, Sys 0 00:00:00  -  Total Local Usage
	0  -  Run Bytes Sent By Job
	0  -  Run Bytes Received By Job
	0  -  Total Bytes Sent By Job
	0  -  Total Bytes Received By Job
	Partitionable Resources :    Usage  Request          
	   Cpus                 :                 1          
	   Disk (KB)            :        1        1          
	   Memory (MB)          :      563      563          
...
