000 (878270.000.000) 10/28 12:02:27 Job submitted from host: <128.120.80.20:33339>
...
001 (878270.000.000) 10/28 12:02:43 Job executing on host: <10.8.255.4:33000>
...
006 (878270.000.000) 10/28 12:02:52 Image size of job updated: 52128
	7  -  MemoryUsage of job (MB)
	6188  -  ResidentSetSize of job (KB)
...
006 (878270.000.000) 10/28 12:06:43 Image size of job updated: 751736
	7  -  MemoryUsage of job (MB)
	6188  -  ResidentSetSize of job (KB)
...
004 (878270.000.000) 10/28 12:06:43 Job was evicted.
	(0) Job was not checkpointed.
		Usr 0 00:02:32, Sys 0 00:00:07  -  Run Remote Usage
		Usr 0 00:00:00, Sys 0 00:00:00  -  Run Local Usage
	0  -  Run Bytes Sent By Job
	0  -  Run Bytes Received By Job
	Partitionable Resources :    Usage  Request          
	   Cpus                 :                 1          
	   Disk (KB)            :        1        1          
	   Memory (MB)          :        7        7          
...
009 (878270.000.000) 10/28 12:06:45 Job was aborted by the user.
	via condor_rm (by user kmtos)
...
000 (878320.000.000) 10/28 12:06:52 Job submitted from host: <128.120.80.20:33339>
...
001 (878320.000.000) 10/28 12:06:59 Job executing on host: <10.8.255.3:42410>
...
006 (878320.000.000) 10/28 12:07:07 Image size of job updated: 188628
	91  -  MemoryUsage of job (MB)
	92840  -  ResidentSetSize of job (KB)
...
006 (878320.000.000) 10/28 12:12:07 Image size of job updated: 743268
	510  -  MemoryUsage of job (MB)
	521372  -  ResidentSetSize of job (KB)
...
006 (878320.000.000) 10/28 12:17:08 Image size of job updated: 760420
	513  -  MemoryUsage of job (MB)
	524740  -  ResidentSetSize of job (KB)
...
006 (878320.000.000) 10/28 12:22:08 Image size of job updated: 773220
	535  -  MemoryUsage of job (MB)
	547472  -  ResidentSetSize of job (KB)
...
006 (878320.000.000) 10/28 12:27:08 Image size of job updated: 790372
	569  -  MemoryUsage of job (MB)
	581668  -  ResidentSetSize of job (KB)
...
005 (878320.000.000) 10/28 12:47:02 Job terminated.
	(1) Normal termination (return value 0)
		Usr 0 00:20:08, Sys 0 00:00:44  -  Run Remote Usage
		Usr 0 00:00:00, Sys 0 00:00:00  -  Run Local Usage
		Usr 0 00:20:08, Sys 0 00:00:44  -  Total Remote Usage
		Usr 0 00:00:00, Sys 0 00:00:00  -  Total Local Usage
	0  -  Run Bytes Sent By Job
	0  -  Run Bytes Received By Job
	0  -  Total Bytes Sent By Job
	0  -  Total Bytes Received By Job
	Partitionable Resources :    Usage  Request          
	   Cpus                 :                 1          
	   Disk (KB)            :        1        1          
	   Memory (MB)          :      569      569          
...
