000 (878289.000.000) 10/28 12:02:31 Job submitted from host: <128.120.80.20:33339>
...
001 (878289.000.000) 10/28 12:02:44 Job executing on host: <10.8.254.7:50863>
...
006 (878289.000.000) 10/28 12:02:53 Image size of job updated: 11332
	2  -  MemoryUsage of job (MB)
	1144  -  ResidentSetSize of job (KB)
...
006 (878289.000.000) 10/28 12:06:40 Image size of job updated: 781180
	2  -  MemoryUsage of job (MB)
	1144  -  ResidentSetSize of job (KB)
...
004 (878289.000.000) 10/28 12:06:40 Job was evicted.
	(0) Job was not checkpointed.
		Usr 0 00:02:39, Sys 0 00:00:08  -  Run Remote Usage
		Usr 0 00:00:00, Sys 0 00:00:00  -  Run Local Usage
	0  -  Run Bytes Sent By Job
	0  -  Run Bytes Received By Job
	Partitionable Resources :    Usage  Request          
	   Cpus                 :                 1          
	   Disk (KB)            :        1        1          
	   Memory (MB)          :        2        2          
...
009 (878289.000.000) 10/28 12:06:41 Job was aborted by the user.
	via condor_rm (by user kmtos)
...
000 (878339.000.000) 10/28 12:06:56 Job submitted from host: <128.120.80.20:33339>
...
001 (878339.000.000) 10/28 12:07:21 Job executing on host: <10.8.254.8:45053>
...
006 (878339.000.000) 10/28 12:07:29 Image size of job updated: 1
	2  -  MemoryUsage of job (MB)
	1668  -  ResidentSetSize of job (KB)
...
006 (878339.000.000) 10/28 12:12:29 Image size of job updated: 781076
	475  -  MemoryUsage of job (MB)
	485836  -  ResidentSetSize of job (KB)
...
005 (878339.000.000) 10/28 12:16:32 Job terminated.
	(1) Normal termination (return value 0)
		Usr 0 00:03:36, Sys 0 00:00:10  -  Run Remote Usage
		Usr 0 00:00:00, Sys 0 00:00:00  -  Run Local Usage
		Usr 0 00:03:36, Sys 0 00:00:10  -  Total Remote Usage
		Usr 0 00:00:00, Sys 0 00:00:00  -  Total Local Usage
	0  -  Run Bytes Sent By Job
	0  -  Run Bytes Received By Job
	0  -  Total Bytes Sent By Job
	0  -  Total Bytes Received By Job
	Partitionable Resources :    Usage  Request          
	   Cpus                 :                 1          
	   Disk (KB)            :        1        1          
	   Memory (MB)          :      475      475          
...
