000 (878247.000.000) 10/28 12:02:20 Job submitted from host: <128.120.80.20:33339>
...
007 (878247.000.000) 10/28 12:02:21 Shadow exception!
	Error from slot2@c1-1.cms.tier3.ucdavis.edu: Failed to open '/home/kmtos/NMSSM_Analysis/CMSSW_5_3_11/src/BoostedTauAnalysis/TauAnalyzer/test/z6/Csubmit_tauanalyzer_SingleMu_Run2012A_3_cfg.out' as standard output: No such file or directory (errno 2)
	0  -  Run Bytes Sent By Job
	0  -  Run Bytes Received By Job
...
012 (878247.000.000) 10/28 12:02:21 Job was held.
	Error from slot2@c1-1.cms.tier3.ucdavis.edu: Failed to open '/home/kmtos/NMSSM_Analysis/CMSSW_5_3_11/src/BoostedTauAnalysis/TauAnalyzer/test/z6/Csubmit_tauanalyzer_SingleMu_Run2012A_3_cfg.out' as standard output: No such file or directory (errno 2)
	Code 7 Subcode 2
...
009 (878247.000.000) 10/28 12:06:41 Job was aborted by the user.
	via condor_rm (by user kmtos)
...
000 (878297.000.000) 10/28 12:06:47 Job submitted from host: <128.120.80.20:33339>
...
001 (878297.000.000) 10/28 12:06:56 Job executing on host: <10.8.255.6:37183>
...
006 (878297.000.000) 10/28 12:07:05 Image size of job updated: 117464
	40  -  MemoryUsage of job (MB)
	40172  -  ResidentSetSize of job (KB)
...
006 (878297.000.000) 10/28 12:12:06 Image size of job updated: 819832
	215  -  MemoryUsage of job (MB)
	219160  -  ResidentSetSize of job (KB)
...
005 (878297.000.000) 10/28 12:16:54 Job terminated.
	(1) Normal termination (return value 0)
		Usr 0 00:04:28, Sys 0 00:00:22  -  Run Remote Usage
		Usr 0 00:00:00, Sys 0 00:00:00  -  Run Local Usage
		Usr 0 00:04:28, Sys 0 00:00:22  -  Total Remote Usage
		Usr 0 00:00:00, Sys 0 00:00:00  -  Total Local Usage
	0  -  Run Bytes Sent By Job
	0  -  Run Bytes Received By Job
	0  -  Total Bytes Sent By Job
	0  -  Total Bytes Received By Job
	Partitionable Resources :    Usage  Request          
	   Cpus                 :                 1          
	   Disk (KB)            :        1        1          
	   Memory (MB)          :      215      215          
...
