000 (878286.000.000) 10/28 12:02:31 Job submitted from host: <128.120.80.20:33339>
...
001 (878286.000.000) 10/28 12:02:43 Job executing on host: <10.8.254.8:45053>
...
006 (878286.000.000) 10/28 12:02:51 Image size of job updated: 93012
	3  -  MemoryUsage of job (MB)
	2188  -  ResidentSetSize of job (KB)
...
006 (878286.000.000) 10/28 12:06:41 Image size of job updated: 644440
	3  -  MemoryUsage of job (MB)
	2188  -  ResidentSetSize of job (KB)
...
004 (878286.000.000) 10/28 12:06:41 Job was evicted.
	(0) Job was not checkpointed.
		Usr 0 00:02:57, Sys 0 00:00:06  -  Run Remote Usage
		Usr 0 00:00:00, Sys 0 00:00:00  -  Run Local Usage
	0  -  Run Bytes Sent By Job
	0  -  Run Bytes Received By Job
	Partitionable Resources :    Usage  Request          
	   Cpus                 :                 1          
	   Disk (KB)            :        1        1          
	   Memory (MB)          :        3        3          
...
009 (878286.000.000) 10/28 12:06:42 Job was aborted by the user.
	via condor_rm (by user kmtos)
...
000 (878336.000.000) 10/28 12:06:55 Job submitted from host: <128.120.80.20:33339>
...
001 (878336.000.000) 10/28 12:07:00 Job executing on host: <10.8.254.9:50776>
...
006 (878336.000.000) 10/28 12:07:08 Image size of job updated: 1
	2  -  MemoryUsage of job (MB)
	1680  -  ResidentSetSize of job (KB)
...
006 (878336.000.000) 10/28 12:12:08 Image size of job updated: 644560
	406  -  MemoryUsage of job (MB)
	415140  -  ResidentSetSize of job (KB)
...
006 (878336.000.000) 10/28 12:17:09 Image size of job updated: 647888
	409  -  MemoryUsage of job (MB)
	418604  -  ResidentSetSize of job (KB)
...
006 (878336.000.000) 10/28 12:22:10 Image size of job updated: 652240
	411  -  MemoryUsage of job (MB)
	420024  -  ResidentSetSize of job (KB)
...
006 (878336.000.000) 10/28 12:27:10 Image size of job updated: 653008
	411  -  MemoryUsage of job (MB)
	420024  -  ResidentSetSize of job (KB)
...
006 (878336.000.000) 10/28 12:32:10 Image size of job updated: 654544
	412  -  MemoryUsage of job (MB)
	421608  -  ResidentSetSize of job (KB)
...
006 (878336.000.000) 10/28 12:37:11 Image size of job updated: 657360
	416  -  MemoryUsage of job (MB)
	425856  -  ResidentSetSize of job (KB)
...
006 (878336.000.000) 10/28 12:47:11 Image size of job updated: 657360
	431  -  MemoryUsage of job (MB)
	440536  -  ResidentSetSize of job (KB)
...
006 (878336.000.000) 10/28 13:02:13 Image size of job updated: 657360
	433  -  MemoryUsage of job (MB)
	442700  -  ResidentSetSize of job (KB)
...
005 (878336.000.000) 10/28 13:06:41 Job terminated.
	(1) Normal termination (return value 0)
		Usr 0 00:49:30, Sys 0 00:01:01  -  Run Remote Usage
		Usr 0 00:00:00, Sys 0 00:00:00  -  Run Local Usage
		Usr 0 00:49:30, Sys 0 00:01:01  -  Total Remote Usage
		Usr 0 00:00:00, Sys 0 00:00:00  -  Total Local Usage
	0  -  Run Bytes Sent By Job
	0  -  Run Bytes Received By Job
	0  -  Total Bytes Sent By Job
	0  -  Total Bytes Received By Job
	Partitionable Resources :    Usage  Request          
	   Cpus                 :                 1          
	   Disk (KB)            :        1        1          
	   Memory (MB)          :      433      433          
...
