000 (878284.000.000) 10/28 12:02:30 Job submitted from host: <128.120.80.20:33339>
...
001 (878284.000.000) 10/28 12:02:44 Job executing on host: <10.8.254.7:50863>
...
006 (878284.000.000) 10/28 12:02:53 Image size of job updated: 11332
	2  -  MemoryUsage of job (MB)
	1140  -  ResidentSetSize of job (KB)
...
006 (878284.000.000) 10/28 12:06:43 Image size of job updated: 673076
	2  -  MemoryUsage of job (MB)
	1140  -  ResidentSetSize of job (KB)
...
004 (878284.000.000) 10/28 12:06:43 Job was evicted.
	(0) Job was not checkpointed.
		Usr 0 00:03:02, Sys 0 00:00:05  -  Run Remote Usage
		Usr 0 00:00:00, Sys 0 00:00:00  -  Run Local Usage
	0  -  Run Bytes Sent By Job
	0  -  Run Bytes Received By Job
	Partitionable Resources :    Usage  Request          
	   Cpus                 :                 1          
	   Disk (KB)            :        1        1          
	   Memory (MB)          :        2        2          
...
009 (878284.000.000) 10/28 12:06:45 Job was aborted by the user.
	via condor_rm (by user kmtos)
...
000 (878334.000.000) 10/28 12:06:55 Job submitted from host: <128.120.80.20:33339>
...
001 (878334.000.000) 10/28 12:07:01 Job executing on host: <10.8.255.8:37901>
...
006 (878334.000.000) 10/28 12:07:09 Image size of job updated: 238604
	128  -  MemoryUsage of job (MB)
	130336  -  ResidentSetSize of job (KB)
...
006 (878334.000.000) 10/28 12:12:09 Image size of job updated: 673332
	409  -  MemoryUsage of job (MB)
	418012  -  ResidentSetSize of job (KB)
...
006 (878334.000.000) 10/28 12:22:10 Image size of job updated: 679988
	411  -  MemoryUsage of job (MB)
	420468  -  ResidentSetSize of job (KB)
...
006 (878334.000.000) 10/28 12:27:10 Image size of job updated: 679988
	413  -  MemoryUsage of job (MB)
	422064  -  ResidentSetSize of job (KB)
...
006 (878334.000.000) 10/28 12:32:10 Image size of job updated: 679988
	413  -  MemoryUsage of job (MB)
	422396  -  ResidentSetSize of job (KB)
...
006 (878334.000.000) 10/28 12:32:58 Image size of job updated: 680248
	413  -  MemoryUsage of job (MB)
	422396  -  ResidentSetSize of job (KB)
...
005 (878334.000.000) 10/28 12:32:58 Job terminated.
	(1) Normal termination (return value 0)
		Usr 0 00:20:42, Sys 0 00:00:31  -  Run Remote Usage
		Usr 0 00:00:00, Sys 0 00:00:00  -  Run Local Usage
		Usr 0 00:20:42, Sys 0 00:00:31  -  Total Remote Usage
		Usr 0 00:00:00, Sys 0 00:00:00  -  Total Local Usage
	0  -  Run Bytes Sent By Job
	0  -  Run Bytes Received By Job
	0  -  Total Bytes Sent By Job
	0  -  Total Bytes Received By Job
	Partitionable Resources :    Usage  Request          
	   Cpus                 :                 1          
	   Disk (KB)            :        1        1          
	   Memory (MB)          :      413      413          
...
