000 (878265.000.000) 10/28 12:02:26 Job submitted from host: <128.120.80.20:33339>
...
001 (878265.000.000) 10/28 12:03:03 Job executing on host: <10.8.255.26:44412>
...
006 (878265.000.000) 10/28 12:03:11 Image size of job updated: 119984
	44  -  MemoryUsage of job (MB)
	44824  -  ResidentSetSize of job (KB)
...
006 (878265.000.000) 10/28 12:06:42 Image size of job updated: 751712
	44  -  MemoryUsage of job (MB)
	44824  -  ResidentSetSize of job (KB)
...
004 (878265.000.000) 10/28 12:06:42 Job was evicted.
	(0) Job was not checkpointed.
		Usr 0 00:02:16, Sys 0 00:00:06  -  Run Remote Usage
		Usr 0 00:00:00, Sys 0 00:00:00  -  Run Local Usage
	0  -  Run Bytes Sent By Job
	0  -  Run Bytes Received By Job
	Partitionable Resources :    Usage  Request          
	   Cpus                 :                 1          
	   Disk (KB)            :        1        1          
	   Memory (MB)          :       44       44          
...
009 (878265.000.000) 10/28 12:06:43 Job was aborted by the user.
	via condor_rm (by user kmtos)
...
000 (878315.000.000) 10/28 12:06:51 Job submitted from host: <128.120.80.20:33339>
...
001 (878315.000.000) 10/28 12:06:58 Job executing on host: <10.8.254.7:50863>
...
006 (878315.000.000) 10/28 12:07:07 Image size of job updated: 179436
	80  -  MemoryUsage of job (MB)
	81740  -  ResidentSetSize of job (KB)
...
006 (878315.000.000) 10/28 12:12:08 Image size of job updated: 760956
	506  -  MemoryUsage of job (MB)
	517484  -  ResidentSetSize of job (KB)
...
006 (878315.000.000) 10/28 12:17:08 Image size of job updated: 764028
	530  -  MemoryUsage of job (MB)
	542400  -  ResidentSetSize of job (KB)
...
006 (878315.000.000) 10/28 12:22:08 Image size of job updated: 798332
	538  -  MemoryUsage of job (MB)
	550808  -  ResidentSetSize of job (KB)
...
006 (878315.000.000) 10/28 12:27:09 Image size of job updated: 798332
	546  -  MemoryUsage of job (MB)
	558592  -  ResidentSetSize of job (KB)
...
006 (878315.000.000) 10/28 12:32:09 Image size of job updated: 806268
	546  -  MemoryUsage of job (MB)
	558592  -  ResidentSetSize of job (KB)
...
006 (878315.000.000) 10/28 12:42:10 Image size of job updated: 806268
	555  -  MemoryUsage of job (MB)
	568112  -  ResidentSetSize of job (KB)
...
006 (878315.000.000) 10/28 12:47:11 Image size of job updated: 806268
	566  -  MemoryUsage of job (MB)
	579396  -  ResidentSetSize of job (KB)
...
006 (878315.000.000) 10/28 12:48:57 Image size of job updated: 807800
	566  -  MemoryUsage of job (MB)
	579396  -  ResidentSetSize of job (KB)
...
005 (878315.000.000) 10/28 12:48:57 Job terminated.
	(1) Normal termination (return value 0)
		Usr 0 00:22:49, Sys 0 00:01:23  -  Run Remote Usage
		Usr 0 00:00:00, Sys 0 00:00:00  -  Run Local Usage
		Usr 0 00:22:49, Sys 0 00:01:23  -  Total Remote Usage
		Usr 0 00:00:00, Sys 0 00:00:00  -  Total Local Usage
	0  -  Run Bytes Sent By Job
	0  -  Run Bytes Received By Job
	0  -  Total Bytes Sent By Job
	0  -  Total Bytes Received By Job
	Partitionable Resources :    Usage  Request          
	   Cpus                 :                 1          
	   Disk (KB)            :        1        1          
	   Memory (MB)          :      566      566          
...
