000 (878275.000.000) 10/28 12:02:28 Job submitted from host: <128.120.80.20:33339>
...
001 (878275.000.000) 10/28 12:02:43 Job executing on host: <10.8.255.4:33000>
...
006 (878275.000.000) 10/28 12:02:52 Image size of job updated: 1
	2  -  MemoryUsage of job (MB)
	1652  -  ResidentSetSize of job (KB)
...
006 (878275.000.000) 10/28 12:06:40 Image size of job updated: 753020
	2  -  MemoryUsage of job (MB)
	1652  -  ResidentSetSize of job (KB)
...
004 (878275.000.000) 10/28 12:06:40 Job was evicted.
	(0) Job was not checkpointed.
		Usr 0 00:02:20, Sys 0 00:00:07  -  Run Remote Usage
		Usr 0 00:00:00, Sys 0 00:00:00  -  Run Local Usage
	0  -  Run Bytes Sent By Job
	0  -  Run Bytes Received By Job
	Partitionable Resources :    Usage  Request          
	   Cpus                 :                 1          
	   Disk (KB)            :        1        1          
	   Memory (MB)          :        2        2          
...
009 (878275.000.000) 10/28 12:06:41 Job was aborted by the user.
	via condor_rm (by user kmtos)
...
000 (878325.000.000) 10/28 12:06:53 Job submitted from host: <128.120.80.20:33339>
...
001 (878325.000.000) 10/28 12:06:59 Job executing on host: <10.8.254.9:50776>
...
006 (878325.000.000) 10/28 12:07:08 Image size of job updated: 95312
	7  -  MemoryUsage of job (MB)
	6660  -  ResidentSetSize of job (KB)
...
006 (878325.000.000) 10/28 12:12:08 Image size of job updated: 746636
	509  -  MemoryUsage of job (MB)
	520856  -  ResidentSetSize of job (KB)
...
006 (878325.000.000) 10/28 12:17:08 Image size of job updated: 771980
	520  -  MemoryUsage of job (MB)
	531528  -  ResidentSetSize of job (KB)
...
006 (878325.000.000) 10/28 12:22:09 Image size of job updated: 787596
	539  -  MemoryUsage of job (MB)
	550916  -  ResidentSetSize of job (KB)
...
006 (878325.000.000) 10/28 12:27:10 Image size of job updated: 788364
	539  -  MemoryUsage of job (MB)
	550916  -  ResidentSetSize of job (KB)
...
006 (878325.000.000) 10/28 12:42:12 Image size of job updated: 788364
	546  -  MemoryUsage of job (MB)
	559008  -  ResidentSetSize of job (KB)
...
006 (878325.000.000) 10/28 12:46:10 Image size of job updated: 789388
	546  -  MemoryUsage of job (MB)
	559008  -  ResidentSetSize of job (KB)
...
005 (878325.000.000) 10/28 12:46:10 Job terminated.
	(1) Normal termination (return value 0)
		Usr 0 00:19:04, Sys 0 00:00:45  -  Run Remote Usage
		Usr 0 00:00:00, Sys 0 00:00:00  -  Run Local Usage
		Usr 0 00:19:04, Sys 0 00:00:45  -  Total Remote Usage
		Usr 0 00:00:00, Sys 0 00:00:00  -  Total Local Usage
	0  -  Run Bytes Sent By Job
	0  -  Run Bytes Received By Job
	0  -  Total Bytes Sent By Job
	0  -  Total Bytes Received By Job
	Partitionable Resources :    Usage  Request          
	   Cpus                 :                 1          
	   Disk (KB)            :        1        1          
	   Memory (MB)          :      546      546          
...
