000 (878257.000.000) 10/28 12:02:24 Job submitted from host: <128.120.80.20:33339>
...
007 (878257.000.000) 10/28 12:02:25 Shadow exception!
	Error from slot1@c1-1.cms.tier3.ucdavis.edu: Failed to open '/home/kmtos/NMSSM_Analysis/CMSSW_5_3_11/src/BoostedTauAnalysis/TauAnalyzer/test/z6/Csubmit_tauanalyzer_SingleMu_Run2012B_5_cfg.out' as standard output: No such file or directory (errno 2)
	0  -  Run Bytes Sent By Job
	0  -  Run Bytes Received By Job
...
012 (878257.000.000) 10/28 12:02:25 Job was held.
	Error from slot1@c1-1.cms.tier3.ucdavis.edu: Failed to open '/home/kmtos/NMSSM_Analysis/CMSSW_5_3_11/src/BoostedTauAnalysis/TauAnalyzer/test/z6/Csubmit_tauanalyzer_SingleMu_Run2012B_5_cfg.out' as standard output: No such file or directory (errno 2)
	Code 7 Subcode 2
...
009 (878257.000.000) 10/28 12:06:40 Job was aborted by the user.
	via condor_rm (by user kmtos)
...
000 (878307.000.000) 10/28 12:06:49 Job submitted from host: <128.120.80.20:33339>
...
001 (878307.000.000) 10/28 12:06:58 Job executing on host: <10.8.254.8:45053>
...
006 (878307.000.000) 10/28 12:07:06 Image size of job updated: 122980
	44  -  MemoryUsage of job (MB)
	45024  -  ResidentSetSize of job (KB)
...
006 (878307.000.000) 10/28 12:12:06 Image size of job updated: 750872
	501  -  MemoryUsage of job (MB)
	513012  -  ResidentSetSize of job (KB)
...
006 (878307.000.000) 10/28 12:17:07 Image size of job updated: 767512
	526  -  MemoryUsage of job (MB)
	538448  -  ResidentSetSize of job (KB)
...
006 (878307.000.000) 10/28 12:22:08 Image size of job updated: 772888
	526  -  MemoryUsage of job (MB)
	538448  -  ResidentSetSize of job (KB)
...
006 (878307.000.000) 10/28 12:27:08 Image size of job updated: 774936
	526  -  MemoryUsage of job (MB)
	538448  -  ResidentSetSize of job (KB)
...
005 (878307.000.000) 10/28 12:35:57 Job terminated.
	(1) Normal termination (return value 0)
		Usr 0 00:13:52, Sys 0 00:00:42  -  Run Remote Usage
		Usr 0 00:00:00, Sys 0 00:00:00  -  Run Local Usage
		Usr 0 00:13:52, Sys 0 00:00:42  -  Total Remote Usage
		Usr 0 00:00:00, Sys 0 00:00:00  -  Total Local Usage
	0  -  Run Bytes Sent By Job
	0  -  Run Bytes Received By Job
	0  -  Total Bytes Sent By Job
	0  -  Total Bytes Received By Job
	Partitionable Resources :    Usage  Request          
	   Cpus                 :                 1          
	   Disk (KB)            :        1        1          
	   Memory (MB)          :      526      526          
...
